{"caller":"/main.go:18","level":"info","msg":"logger initialized","time":"2022-08-26 19:03:48"}
{"caller":"/main.go:22","level":"info","msg":"config loading...","time":"2022-08-26 19:03:48"}
{"caller":"/main.go:29","level":"info","msg":"config loaded","time":"2022-08-26 19:03:48"}
{"caller":"/main.go:31","level":"info","msg":"database connecting....","time":"2022-08-26 19:03:48"}
{"caller":"/main.go:46","level":"info","msg":"database connected","time":"2022-08-26 19:03:48"}
{"caller":"/main.go:53","level":"info","msg":"api server initializing","time":"2022-08-26 19:03:48"}
{"caller":"/main.go:18","level":"info","msg":"logger initialized","time":"2022-08-26 19:04:34"}
{"caller":"/main.go:22","level":"info","msg":"config loading...","time":"2022-08-26 19:04:34"}
{"caller":"/main.go:29","level":"info","msg":"config loaded","time":"2022-08-26 19:04:34"}
{"caller":"/main.go:31","level":"info","msg":"database connecting....","time":"2022-08-26 19:04:34"}
{"caller":"/main.go:46","level":"info","msg":"database connected","time":"2022-08-26 19:04:34"}
{"caller":"/main.go:53","level":"info","msg":"api server initializing","time":"2022-08-26 19:04:34"}
{"caller":"/main.go:18","level":"info","msg":"logger initialized","time":"2022-08-26 19:09:44"}
{"caller":"/main.go:22","level":"info","msg":"config loading...","time":"2022-08-26 19:09:44"}
{"caller":"/main.go:29","level":"info","msg":"config loaded","time":"2022-08-26 19:09:44"}
{"caller":"/main.go:31","level":"info","msg":"database connecting....","time":"2022-08-26 19:09:44"}
{"caller":"/main.go:46","level":"info","msg":"database connected","time":"2022-08-26 19:09:44"}
{"caller":"/main.go:53","level":"info","msg":"api server initializing","time":"2022-08-26 19:09:44"}
{"caller":"/main.go:18","level":"info","msg":"logger initialized","time":"2022-08-26 19:25:39"}
{"caller":"/main.go:22","level":"info","msg":"config loading...","time":"2022-08-26 19:25:39"}
{"caller":"/main.go:29","level":"info","msg":"config loaded","time":"2022-08-26 19:25:39"}
{"caller":"/main.go:31","level":"info","msg":"database connecting....","time":"2022-08-26 19:25:39"}
{"caller":"/main.go:46","level":"info","msg":"database connected","time":"2022-08-26 19:25:39"}
{"caller":"/main.go:53","level":"info","msg":"api server initializing","time":"2022-08-26 19:25:39"}
{"caller":"/main.go:18","level":"info","msg":"logger initialized","time":"2022-08-26 19:26:43"}
{"caller":"/main.go:22","level":"info","msg":"config loading...","time":"2022-08-26 19:26:43"}
{"caller":"/main.go:29","level":"info","msg":"config loaded","time":"2022-08-26 19:26:43"}
{"caller":"/main.go:31","level":"info","msg":"database connecting....","time":"2022-08-26 19:26:43"}
{"caller":"/main.go:46","level":"info","msg":"database connected","time":"2022-08-26 19:26:43"}
{"caller":"/main.go:53","level":"info","msg":"api server initializing","time":"2022-08-26 19:26:43"}
{"caller":"/main.go:18","level":"info","msg":"logger initialized","time":"2022-08-26 19:26:50"}
{"caller":"/main.go:22","level":"info","msg":"config loading...","time":"2022-08-26 19:26:50"}
{"caller":"/main.go:29","level":"info","msg":"config loaded","time":"2022-08-26 19:26:50"}
{"caller":"/main.go:31","level":"info","msg":"database connecting....","time":"2022-08-26 19:26:50"}
{"caller":"/main.go:46","level":"info","msg":"database connected","time":"2022-08-26 19:26:50"}
{"caller":"/main.go:53","level":"info","msg":"api server initializing","time":"2022-08-26 19:26:50"}
{"caller":"/main.go:18","level":"info","msg":"logger initialized","time":"2022-08-26 19:26:56"}
{"caller":"/main.go:22","level":"info","msg":"config loading...","time":"2022-08-26 19:26:56"}
{"caller":"/main.go:29","level":"info","msg":"config loaded","time":"2022-08-26 19:26:56"}
{"caller":"/main.go:31","level":"info","msg":"database connecting....","time":"2022-08-26 19:26:56"}
{"caller":"/main.go:46","level":"info","msg":"database connected","time":"2022-08-26 19:26:56"}
{"caller":"/main.go:53","level":"info","msg":"api server initializing","time":"2022-08-26 19:26:56"}
{"caller":"/main.go:18","level":"info","msg":"logger initialized","time":"2022-08-26 19:27:08"}
{"caller":"/main.go:22","level":"info","msg":"config loading...","time":"2022-08-26 19:27:08"}
{"caller":"/main.go:29","level":"info","msg":"config loaded","time":"2022-08-26 19:27:08"}
{"caller":"/main.go:31","level":"info","msg":"database connecting....","time":"2022-08-26 19:27:08"}
{"caller":"/main.go:46","level":"info","msg":"database connected","time":"2022-08-26 19:27:08"}
{"caller":"/main.go:53","level":"info","msg":"api server initializing","time":"2022-08-26 19:27:08"}
{"caller":"/main.go:18","level":"info","msg":"logger initialized","time":"2022-08-26 19:27:27"}
{"caller":"/main.go:22","level":"info","msg":"config loading...","time":"2022-08-26 19:27:27"}
{"caller":"/main.go:29","level":"info","msg":"config loaded","time":"2022-08-26 19:27:27"}
{"caller":"/main.go:31","level":"info","msg":"database connecting....","time":"2022-08-26 19:27:27"}
{"caller":"/main.go:46","level":"info","msg":"database connected","time":"2022-08-26 19:27:27"}
{"caller":"/main.go:53","level":"info","msg":"api server initializing","time":"2022-08-26 19:27:27"}
{"caller":"/main.go:18","level":"info","msg":"logger initialized","time":"2022-08-26 19:27:29"}
{"caller":"/main.go:22","level":"info","msg":"config loading...","time":"2022-08-26 19:27:29"}
{"caller":"/main.go:29","level":"info","msg":"config loaded","time":"2022-08-26 19:27:29"}
{"caller":"/main.go:31","level":"info","msg":"database connecting....","time":"2022-08-26 19:27:29"}
{"caller":"/main.go:46","level":"info","msg":"database connected","time":"2022-08-26 19:27:29"}
{"caller":"/main.go:53","level":"info","msg":"api server initializing","time":"2022-08-26 19:27:29"}
{"caller":"/main.go:18","level":"info","msg":"logger initialized","time":"2022-08-26 19:33:40"}
{"caller":"/main.go:22","level":"info","msg":"config loading...","time":"2022-08-26 19:33:40"}
{"caller":"/main.go:29","level":"info","msg":"config loaded","time":"2022-08-26 19:33:40"}
{"caller":"/main.go:31","level":"info","msg":"database connecting....","time":"2022-08-26 19:33:40"}
{"caller":"/main.go:46","level":"info","msg":"database connected","time":"2022-08-26 19:33:40"}
{"caller":"/main.go:53","level":"info","msg":"api server initializing","time":"2022-08-26 19:33:40"}
{"caller":"/main.go:18","level":"info","msg":"logger initialized","time":"2022-08-26 19:40:46"}
{"caller":"/main.go:22","level":"info","msg":"config loading...","time":"2022-08-26 19:40:46"}
{"caller":"/main.go:29","level":"info","msg":"config loaded","time":"2022-08-26 19:40:46"}
{"caller":"/main.go:31","level":"info","msg":"database connecting....","time":"2022-08-26 19:40:46"}
{"caller":"/main.go:46","level":"info","msg":"database connected","time":"2022-08-26 19:40:46"}
{"caller":"/main.go:53","level":"info","msg":"api server initializing","time":"2022-08-26 19:40:46"}
{"caller":"/main.go:18","level":"info","msg":"logger initialized","time":"2022-08-26 19:40:49"}
{"caller":"/main.go:22","level":"info","msg":"config loading...","time":"2022-08-26 19:40:49"}
{"caller":"/main.go:29","level":"info","msg":"config loaded","time":"2022-08-26 19:40:49"}
{"caller":"/main.go:31","level":"info","msg":"database connecting....","time":"2022-08-26 19:40:49"}
{"caller":"/main.go:46","level":"info","msg":"database connected","time":"2022-08-26 19:40:49"}
{"caller":"/main.go:53","level":"info","msg":"api server initializing","time":"2022-08-26 19:40:49"}
{"caller":"/main.go:18","level":"info","msg":"logger initialized","time":"2022-08-26 19:42:28"}
{"caller":"/main.go:22","level":"info","msg":"config loading...","time":"2022-08-26 19:42:28"}
{"caller":"/main.go:29","level":"info","msg":"config loaded","time":"2022-08-26 19:42:28"}
{"caller":"/main.go:31","level":"info","msg":"database connecting....","time":"2022-08-26 19:42:28"}
{"caller":"/main.go:46","level":"info","msg":"database connected","time":"2022-08-26 19:42:28"}
{"caller":"/main.go:53","level":"info","msg":"api server initializing","time":"2022-08-26 19:42:28"}
{"caller":"/main.go:18","level":"info","msg":"logger initialized","time":"2022-08-26 19:43:20"}
{"caller":"/main.go:22","level":"info","msg":"config loading...","time":"2022-08-26 19:43:20"}
{"caller":"/main.go:29","level":"info","msg":"config loaded","time":"2022-08-26 19:43:20"}
{"caller":"/main.go:31","level":"info","msg":"database connecting....","time":"2022-08-26 19:43:20"}
{"caller":"/main.go:46","level":"info","msg":"database connected","time":"2022-08-26 19:43:20"}
{"caller":"/main.go:53","level":"info","msg":"api server initializing","time":"2022-08-26 19:43:20"}
{"caller":"/main.go:18","level":"info","msg":"logger initialized","time":"2022-08-26 19:43:48"}
{"caller":"/main.go:22","level":"info","msg":"config loading...","time":"2022-08-26 19:43:48"}
{"caller":"/main.go:29","level":"info","msg":"config loaded","time":"2022-08-26 19:43:48"}
{"caller":"/main.go:31","level":"info","msg":"database connecting....","time":"2022-08-26 19:43:48"}
{"caller":"/main.go:46","level":"info","msg":"database connected","time":"2022-08-26 19:43:48"}
{"caller":"/main.go:53","level":"info","msg":"api server initializing","time":"2022-08-26 19:43:48"}
{"caller":"/main.go:18","level":"info","msg":"logger initialized","time":"2022-08-26 19:45:09"}
{"caller":"/main.go:22","level":"info","msg":"config loading...","time":"2022-08-26 19:45:09"}
{"caller":"/main.go:29","level":"info","msg":"config loaded","time":"2022-08-26 19:45:09"}
{"caller":"/main.go:31","level":"info","msg":"database connecting....","time":"2022-08-26 19:45:09"}
{"caller":"/main.go:46","level":"info","msg":"database connected","time":"2022-08-26 19:45:09"}
{"caller":"/main.go:53","level":"info","msg":"api server initializing","time":"2022-08-26 19:45:09"}
{"caller":"/main.go:18","level":"info","msg":"logger initialized","time":"2022-08-26 19:48:38"}
{"caller":"/main.go:22","level":"info","msg":"config loading...","time":"2022-08-26 19:48:38"}
{"caller":"/main.go:29","level":"info","msg":"config loaded","time":"2022-08-26 19:48:38"}
{"caller":"/main.go:31","level":"info","msg":"database connecting....","time":"2022-08-26 19:48:38"}
{"caller":"/main.go:46","level":"info","msg":"database connected","time":"2022-08-26 19:48:38"}
{"caller":"/main.go:53","level":"info","msg":"api server initializing","time":"2022-08-26 19:48:38"}
{"caller":"/main.go:18","level":"info","msg":"logger initialized","time":"2022-08-26 19:49:06"}
{"caller":"/main.go:22","level":"info","msg":"config loading...","time":"2022-08-26 19:49:06"}
{"caller":"/main.go:29","level":"info","msg":"config loaded","time":"2022-08-26 19:49:06"}
{"caller":"/main.go:31","level":"info","msg":"database connecting....","time":"2022-08-26 19:49:06"}
{"caller":"/main.go:46","level":"info","msg":"database connected","time":"2022-08-26 19:49:06"}
{"caller":"/main.go:53","level":"info","msg":"api server initializing","time":"2022-08-26 19:49:06"}
{"caller":"/main.go:18","level":"info","msg":"logger initialized","time":"2022-08-26 19:49:58"}
{"caller":"/main.go:22","level":"info","msg":"config loading...","time":"2022-08-26 19:49:58"}
{"caller":"/main.go:29","level":"info","msg":"config loaded","time":"2022-08-26 19:49:58"}
{"caller":"/main.go:31","level":"info","msg":"database connecting....","time":"2022-08-26 19:49:58"}
{"caller":"/main.go:46","level":"info","msg":"database connected","time":"2022-08-26 19:49:58"}
{"caller":"/main.go:53","level":"info","msg":"api server initializing","time":"2022-08-26 19:49:58"}
{"caller":"/main.go:18","level":"info","msg":"logger initialized","time":"2022-08-26 19:50:51"}
{"caller":"/main.go:22","level":"info","msg":"config loading...","time":"2022-08-26 19:50:51"}
{"caller":"/main.go:29","level":"info","msg":"config loaded","time":"2022-08-26 19:50:51"}
{"caller":"/main.go:31","level":"info","msg":"database connecting....","time":"2022-08-26 19:50:51"}
{"caller":"/main.go:46","level":"info","msg":"database connected","time":"2022-08-26 19:50:51"}
{"caller":"/main.go:53","level":"info","msg":"api server initializing","time":"2022-08-26 19:50:51"}
{"caller":"/main.go:18","level":"info","msg":"logger initialized","time":"2022-08-26 19:51:18"}
{"caller":"/main.go:22","level":"info","msg":"config loading...","time":"2022-08-26 19:51:18"}
{"caller":"/main.go:29","level":"info","msg":"config loaded","time":"2022-08-26 19:51:18"}
{"caller":"/main.go:31","level":"info","msg":"database connecting....","time":"2022-08-26 19:51:18"}
{"caller":"/main.go:46","level":"info","msg":"database connected","time":"2022-08-26 19:51:18"}
{"caller":"/main.go:53","level":"info","msg":"api server initializing","time":"2022-08-26 19:51:18"}
{"caller":"/main.go:18","level":"info","msg":"logger initialized","time":"2022-08-26 19:52:16"}
{"caller":"/main.go:22","level":"info","msg":"config loading...","time":"2022-08-26 19:52:16"}
{"caller":"/main.go:29","level":"info","msg":"config loaded","time":"2022-08-26 19:52:16"}
{"caller":"/main.go:31","level":"info","msg":"database connecting....","time":"2022-08-26 19:52:16"}
{"caller":"/main.go:46","level":"info","msg":"database connected","time":"2022-08-26 19:52:16"}
{"caller":"/main.go:53","level":"info","msg":"api server initializing","time":"2022-08-26 19:52:16"}
{"caller":"/main.go:18","level":"info","msg":"logger initialized","time":"2022-08-26 19:56:49"}
{"caller":"/main.go:22","level":"info","msg":"config loading...","time":"2022-08-26 19:56:49"}
{"caller":"/main.go:29","level":"info","msg":"config loaded","time":"2022-08-26 19:56:49"}
{"caller":"/main.go:31","level":"info","msg":"database connecting....","time":"2022-08-26 19:56:49"}
{"caller":"/main.go:46","level":"info","msg":"database connected","time":"2022-08-26 19:56:49"}
{"caller":"/main.go:53","level":"info","msg":"api server initializing","time":"2022-08-26 19:56:49"}
{"caller":"/main.go:18","level":"info","msg":"logger initialized","time":"2022-08-26 19:59:17"}
{"caller":"/main.go:22","level":"info","msg":"config loading...","time":"2022-08-26 19:59:17"}
{"caller":"/main.go:29","level":"info","msg":"config loaded","time":"2022-08-26 19:59:17"}
{"caller":"/main.go:31","level":"info","msg":"database connecting....","time":"2022-08-26 19:59:17"}
{"caller":"/main.go:46","level":"info","msg":"database connected","time":"2022-08-26 19:59:17"}
{"caller":"/main.go:53","level":"info","msg":"api server initializing","time":"2022-08-26 19:59:17"}
{"caller":"/main.go:18","level":"info","msg":"logger initialized","time":"2022-08-26 20:01:24"}
{"caller":"/main.go:22","level":"info","msg":"config loading...","time":"2022-08-26 20:01:24"}
{"caller":"/main.go:29","level":"info","msg":"config loaded","time":"2022-08-26 20:01:24"}
{"caller":"/main.go:31","level":"info","msg":"database connecting....","time":"2022-08-26 20:01:24"}
{"caller":"/main.go:46","level":"info","msg":"database connected","time":"2022-08-26 20:01:24"}
{"caller":"/main.go:53","level":"info","msg":"api server initializing","time":"2022-08-26 20:01:24"}
{"caller":"/main.go:18","level":"info","msg":"logger initialized","time":"2022-08-26 20:01:33"}
{"caller":"/main.go:22","level":"info","msg":"config loading...","time":"2022-08-26 20:01:33"}
{"caller":"/main.go:29","level":"info","msg":"config loaded","time":"2022-08-26 20:01:33"}
{"caller":"/main.go:31","level":"info","msg":"database connecting....","time":"2022-08-26 20:01:33"}
{"caller":"/main.go:46","level":"info","msg":"database connected","time":"2022-08-26 20:01:33"}
{"caller":"/main.go:53","level":"info","msg":"api server initializing","time":"2022-08-26 20:01:33"}
{"caller":"/main.go:18","level":"info","msg":"logger initialized","time":"2022-08-26 20:02:46"}
{"caller":"/main.go:22","level":"info","msg":"config loading...","time":"2022-08-26 20:02:46"}
{"caller":"/main.go:29","level":"info","msg":"config loaded","time":"2022-08-26 20:02:46"}
{"caller":"/main.go:31","level":"info","msg":"database connecting....","time":"2022-08-26 20:02:46"}
{"caller":"/main.go:46","level":"info","msg":"database connected","time":"2022-08-26 20:02:46"}
{"caller":"/main.go:53","level":"info","msg":"api server initializing","time":"2022-08-26 20:02:46"}
