{"caller":"/main.go:18","level":"info","msg":"logger initialized","time":"2022-08-29 12:31:07"}
{"caller":"/main.go:22","level":"info","msg":"config loading...","time":"2022-08-29 12:31:07"}
{"caller":"/main.go:29","level":"info","msg":"config loaded","time":"2022-08-29 12:31:07"}
{"caller":"/main.go:31","level":"info","msg":"database connecting....","time":"2022-08-29 12:31:07"}
{"caller":"/main.go:46","level":"info","msg":"database connected","time":"2022-08-29 12:31:07"}
{"caller":"/main.go:53","level":"info","msg":"api server initializing","time":"2022-08-29 12:31:07"}
{"caller":"/main.go:18","level":"info","msg":"logger initialized","time":"2022-08-29 12:34:01"}
{"caller":"/main.go:22","level":"info","msg":"config loading...","time":"2022-08-29 12:34:01"}
{"caller":"/main.go:29","level":"info","msg":"config loaded","time":"2022-08-29 12:34:01"}
{"caller":"/main.go:31","level":"info","msg":"database connecting....","time":"2022-08-29 12:34:01"}
{"caller":"/main.go:46","level":"info","msg":"database connected","time":"2022-08-29 12:34:01"}
{"caller":"/main.go:53","level":"info","msg":"api server initializing","time":"2022-08-29 12:34:01"}
{"caller":"/main.go:18","level":"info","msg":"logger initialized","time":"2022-08-29 12:34:10"}
{"caller":"/main.go:22","level":"info","msg":"config loading...","time":"2022-08-29 12:34:10"}
{"caller":"/main.go:29","level":"info","msg":"config loaded","time":"2022-08-29 12:34:10"}
{"caller":"/main.go:31","level":"info","msg":"database connecting....","time":"2022-08-29 12:34:10"}
{"caller":"/main.go:46","level":"info","msg":"database connected","time":"2022-08-29 12:34:10"}
{"caller":"/main.go:53","level":"info","msg":"api server initializing","time":"2022-08-29 12:34:10"}
{"caller":"/main.go:18","level":"info","msg":"logger initialized","time":"2022-08-29 12:34:12"}
{"caller":"/main.go:22","level":"info","msg":"config loading...","time":"2022-08-29 12:34:12"}
{"caller":"/main.go:29","level":"info","msg":"config loaded","time":"2022-08-29 12:34:12"}
{"caller":"/main.go:31","level":"info","msg":"database connecting....","time":"2022-08-29 12:34:12"}
{"caller":"/main.go:46","level":"info","msg":"database connected","time":"2022-08-29 12:34:12"}
{"caller":"/main.go:53","level":"info","msg":"api server initializing","time":"2022-08-29 12:34:12"}
{"caller":"/main.go:18","level":"info","msg":"logger initialized","time":"2022-08-29 12:35:37"}
{"caller":"/main.go:22","level":"info","msg":"config loading...","time":"2022-08-29 12:35:37"}
{"caller":"/main.go:29","level":"info","msg":"config loaded","time":"2022-08-29 12:35:37"}
{"caller":"/main.go:31","level":"info","msg":"database connecting....","time":"2022-08-29 12:35:37"}
{"caller":"/main.go:46","level":"info","msg":"database connected","time":"2022-08-29 12:35:37"}
{"caller":"/main.go:53","level":"info","msg":"api server initializing","time":"2022-08-29 12:35:37"}
{"caller":"/main.go:18","level":"info","msg":"logger initialized","time":"2022-08-29 12:37:50"}
{"caller":"/main.go:22","level":"info","msg":"config loading...","time":"2022-08-29 12:37:50"}
{"caller":"/main.go:29","level":"info","msg":"config loaded","time":"2022-08-29 12:37:50"}
{"caller":"/main.go:31","level":"info","msg":"database connecting....","time":"2022-08-29 12:37:50"}
{"caller":"/main.go:46","level":"info","msg":"database connected","time":"2022-08-29 12:37:50"}
{"caller":"/main.go:53","level":"info","msg":"api server initializing","time":"2022-08-29 12:37:50"}
{"caller":"/main.go:18","level":"info","msg":"logger initialized","time":"2022-08-29 12:38:03"}
{"caller":"/main.go:22","level":"info","msg":"config loading...","time":"2022-08-29 12:38:03"}
{"caller":"/main.go:29","level":"info","msg":"config loaded","time":"2022-08-29 12:38:03"}
{"caller":"/main.go:31","level":"info","msg":"database connecting....","time":"2022-08-29 12:38:03"}
{"caller":"/main.go:46","level":"info","msg":"database connected","time":"2022-08-29 12:38:03"}
{"caller":"/main.go:53","level":"info","msg":"api server initializing","time":"2022-08-29 12:38:03"}
{"caller":"/main.go:18","level":"info","msg":"logger initialized","time":"2022-08-29 12:38:46"}
{"caller":"/main.go:22","level":"info","msg":"config loading...","time":"2022-08-29 12:38:46"}
{"caller":"/main.go:29","level":"info","msg":"config loaded","time":"2022-08-29 12:38:46"}
{"caller":"/main.go:31","level":"info","msg":"database connecting....","time":"2022-08-29 12:38:46"}
{"caller":"/main.go:46","level":"info","msg":"database connected","time":"2022-08-29 12:38:46"}
{"caller":"/main.go:53","level":"info","msg":"api server initializing","time":"2022-08-29 12:38:46"}
{"caller":"/main.go:18","level":"info","msg":"logger initialized","time":"2022-08-29 12:39:03"}
{"caller":"/main.go:22","level":"info","msg":"config loading...","time":"2022-08-29 12:39:03"}
{"caller":"/main.go:29","level":"info","msg":"config loaded","time":"2022-08-29 12:39:03"}
{"caller":"/main.go:31","level":"info","msg":"database connecting....","time":"2022-08-29 12:39:03"}
{"caller":"/main.go:46","level":"info","msg":"database connected","time":"2022-08-29 12:39:03"}
{"caller":"/main.go:53","level":"info","msg":"api server initializing","time":"2022-08-29 12:39:03"}
{"caller":"/main.go:18","level":"info","msg":"logger initialized","time":"2022-08-29 12:39:58"}
{"caller":"/main.go:22","level":"info","msg":"config loading...","time":"2022-08-29 12:39:58"}
{"caller":"/main.go:29","level":"info","msg":"config loaded","time":"2022-08-29 12:39:58"}
{"caller":"/main.go:31","level":"info","msg":"database connecting....","time":"2022-08-29 12:39:58"}
{"caller":"/main.go:46","level":"info","msg":"database connected","time":"2022-08-29 12:39:58"}
{"caller":"/main.go:53","level":"info","msg":"api server initializing","time":"2022-08-29 12:39:58"}
{"caller":"/main.go:18","level":"info","msg":"logger initialized","time":"2022-08-29 12:41:51"}
{"caller":"/main.go:22","level":"info","msg":"config loading...","time":"2022-08-29 12:41:51"}
{"caller":"/main.go:29","level":"info","msg":"config loaded","time":"2022-08-29 12:41:51"}
{"caller":"/main.go:31","level":"info","msg":"database connecting....","time":"2022-08-29 12:41:51"}
{"caller":"/main.go:46","level":"info","msg":"database connected","time":"2022-08-29 12:41:51"}
{"caller":"/main.go:53","level":"info","msg":"api server initializing","time":"2022-08-29 12:41:51"}
{"caller":"/main.go:18","level":"info","msg":"logger initialized","time":"2022-08-29 12:41:56"}
{"caller":"/main.go:22","level":"info","msg":"config loading...","time":"2022-08-29 12:41:56"}
{"caller":"/main.go:29","level":"info","msg":"config loaded","time":"2022-08-29 12:41:56"}
{"caller":"/main.go:31","level":"info","msg":"database connecting....","time":"2022-08-29 12:41:56"}
{"caller":"/main.go:46","level":"info","msg":"database connected","time":"2022-08-29 12:41:56"}
{"caller":"/main.go:53","level":"info","msg":"api server initializing","time":"2022-08-29 12:41:56"}
{"caller":"/main.go:18","level":"info","msg":"logger initialized","time":"2022-08-29 12:42:02"}
{"caller":"/main.go:22","level":"info","msg":"config loading...","time":"2022-08-29 12:42:02"}
{"caller":"/main.go:29","level":"info","msg":"config loaded","time":"2022-08-29 12:42:02"}
{"caller":"/main.go:31","level":"info","msg":"database connecting....","time":"2022-08-29 12:42:02"}
{"caller":"/main.go:46","level":"info","msg":"database connected","time":"2022-08-29 12:42:02"}
{"caller":"/main.go:53","level":"info","msg":"api server initializing","time":"2022-08-29 12:42:02"}
{"caller":"/main.go:18","level":"info","msg":"logger initialized","time":"2022-08-29 12:42:05"}
{"caller":"/main.go:22","level":"info","msg":"config loading...","time":"2022-08-29 12:42:05"}
{"caller":"/main.go:29","level":"info","msg":"config loaded","time":"2022-08-29 12:42:05"}
{"caller":"/main.go:31","level":"info","msg":"database connecting....","time":"2022-08-29 12:42:05"}
{"caller":"/main.go:46","level":"info","msg":"database connected","time":"2022-08-29 12:42:05"}
{"caller":"/main.go:53","level":"info","msg":"api server initializing","time":"2022-08-29 12:42:05"}
{"caller":"/main.go:18","level":"info","msg":"logger initialized","time":"2022-08-29 12:42:11"}
{"caller":"/main.go:22","level":"info","msg":"config loading...","time":"2022-08-29 12:42:11"}
{"caller":"/main.go:29","level":"info","msg":"config loaded","time":"2022-08-29 12:42:11"}
{"caller":"/main.go:31","level":"info","msg":"database connecting....","time":"2022-08-29 12:42:11"}
{"caller":"/main.go:46","level":"info","msg":"database connected","time":"2022-08-29 12:42:11"}
{"caller":"/main.go:53","level":"info","msg":"api server initializing","time":"2022-08-29 12:42:11"}
{"caller":"/main.go:18","level":"info","msg":"logger initialized","time":"2022-08-29 12:48:21"}
{"caller":"/main.go:22","level":"info","msg":"config loading...","time":"2022-08-29 12:48:21"}
{"caller":"/main.go:29","level":"info","msg":"config loaded","time":"2022-08-29 12:48:21"}
{"caller":"/main.go:31","level":"info","msg":"database connecting....","time":"2022-08-29 12:48:21"}
{"caller":"/main.go:46","level":"info","msg":"database connected","time":"2022-08-29 12:48:21"}
{"caller":"/main.go:53","level":"info","msg":"api server initializing","time":"2022-08-29 12:48:21"}
{"caller":"/main.go:18","level":"info","msg":"logger initialized","time":"2022-08-29 12:48:25"}
{"caller":"/main.go:22","level":"info","msg":"config loading...","time":"2022-08-29 12:48:25"}
{"caller":"/main.go:29","level":"info","msg":"config loaded","time":"2022-08-29 12:48:25"}
{"caller":"/main.go:31","level":"info","msg":"database connecting....","time":"2022-08-29 12:48:25"}
{"caller":"/main.go:46","level":"info","msg":"database connected","time":"2022-08-29 12:48:25"}
{"caller":"/main.go:53","level":"info","msg":"api server initializing","time":"2022-08-29 12:48:25"}
{"caller":"/main.go:18","level":"info","msg":"logger initialized","time":"2022-08-29 12:48:45"}
{"caller":"/main.go:22","level":"info","msg":"config loading...","time":"2022-08-29 12:48:45"}
{"caller":"/main.go:29","level":"info","msg":"config loaded","time":"2022-08-29 12:48:45"}
{"caller":"/main.go:31","level":"info","msg":"database connecting....","time":"2022-08-29 12:48:45"}
{"caller":"/main.go:46","level":"info","msg":"database connected","time":"2022-08-29 12:48:45"}
{"caller":"/main.go:53","level":"info","msg":"api server initializing","time":"2022-08-29 12:48:45"}
{"caller":"/main.go:18","level":"info","msg":"logger initialized","time":"2022-08-29 13:10:27"}
{"caller":"/main.go:22","level":"info","msg":"config loading...","time":"2022-08-29 13:10:27"}
{"caller":"/main.go:29","level":"info","msg":"config loaded","time":"2022-08-29 13:10:27"}
{"caller":"/main.go:31","level":"info","msg":"database connecting....","time":"2022-08-29 13:10:27"}
{"caller":"/main.go:46","level":"info","msg":"database connected","time":"2022-08-29 13:10:27"}
{"caller":"/main.go:53","level":"info","msg":"api server initializing","time":"2022-08-29 13:10:27"}
{"caller":"/main.go:18","level":"info","msg":"logger initialized","time":"2022-08-29 13:10:47"}
{"caller":"/main.go:22","level":"info","msg":"config loading...","time":"2022-08-29 13:10:47"}
{"caller":"/main.go:29","level":"info","msg":"config loaded","time":"2022-08-29 13:10:47"}
{"caller":"/main.go:31","level":"info","msg":"database connecting....","time":"2022-08-29 13:10:47"}
{"caller":"/main.go:46","level":"info","msg":"database connected","time":"2022-08-29 13:10:47"}
{"caller":"/main.go:53","level":"info","msg":"api server initializing","time":"2022-08-29 13:10:47"}
{"caller":"/main.go:18","level":"info","msg":"logger initialized","time":"2022-08-29 13:11:28"}
{"caller":"/main.go:22","level":"info","msg":"config loading...","time":"2022-08-29 13:11:28"}
{"caller":"/main.go:29","level":"info","msg":"config loaded","time":"2022-08-29 13:11:28"}
{"caller":"/main.go:31","level":"info","msg":"database connecting....","time":"2022-08-29 13:11:28"}
{"caller":"/main.go:46","level":"info","msg":"database connected","time":"2022-08-29 13:11:28"}
{"caller":"/main.go:53","level":"info","msg":"api server initializing","time":"2022-08-29 13:11:28"}
{"caller":"/main.go:18","level":"info","msg":"logger initialized","time":"2022-08-29 13:11:53"}
{"caller":"/main.go:22","level":"info","msg":"config loading...","time":"2022-08-29 13:11:53"}
{"caller":"/main.go:29","level":"info","msg":"config loaded","time":"2022-08-29 13:11:53"}
{"caller":"/main.go:31","level":"info","msg":"database connecting....","time":"2022-08-29 13:11:53"}
{"caller":"/main.go:46","level":"info","msg":"database connected","time":"2022-08-29 13:11:53"}
{"caller":"/main.go:53","level":"info","msg":"api server initializing","time":"2022-08-29 13:11:53"}
{"caller":"/main.go:18","level":"info","msg":"logger initialized","time":"2022-08-29 13:11:57"}
{"caller":"/main.go:22","level":"info","msg":"config loading...","time":"2022-08-29 13:11:57"}
{"caller":"/main.go:29","level":"info","msg":"config loaded","time":"2022-08-29 13:11:57"}
{"caller":"/main.go:31","level":"info","msg":"database connecting....","time":"2022-08-29 13:11:57"}
{"caller":"/main.go:46","level":"info","msg":"database connected","time":"2022-08-29 13:11:57"}
{"caller":"/main.go:53","level":"info","msg":"api server initializing","time":"2022-08-29 13:11:57"}
{"caller":"/main.go:18","level":"info","msg":"logger initialized","time":"2022-08-29 13:14:57"}
{"caller":"/main.go:22","level":"info","msg":"config loading...","time":"2022-08-29 13:14:57"}
{"caller":"/main.go:29","level":"info","msg":"config loaded","time":"2022-08-29 13:14:57"}
{"caller":"/main.go:31","level":"info","msg":"database connecting....","time":"2022-08-29 13:14:57"}
{"caller":"/main.go:46","level":"info","msg":"database connected","time":"2022-08-29 13:14:57"}
{"caller":"/main.go:53","level":"info","msg":"api server initializing","time":"2022-08-29 13:14:57"}
{"caller":"/main.go:18","level":"info","msg":"logger initialized","time":"2022-08-29 13:15:00"}
{"caller":"/main.go:22","level":"info","msg":"config loading...","time":"2022-08-29 13:15:00"}
{"caller":"/main.go:29","level":"info","msg":"config loaded","time":"2022-08-29 13:15:00"}
{"caller":"/main.go:31","level":"info","msg":"database connecting....","time":"2022-08-29 13:15:00"}
{"caller":"/main.go:46","level":"info","msg":"database connected","time":"2022-08-29 13:15:00"}
{"caller":"/main.go:53","level":"info","msg":"api server initializing","time":"2022-08-29 13:15:00"}
{"caller":"/main.go:18","level":"info","msg":"logger initialized","time":"2022-08-29 13:15:14"}
{"caller":"/main.go:22","level":"info","msg":"config loading...","time":"2022-08-29 13:15:14"}
{"caller":"/main.go:29","level":"info","msg":"config loaded","time":"2022-08-29 13:15:14"}
{"caller":"/main.go:31","level":"info","msg":"database connecting....","time":"2022-08-29 13:15:14"}
{"caller":"/main.go:46","level":"info","msg":"database connected","time":"2022-08-29 13:15:14"}
{"caller":"/main.go:53","level":"info","msg":"api server initializing","time":"2022-08-29 13:15:14"}
{"caller":"/main.go:18","level":"info","msg":"logger initialized","time":"2022-08-29 13:15:37"}
{"caller":"/main.go:22","level":"info","msg":"config loading...","time":"2022-08-29 13:15:37"}
{"caller":"/main.go:29","level":"info","msg":"config loaded","time":"2022-08-29 13:15:37"}
{"caller":"/main.go:31","level":"info","msg":"database connecting....","time":"2022-08-29 13:15:37"}
{"caller":"/main.go:46","level":"info","msg":"database connected","time":"2022-08-29 13:15:37"}
{"caller":"/main.go:53","level":"info","msg":"api server initializing","time":"2022-08-29 13:15:37"}
{"caller":"/main.go:18","level":"info","msg":"logger initialized","time":"2022-08-29 13:15:46"}
{"caller":"/main.go:22","level":"info","msg":"config loading...","time":"2022-08-29 13:15:46"}
{"caller":"/main.go:29","level":"info","msg":"config loaded","time":"2022-08-29 13:15:46"}
{"caller":"/main.go:31","level":"info","msg":"database connecting....","time":"2022-08-29 13:15:46"}
{"caller":"/main.go:46","level":"info","msg":"database connected","time":"2022-08-29 13:15:46"}
{"caller":"/main.go:53","level":"info","msg":"api server initializing","time":"2022-08-29 13:15:46"}
{"caller":"/main.go:18","level":"info","msg":"logger initialized","time":"2022-08-29 13:16:04"}
{"caller":"/main.go:22","level":"info","msg":"config loading...","time":"2022-08-29 13:16:04"}
{"caller":"/main.go:29","level":"info","msg":"config loaded","time":"2022-08-29 13:16:04"}
{"caller":"/main.go:31","level":"info","msg":"database connecting....","time":"2022-08-29 13:16:04"}
{"caller":"/main.go:46","level":"info","msg":"database connected","time":"2022-08-29 13:16:04"}
{"caller":"/main.go:53","level":"info","msg":"api server initializing","time":"2022-08-29 13:16:04"}
{"caller":"/main.go:18","level":"info","msg":"logger initialized","time":"2022-08-29 13:16:18"}
{"caller":"/main.go:22","level":"info","msg":"config loading...","time":"2022-08-29 13:16:18"}
{"caller":"/main.go:29","level":"info","msg":"config loaded","time":"2022-08-29 13:16:18"}
{"caller":"/main.go:31","level":"info","msg":"database connecting....","time":"2022-08-29 13:16:18"}
{"caller":"/main.go:46","level":"info","msg":"database connected","time":"2022-08-29 13:16:18"}
{"caller":"/main.go:53","level":"info","msg":"api server initializing","time":"2022-08-29 13:16:18"}
{"caller":"/main.go:18","level":"info","msg":"logger initialized","time":"2022-08-29 13:19:40"}
{"caller":"/main.go:22","level":"info","msg":"config loading...","time":"2022-08-29 13:19:40"}
{"caller":"/main.go:29","level":"info","msg":"config loaded","time":"2022-08-29 13:19:40"}
{"caller":"/main.go:31","level":"info","msg":"database connecting....","time":"2022-08-29 13:19:40"}
{"caller":"/main.go:46","level":"info","msg":"database connected","time":"2022-08-29 13:19:40"}
{"caller":"/main.go:53","level":"info","msg":"api server initializing","time":"2022-08-29 13:19:40"}
{"caller":"/main.go:18","level":"info","msg":"logger initialized","time":"2022-08-29 13:19:41"}
{"caller":"/main.go:22","level":"info","msg":"config loading...","time":"2022-08-29 13:19:41"}
{"caller":"/main.go:29","level":"info","msg":"config loaded","time":"2022-08-29 13:19:41"}
{"caller":"/main.go:31","level":"info","msg":"database connecting....","time":"2022-08-29 13:19:41"}
{"caller":"/main.go:46","level":"info","msg":"database connected","time":"2022-08-29 13:19:41"}
{"caller":"/main.go:53","level":"info","msg":"api server initializing","time":"2022-08-29 13:19:41"}
{"caller":"/main.go:18","level":"info","msg":"logger initialized","time":"2022-08-29 13:19:50"}
{"caller":"/main.go:22","level":"info","msg":"config loading...","time":"2022-08-29 13:19:50"}
{"caller":"/main.go:29","level":"info","msg":"config loaded","time":"2022-08-29 13:19:50"}
{"caller":"/main.go:31","level":"info","msg":"database connecting....","time":"2022-08-29 13:19:50"}
{"caller":"/main.go:46","level":"info","msg":"database connected","time":"2022-08-29 13:19:50"}
{"caller":"/main.go:53","level":"info","msg":"api server initializing","time":"2022-08-29 13:19:50"}
{"caller":"/main.go:18","level":"info","msg":"logger initialized","time":"2022-08-29 13:20:11"}
{"caller":"/main.go:22","level":"info","msg":"config loading...","time":"2022-08-29 13:20:11"}
{"caller":"/main.go:29","level":"info","msg":"config loaded","time":"2022-08-29 13:20:11"}
{"caller":"/main.go:31","level":"info","msg":"database connecting....","time":"2022-08-29 13:20:11"}
{"caller":"/main.go:46","level":"info","msg":"database connected","time":"2022-08-29 13:20:11"}
{"caller":"/main.go:53","level":"info","msg":"api server initializing","time":"2022-08-29 13:20:11"}
{"caller":"/main.go:18","level":"info","msg":"logger initialized","time":"2022-08-29 13:20:28"}
{"caller":"/main.go:22","level":"info","msg":"config loading...","time":"2022-08-29 13:20:28"}
{"caller":"/main.go:29","level":"info","msg":"config loaded","time":"2022-08-29 13:20:28"}
{"caller":"/main.go:31","level":"info","msg":"database connecting....","time":"2022-08-29 13:20:28"}
{"caller":"/main.go:46","level":"info","msg":"database connected","time":"2022-08-29 13:20:28"}
{"caller":"/main.go:53","level":"info","msg":"api server initializing","time":"2022-08-29 13:20:28"}
{"caller":"/main.go:18","level":"info","msg":"logger initialized","time":"2022-08-29 13:24:13"}
{"caller":"/main.go:22","level":"info","msg":"config loading...","time":"2022-08-29 13:24:13"}
{"caller":"/main.go:29","level":"info","msg":"config loaded","time":"2022-08-29 13:24:13"}
{"caller":"/main.go:31","level":"info","msg":"database connecting....","time":"2022-08-29 13:24:13"}
{"caller":"/main.go:46","level":"info","msg":"database connected","time":"2022-08-29 13:24:13"}
{"caller":"/main.go:53","level":"info","msg":"api server initializing","time":"2022-08-29 13:24:13"}
{"caller":"/main.go:18","level":"info","msg":"logger initialized","time":"2022-08-29 13:24:31"}
{"caller":"/main.go:22","level":"info","msg":"config loading...","time":"2022-08-29 13:24:31"}
{"caller":"/main.go:29","level":"info","msg":"config loaded","time":"2022-08-29 13:24:31"}
{"caller":"/main.go:31","level":"info","msg":"database connecting....","time":"2022-08-29 13:24:31"}
{"caller":"/main.go:46","level":"info","msg":"database connected","time":"2022-08-29 13:24:31"}
{"caller":"/main.go:53","level":"info","msg":"api server initializing","time":"2022-08-29 13:24:31"}
{"caller":"/main.go:18","level":"info","msg":"logger initialized","time":"2022-08-29 13:27:33"}
{"caller":"/main.go:22","level":"info","msg":"config loading...","time":"2022-08-29 13:27:33"}
{"caller":"/main.go:29","level":"info","msg":"config loaded","time":"2022-08-29 13:27:33"}
{"caller":"/main.go:31","level":"info","msg":"database connecting....","time":"2022-08-29 13:27:33"}
{"caller":"/main.go:46","level":"info","msg":"database connected","time":"2022-08-29 13:27:33"}
{"caller":"/main.go:53","level":"info","msg":"api server initializing","time":"2022-08-29 13:27:33"}
{"caller":"/main.go:18","level":"info","msg":"logger initialized","time":"2022-08-29 13:29:40"}
{"caller":"/main.go:22","level":"info","msg":"config loading...","time":"2022-08-29 13:29:40"}
{"caller":"/main.go:29","level":"info","msg":"config loaded","time":"2022-08-29 13:29:40"}
{"caller":"/main.go:31","level":"info","msg":"database connecting....","time":"2022-08-29 13:29:40"}
{"caller":"/main.go:46","level":"info","msg":"database connected","time":"2022-08-29 13:29:40"}
{"caller":"/main.go:53","level":"info","msg":"api server initializing","time":"2022-08-29 13:29:40"}
{"caller":"/main.go:18","level":"info","msg":"logger initialized","time":"2022-08-29 13:29:52"}
{"caller":"/main.go:22","level":"info","msg":"config loading...","time":"2022-08-29 13:29:52"}
{"caller":"/main.go:29","level":"info","msg":"config loaded","time":"2022-08-29 13:29:52"}
{"caller":"/main.go:31","level":"info","msg":"database connecting....","time":"2022-08-29 13:29:52"}
{"caller":"/main.go:46","level":"info","msg":"database connected","time":"2022-08-29 13:29:52"}
{"caller":"/main.go:53","level":"info","msg":"api server initializing","time":"2022-08-29 13:29:52"}
{"caller":"/main.go:18","level":"info","msg":"logger initialized","time":"2022-08-29 13:31:47"}
{"caller":"/main.go:22","level":"info","msg":"config loading...","time":"2022-08-29 13:31:47"}
{"caller":"/main.go:29","level":"info","msg":"config loaded","time":"2022-08-29 13:31:47"}
{"caller":"/main.go:31","level":"info","msg":"database connecting....","time":"2022-08-29 13:31:47"}
{"caller":"/main.go:46","level":"info","msg":"database connected","time":"2022-08-29 13:31:47"}
{"caller":"/main.go:53","level":"info","msg":"api server initializing","time":"2022-08-29 13:31:47"}
{"caller":"/main.go:18","level":"info","msg":"logger initialized","time":"2022-08-29 13:32:18"}
{"caller":"/main.go:22","level":"info","msg":"config loading...","time":"2022-08-29 13:32:18"}
{"caller":"/main.go:29","level":"info","msg":"config loaded","time":"2022-08-29 13:32:18"}
{"caller":"/main.go:31","level":"info","msg":"database connecting....","time":"2022-08-29 13:32:18"}
{"caller":"/main.go:46","level":"info","msg":"database connected","time":"2022-08-29 13:32:18"}
{"caller":"/main.go:53","level":"info","msg":"api server initializing","time":"2022-08-29 13:32:18"}
{"caller":"/main.go:18","level":"info","msg":"logger initialized","time":"2022-08-29 13:34:18"}
{"caller":"/main.go:22","level":"info","msg":"config loading...","time":"2022-08-29 13:34:18"}
{"caller":"/main.go:29","level":"info","msg":"config loaded","time":"2022-08-29 13:34:18"}
{"caller":"/main.go:31","level":"info","msg":"database connecting....","time":"2022-08-29 13:34:18"}
{"caller":"/main.go:46","level":"info","msg":"database connected","time":"2022-08-29 13:34:18"}
{"caller":"/main.go:53","level":"info","msg":"api server initializing","time":"2022-08-29 13:34:18"}
{"caller":"/main.go:18","level":"info","msg":"logger initialized","time":"2022-08-29 13:35:23"}
{"caller":"/main.go:22","level":"info","msg":"config loading...","time":"2022-08-29 13:35:23"}
{"caller":"/main.go:29","level":"info","msg":"config loaded","time":"2022-08-29 13:35:23"}
{"caller":"/main.go:31","level":"info","msg":"database connecting....","time":"2022-08-29 13:35:23"}
{"caller":"/main.go:46","level":"info","msg":"database connected","time":"2022-08-29 13:35:23"}
{"caller":"/main.go:53","level":"info","msg":"api server initializing","time":"2022-08-29 13:35:23"}
{"caller":"/main.go:18","level":"info","msg":"logger initialized","time":"2022-08-29 13:35:46"}
{"caller":"/main.go:22","level":"info","msg":"config loading...","time":"2022-08-29 13:35:46"}
{"caller":"/main.go:29","level":"info","msg":"config loaded","time":"2022-08-29 13:35:46"}
{"caller":"/main.go:31","level":"info","msg":"database connecting....","time":"2022-08-29 13:35:46"}
{"caller":"/main.go:46","level":"info","msg":"database connected","time":"2022-08-29 13:35:46"}
{"caller":"/main.go:53","level":"info","msg":"api server initializing","time":"2022-08-29 13:35:46"}
{"caller":"/main.go:18","level":"info","msg":"logger initialized","time":"2022-08-29 13:41:06"}
{"caller":"/main.go:22","level":"info","msg":"config loading...","time":"2022-08-29 13:41:06"}
{"caller":"/main.go:29","level":"info","msg":"config loaded","time":"2022-08-29 13:41:06"}
{"caller":"/main.go:31","level":"info","msg":"database connecting....","time":"2022-08-29 13:41:06"}
{"caller":"/main.go:46","level":"info","msg":"database connected","time":"2022-08-29 13:41:06"}
{"caller":"/main.go:53","level":"info","msg":"api server initializing","time":"2022-08-29 13:41:06"}
{"caller":"/main.go:18","level":"info","msg":"logger initialized","time":"2022-08-29 13:42:05"}
{"caller":"/main.go:22","level":"info","msg":"config loading...","time":"2022-08-29 13:42:05"}
{"caller":"/main.go:29","level":"info","msg":"config loaded","time":"2022-08-29 13:42:05"}
{"caller":"/main.go:31","level":"info","msg":"database connecting....","time":"2022-08-29 13:42:05"}
{"caller":"/main.go:46","level":"info","msg":"database connected","time":"2022-08-29 13:42:05"}
{"caller":"/main.go:53","level":"info","msg":"api server initializing","time":"2022-08-29 13:42:05"}
{"caller":"/main.go:18","level":"info","msg":"logger initialized","time":"2022-08-29 16:11:28"}
{"caller":"/main.go:22","level":"info","msg":"config loading...","time":"2022-08-29 16:11:28"}
{"caller":"/main.go:29","level":"info","msg":"config loaded","time":"2022-08-29 16:11:28"}
{"caller":"/main.go:31","level":"info","msg":"database connecting....","time":"2022-08-29 16:11:28"}
{"caller":"/main.go:46","level":"info","msg":"database connected","time":"2022-08-29 16:11:28"}
{"caller":"/main.go:53","level":"info","msg":"api server initializing","time":"2022-08-29 16:11:28"}
{"caller":"/main.go:18","level":"info","msg":"logger initialized","time":"2022-08-29 16:11:46"}
{"caller":"/main.go:22","level":"info","msg":"config loading...","time":"2022-08-29 16:11:46"}
{"caller":"/main.go:29","level":"info","msg":"config loaded","time":"2022-08-29 16:11:46"}
{"caller":"/main.go:31","level":"info","msg":"database connecting....","time":"2022-08-29 16:11:46"}
{"caller":"/main.go:46","level":"info","msg":"database connected","time":"2022-08-29 16:11:46"}
{"caller":"/main.go:53","level":"info","msg":"api server initializing","time":"2022-08-29 16:11:46"}
{"caller":"/main.go:18","level":"info","msg":"logger initialized","time":"2022-08-29 16:20:54"}
{"caller":"/main.go:22","level":"info","msg":"config loading...","time":"2022-08-29 16:20:54"}
{"caller":"/main.go:29","level":"info","msg":"config loaded","time":"2022-08-29 16:20:54"}
{"caller":"/main.go:31","level":"info","msg":"database connecting....","time":"2022-08-29 16:20:54"}
{"caller":"/main.go:46","level":"info","msg":"database connected","time":"2022-08-29 16:20:54"}
{"caller":"/main.go:53","level":"info","msg":"api server initializing","time":"2022-08-29 16:20:54"}
{"caller":"/main.go:18","level":"info","msg":"logger initialized","time":"2022-08-29 16:22:02"}
{"caller":"/main.go:22","level":"info","msg":"config loading...","time":"2022-08-29 16:22:02"}
{"caller":"/main.go:29","level":"info","msg":"config loaded","time":"2022-08-29 16:22:02"}
{"caller":"/main.go:31","level":"info","msg":"database connecting....","time":"2022-08-29 16:22:02"}
{"caller":"/main.go:46","level":"info","msg":"database connected","time":"2022-08-29 16:22:02"}
{"caller":"/main.go:53","level":"info","msg":"api server initializing","time":"2022-08-29 16:22:02"}
{"caller":"/main.go:18","level":"info","msg":"logger initialized","time":"2022-08-29 16:22:55"}
{"caller":"/main.go:22","level":"info","msg":"config loading...","time":"2022-08-29 16:22:55"}
{"caller":"/main.go:29","level":"info","msg":"config loaded","time":"2022-08-29 16:22:55"}
{"caller":"/main.go:31","level":"info","msg":"database connecting....","time":"2022-08-29 16:22:55"}
{"caller":"/main.go:46","level":"info","msg":"database connected","time":"2022-08-29 16:22:55"}
{"caller":"/main.go:53","level":"info","msg":"api server initializing","time":"2022-08-29 16:22:55"}
{"caller":"/main.go:18","level":"info","msg":"logger initialized","time":"2022-08-29 16:22:59"}
{"caller":"/main.go:22","level":"info","msg":"config loading...","time":"2022-08-29 16:22:59"}
{"caller":"/main.go:29","level":"info","msg":"config loaded","time":"2022-08-29 16:22:59"}
{"caller":"/main.go:31","level":"info","msg":"database connecting....","time":"2022-08-29 16:22:59"}
{"caller":"/main.go:46","level":"info","msg":"database connected","time":"2022-08-29 16:22:59"}
{"caller":"/main.go:53","level":"info","msg":"api server initializing","time":"2022-08-29 16:22:59"}
{"caller":"/main.go:18","level":"info","msg":"logger initialized","time":"2022-08-29 16:24:04"}
{"caller":"/main.go:22","level":"info","msg":"config loading...","time":"2022-08-29 16:24:04"}
{"caller":"/main.go:29","level":"info","msg":"config loaded","time":"2022-08-29 16:24:04"}
{"caller":"/main.go:31","level":"info","msg":"database connecting....","time":"2022-08-29 16:24:04"}
{"caller":"/main.go:46","level":"info","msg":"database connected","time":"2022-08-29 16:24:04"}
{"caller":"/main.go:53","level":"info","msg":"api server initializing","time":"2022-08-29 16:24:04"}
{"caller":"/main.go:18","level":"info","msg":"logger initialized","time":"2022-08-29 16:24:12"}
{"caller":"/main.go:22","level":"info","msg":"config loading...","time":"2022-08-29 16:24:12"}
{"caller":"/main.go:29","level":"info","msg":"config loaded","time":"2022-08-29 16:24:12"}
{"caller":"/main.go:31","level":"info","msg":"database connecting....","time":"2022-08-29 16:24:12"}
{"caller":"/main.go:46","level":"info","msg":"database connected","time":"2022-08-29 16:24:12"}
{"caller":"/main.go:53","level":"info","msg":"api server initializing","time":"2022-08-29 16:24:12"}
{"caller":"/main.go:18","level":"info","msg":"logger initialized","time":"2022-08-29 16:24:31"}
{"caller":"/main.go:22","level":"info","msg":"config loading...","time":"2022-08-29 16:24:31"}
{"caller":"/main.go:29","level":"info","msg":"config loaded","time":"2022-08-29 16:24:31"}
{"caller":"/main.go:31","level":"info","msg":"database connecting....","time":"2022-08-29 16:24:31"}
{"caller":"/main.go:46","level":"info","msg":"database connected","time":"2022-08-29 16:24:31"}
{"caller":"/main.go:53","level":"info","msg":"api server initializing","time":"2022-08-29 16:24:31"}
{"caller":"/main.go:18","level":"info","msg":"logger initialized","time":"2022-08-29 16:24:43"}
{"caller":"/main.go:22","level":"info","msg":"config loading...","time":"2022-08-29 16:24:43"}
{"caller":"/main.go:29","level":"info","msg":"config loaded","time":"2022-08-29 16:24:43"}
{"caller":"/main.go:31","level":"info","msg":"database connecting....","time":"2022-08-29 16:24:43"}
{"caller":"/main.go:46","level":"info","msg":"database connected","time":"2022-08-29 16:24:43"}
{"caller":"/main.go:53","level":"info","msg":"api server initializing","time":"2022-08-29 16:24:43"}
{"caller":"/main.go:18","level":"info","msg":"logger initialized","time":"2022-08-29 16:27:23"}
{"caller":"/main.go:22","level":"info","msg":"config loading...","time":"2022-08-29 16:27:23"}
{"caller":"/main.go:29","level":"info","msg":"config loaded","time":"2022-08-29 16:27:23"}
{"caller":"/main.go:31","level":"info","msg":"database connecting....","time":"2022-08-29 16:27:23"}
{"caller":"/main.go:46","level":"info","msg":"database connected","time":"2022-08-29 16:27:23"}
{"caller":"/main.go:53","level":"info","msg":"api server initializing","time":"2022-08-29 16:27:23"}
{"caller":"/main.go:18","level":"info","msg":"logger initialized","time":"2022-08-29 16:27:38"}
{"caller":"/main.go:22","level":"info","msg":"config loading...","time":"2022-08-29 16:27:38"}
{"caller":"/main.go:29","level":"info","msg":"config loaded","time":"2022-08-29 16:27:38"}
{"caller":"/main.go:31","level":"info","msg":"database connecting....","time":"2022-08-29 16:27:38"}
{"caller":"/main.go:46","level":"info","msg":"database connected","time":"2022-08-29 16:27:38"}
{"caller":"/main.go:53","level":"info","msg":"api server initializing","time":"2022-08-29 16:27:38"}
{"caller":"/main.go:18","level":"info","msg":"logger initialized","time":"2022-08-29 16:28:38"}
{"caller":"/main.go:22","level":"info","msg":"config loading...","time":"2022-08-29 16:28:38"}
{"caller":"/main.go:29","level":"info","msg":"config loaded","time":"2022-08-29 16:28:38"}
{"caller":"/main.go:31","level":"info","msg":"database connecting....","time":"2022-08-29 16:28:38"}
{"caller":"/main.go:46","level":"info","msg":"database connected","time":"2022-08-29 16:28:38"}
{"caller":"/main.go:53","level":"info","msg":"api server initializing","time":"2022-08-29 16:28:38"}
{"caller":"/main.go:18","level":"info","msg":"logger initialized","time":"2022-08-29 16:29:04"}
{"caller":"/main.go:22","level":"info","msg":"config loading...","time":"2022-08-29 16:29:04"}
{"caller":"/main.go:29","level":"info","msg":"config loaded","time":"2022-08-29 16:29:04"}
{"caller":"/main.go:31","level":"info","msg":"database connecting....","time":"2022-08-29 16:29:04"}
{"caller":"/main.go:46","level":"info","msg":"database connected","time":"2022-08-29 16:29:04"}
{"caller":"/main.go:53","level":"info","msg":"api server initializing","time":"2022-08-29 16:29:04"}
{"caller":"/main.go:18","level":"info","msg":"logger initialized","time":"2022-08-29 16:29:45"}
{"caller":"/main.go:22","level":"info","msg":"config loading...","time":"2022-08-29 16:29:45"}
{"caller":"/main.go:29","level":"info","msg":"config loaded","time":"2022-08-29 16:29:45"}
{"caller":"/main.go:31","level":"info","msg":"database connecting....","time":"2022-08-29 16:29:45"}
{"caller":"/main.go:46","level":"info","msg":"database connected","time":"2022-08-29 16:29:45"}
{"caller":"/main.go:53","level":"info","msg":"api server initializing","time":"2022-08-29 16:29:45"}
{"caller":"/main.go:18","level":"info","msg":"logger initialized","time":"2022-08-29 16:30:27"}
{"caller":"/main.go:22","level":"info","msg":"config loading...","time":"2022-08-29 16:30:27"}
{"caller":"/main.go:29","level":"info","msg":"config loaded","time":"2022-08-29 16:30:27"}
{"caller":"/main.go:31","level":"info","msg":"database connecting....","time":"2022-08-29 16:30:27"}
{"caller":"/main.go:46","level":"info","msg":"database connected","time":"2022-08-29 16:30:27"}
{"caller":"/main.go:53","level":"info","msg":"api server initializing","time":"2022-08-29 16:30:27"}
{"caller":"/main.go:18","level":"info","msg":"logger initialized","time":"2022-08-29 16:30:47"}
{"caller":"/main.go:22","level":"info","msg":"config loading...","time":"2022-08-29 16:30:47"}
{"caller":"/main.go:29","level":"info","msg":"config loaded","time":"2022-08-29 16:30:47"}
{"caller":"/main.go:31","level":"info","msg":"database connecting....","time":"2022-08-29 16:30:47"}
{"caller":"/main.go:46","level":"info","msg":"database connected","time":"2022-08-29 16:30:47"}
{"caller":"/main.go:53","level":"info","msg":"api server initializing","time":"2022-08-29 16:30:47"}
{"caller":"/main.go:18","level":"info","msg":"logger initialized","time":"2022-08-29 16:30:56"}
{"caller":"/main.go:22","level":"info","msg":"config loading...","time":"2022-08-29 16:30:56"}
{"caller":"/main.go:29","level":"info","msg":"config loaded","time":"2022-08-29 16:30:56"}
{"caller":"/main.go:31","level":"info","msg":"database connecting....","time":"2022-08-29 16:30:56"}
{"caller":"/main.go:46","level":"info","msg":"database connected","time":"2022-08-29 16:30:56"}
{"caller":"/main.go:53","level":"info","msg":"api server initializing","time":"2022-08-29 16:30:56"}
{"caller":"/main.go:18","level":"info","msg":"logger initialized","time":"2022-08-29 16:31:13"}
{"caller":"/main.go:22","level":"info","msg":"config loading...","time":"2022-08-29 16:31:13"}
{"caller":"/main.go:29","level":"info","msg":"config loaded","time":"2022-08-29 16:31:13"}
{"caller":"/main.go:31","level":"info","msg":"database connecting....","time":"2022-08-29 16:31:13"}
{"caller":"/main.go:46","level":"info","msg":"database connected","time":"2022-08-29 16:31:13"}
{"caller":"/main.go:53","level":"info","msg":"api server initializing","time":"2022-08-29 16:31:13"}
{"caller":"/main.go:18","level":"info","msg":"logger initialized","time":"2022-08-29 16:33:16"}
{"caller":"/main.go:22","level":"info","msg":"config loading...","time":"2022-08-29 16:33:16"}
{"caller":"/main.go:29","level":"info","msg":"config loaded","time":"2022-08-29 16:33:16"}
{"caller":"/main.go:31","level":"info","msg":"database connecting....","time":"2022-08-29 16:33:16"}
{"caller":"/main.go:46","level":"info","msg":"database connected","time":"2022-08-29 16:33:16"}
{"caller":"/main.go:53","level":"info","msg":"api server initializing","time":"2022-08-29 16:33:16"}
{"caller":"/main.go:18","level":"info","msg":"logger initialized","time":"2022-08-29 16:33:34"}
{"caller":"/main.go:22","level":"info","msg":"config loading...","time":"2022-08-29 16:33:34"}
{"caller":"/main.go:29","level":"info","msg":"config loaded","time":"2022-08-29 16:33:34"}
{"caller":"/main.go:31","level":"info","msg":"database connecting....","time":"2022-08-29 16:33:34"}
{"caller":"/main.go:46","level":"info","msg":"database connected","time":"2022-08-29 16:33:34"}
{"caller":"/main.go:53","level":"info","msg":"api server initializing","time":"2022-08-29 16:33:34"}
{"caller":"/main.go:18","level":"info","msg":"logger initialized","time":"2022-08-29 16:33:51"}
{"caller":"/main.go:22","level":"info","msg":"config loading...","time":"2022-08-29 16:33:51"}
{"caller":"/main.go:29","level":"info","msg":"config loaded","time":"2022-08-29 16:33:51"}
{"caller":"/main.go:31","level":"info","msg":"database connecting....","time":"2022-08-29 16:33:51"}
{"caller":"/main.go:46","level":"info","msg":"database connected","time":"2022-08-29 16:33:51"}
{"caller":"/main.go:53","level":"info","msg":"api server initializing","time":"2022-08-29 16:33:51"}
{"caller":"/main.go:18","level":"info","msg":"logger initialized","time":"2022-08-29 16:34:55"}
{"caller":"/main.go:22","level":"info","msg":"config loading...","time":"2022-08-29 16:34:55"}
{"caller":"/main.go:29","level":"info","msg":"config loaded","time":"2022-08-29 16:34:55"}
{"caller":"/main.go:31","level":"info","msg":"database connecting....","time":"2022-08-29 16:34:55"}
{"caller":"/main.go:46","level":"info","msg":"database connected","time":"2022-08-29 16:34:55"}
{"caller":"/main.go:53","level":"info","msg":"api server initializing","time":"2022-08-29 16:34:55"}
{"caller":"/main.go:18","level":"info","msg":"logger initialized","time":"2022-08-29 16:35:14"}
{"caller":"/main.go:22","level":"info","msg":"config loading...","time":"2022-08-29 16:35:14"}
{"caller":"/main.go:29","level":"info","msg":"config loaded","time":"2022-08-29 16:35:14"}
{"caller":"/main.go:31","level":"info","msg":"database connecting....","time":"2022-08-29 16:35:14"}
{"caller":"/main.go:46","level":"info","msg":"database connected","time":"2022-08-29 16:35:14"}
{"caller":"/main.go:53","level":"info","msg":"api server initializing","time":"2022-08-29 16:35:14"}
{"caller":"/main.go:18","level":"info","msg":"logger initialized","time":"2022-08-29 16:35:16"}
{"caller":"/main.go:22","level":"info","msg":"config loading...","time":"2022-08-29 16:35:16"}
{"caller":"/main.go:29","level":"info","msg":"config loaded","time":"2022-08-29 16:35:16"}
{"caller":"/main.go:31","level":"info","msg":"database connecting....","time":"2022-08-29 16:35:16"}
{"caller":"/main.go:46","level":"info","msg":"database connected","time":"2022-08-29 16:35:16"}
{"caller":"/main.go:53","level":"info","msg":"api server initializing","time":"2022-08-29 16:35:16"}
{"caller":"/main.go:18","level":"info","msg":"logger initialized","time":"2022-08-29 16:35:32"}
{"caller":"/main.go:22","level":"info","msg":"config loading...","time":"2022-08-29 16:35:32"}
{"caller":"/main.go:29","level":"info","msg":"config loaded","time":"2022-08-29 16:35:32"}
{"caller":"/main.go:31","level":"info","msg":"database connecting....","time":"2022-08-29 16:35:32"}
{"caller":"/main.go:46","level":"info","msg":"database connected","time":"2022-08-29 16:35:32"}
{"caller":"/main.go:53","level":"info","msg":"api server initializing","time":"2022-08-29 16:35:32"}
{"caller":"/main.go:18","level":"info","msg":"logger initialized","time":"2022-08-29 16:35:33"}
{"caller":"/main.go:22","level":"info","msg":"config loading...","time":"2022-08-29 16:35:33"}
{"caller":"/main.go:29","level":"info","msg":"config loaded","time":"2022-08-29 16:35:33"}
{"caller":"/main.go:31","level":"info","msg":"database connecting....","time":"2022-08-29 16:35:33"}
{"caller":"/main.go:46","level":"info","msg":"database connected","time":"2022-08-29 16:35:33"}
{"caller":"/main.go:53","level":"info","msg":"api server initializing","time":"2022-08-29 16:35:33"}
{"caller":"/main.go:18","level":"info","msg":"logger initialized","time":"2022-08-29 16:35:52"}
{"caller":"/main.go:22","level":"info","msg":"config loading...","time":"2022-08-29 16:35:52"}
{"caller":"/main.go:29","level":"info","msg":"config loaded","time":"2022-08-29 16:35:52"}
{"caller":"/main.go:31","level":"info","msg":"database connecting....","time":"2022-08-29 16:35:52"}
{"caller":"/main.go:46","level":"info","msg":"database connected","time":"2022-08-29 16:35:52"}
{"caller":"/main.go:53","level":"info","msg":"api server initializing","time":"2022-08-29 16:35:52"}
{"caller":"/main.go:18","level":"info","msg":"logger initialized","time":"2022-08-29 16:36:07"}
{"caller":"/main.go:22","level":"info","msg":"config loading...","time":"2022-08-29 16:36:07"}
{"caller":"/main.go:29","level":"info","msg":"config loaded","time":"2022-08-29 16:36:07"}
{"caller":"/main.go:31","level":"info","msg":"database connecting....","time":"2022-08-29 16:36:07"}
{"caller":"/main.go:46","level":"info","msg":"database connected","time":"2022-08-29 16:36:07"}
{"caller":"/main.go:53","level":"info","msg":"api server initializing","time":"2022-08-29 16:36:07"}
{"caller":"/main.go:18","level":"info","msg":"logger initialized","time":"2022-08-29 16:36:25"}
{"caller":"/main.go:22","level":"info","msg":"config loading...","time":"2022-08-29 16:36:25"}
{"caller":"/main.go:29","level":"info","msg":"config loaded","time":"2022-08-29 16:36:25"}
{"caller":"/main.go:31","level":"info","msg":"database connecting....","time":"2022-08-29 16:36:25"}
{"caller":"/main.go:46","level":"info","msg":"database connected","time":"2022-08-29 16:36:25"}
{"caller":"/main.go:53","level":"info","msg":"api server initializing","time":"2022-08-29 16:36:25"}
{"caller":"/main.go:18","level":"info","msg":"logger initialized","time":"2022-08-29 16:36:25"}
{"caller":"/main.go:22","level":"info","msg":"config loading...","time":"2022-08-29 16:36:25"}
{"caller":"/main.go:29","level":"info","msg":"config loaded","time":"2022-08-29 16:36:25"}
{"caller":"/main.go:31","level":"info","msg":"database connecting....","time":"2022-08-29 16:36:25"}
{"caller":"/main.go:46","level":"info","msg":"database connected","time":"2022-08-29 16:36:25"}
{"caller":"/main.go:53","level":"info","msg":"api server initializing","time":"2022-08-29 16:36:25"}
{"caller":"/main.go:18","level":"info","msg":"logger initialized","time":"2022-08-29 16:36:28"}
{"caller":"/main.go:22","level":"info","msg":"config loading...","time":"2022-08-29 16:36:28"}
{"caller":"/main.go:29","level":"info","msg":"config loaded","time":"2022-08-29 16:36:28"}
{"caller":"/main.go:31","level":"info","msg":"database connecting....","time":"2022-08-29 16:36:28"}
{"caller":"/main.go:46","level":"info","msg":"database connected","time":"2022-08-29 16:36:28"}
{"caller":"/main.go:53","level":"info","msg":"api server initializing","time":"2022-08-29 16:36:28"}
{"caller":"/main.go:18","level":"info","msg":"logger initialized","time":"2022-08-29 16:36:38"}
{"caller":"/main.go:22","level":"info","msg":"config loading...","time":"2022-08-29 16:36:38"}
{"caller":"/main.go:29","level":"info","msg":"config loaded","time":"2022-08-29 16:36:38"}
{"caller":"/main.go:31","level":"info","msg":"database connecting....","time":"2022-08-29 16:36:38"}
{"caller":"/main.go:46","level":"info","msg":"database connected","time":"2022-08-29 16:36:38"}
{"caller":"/main.go:53","level":"info","msg":"api server initializing","time":"2022-08-29 16:36:38"}
{"caller":"/main.go:18","level":"info","msg":"logger initialized","time":"2022-08-29 16:37:33"}
{"caller":"/main.go:22","level":"info","msg":"config loading...","time":"2022-08-29 16:37:33"}
{"caller":"/main.go:29","level":"info","msg":"config loaded","time":"2022-08-29 16:37:33"}
{"caller":"/main.go:31","level":"info","msg":"database connecting....","time":"2022-08-29 16:37:33"}
{"caller":"/main.go:46","level":"info","msg":"database connected","time":"2022-08-29 16:37:33"}
{"caller":"/main.go:53","level":"info","msg":"api server initializing","time":"2022-08-29 16:37:33"}
{"caller":"/main.go:18","level":"info","msg":"logger initialized","time":"2022-08-29 16:48:50"}
{"caller":"/main.go:22","level":"info","msg":"config loading...","time":"2022-08-29 16:48:50"}
{"caller":"/main.go:29","level":"info","msg":"config loaded","time":"2022-08-29 16:48:50"}
{"caller":"/main.go:31","level":"info","msg":"database connecting....","time":"2022-08-29 16:48:50"}
{"caller":"/main.go:46","level":"info","msg":"database connected","time":"2022-08-29 16:48:50"}
{"caller":"/main.go:53","level":"info","msg":"api server initializing","time":"2022-08-29 16:48:50"}
{"caller":"/main.go:18","level":"info","msg":"logger initialized","time":"2022-08-29 16:49:26"}
{"caller":"/main.go:22","level":"info","msg":"config loading...","time":"2022-08-29 16:49:26"}
{"caller":"/main.go:29","level":"info","msg":"config loaded","time":"2022-08-29 16:49:26"}
{"caller":"/main.go:31","level":"info","msg":"database connecting....","time":"2022-08-29 16:49:26"}
{"caller":"/main.go:46","level":"info","msg":"database connected","time":"2022-08-29 16:49:26"}
{"caller":"/main.go:53","level":"info","msg":"api server initializing","time":"2022-08-29 16:49:26"}
{"caller":"/main.go:18","level":"info","msg":"logger initialized","time":"2022-08-29 17:46:31"}
{"caller":"/main.go:22","level":"info","msg":"config loading...","time":"2022-08-29 17:46:31"}
{"caller":"/main.go:29","level":"info","msg":"config loaded","time":"2022-08-29 17:46:31"}
{"caller":"/main.go:31","level":"info","msg":"database connecting....","time":"2022-08-29 17:46:31"}
{"caller":"/main.go:46","level":"info","msg":"database connected","time":"2022-08-29 17:46:31"}
{"caller":"/main.go:53","level":"info","msg":"api server initializing","time":"2022-08-29 17:46:31"}
{"caller":"/main.go:18","level":"info","msg":"logger initialized","time":"2022-08-29 17:47:35"}
{"caller":"/main.go:22","level":"info","msg":"config loading...","time":"2022-08-29 17:47:35"}
{"caller":"/main.go:29","level":"info","msg":"config loaded","time":"2022-08-29 17:47:35"}
{"caller":"/main.go:31","level":"info","msg":"database connecting....","time":"2022-08-29 17:47:35"}
{"caller":"/main.go:46","level":"info","msg":"database connected","time":"2022-08-29 17:47:35"}
{"caller":"/main.go:53","level":"info","msg":"api server initializing","time":"2022-08-29 17:47:35"}
{"caller":"/main.go:18","level":"info","msg":"logger initialized","time":"2022-08-29 17:48:02"}
{"caller":"/main.go:22","level":"info","msg":"config loading...","time":"2022-08-29 17:48:02"}
{"caller":"/main.go:29","level":"info","msg":"config loaded","time":"2022-08-29 17:48:02"}
{"caller":"/main.go:31","level":"info","msg":"database connecting....","time":"2022-08-29 17:48:02"}
{"caller":"/main.go:46","level":"info","msg":"database connected","time":"2022-08-29 17:48:02"}
{"caller":"/main.go:53","level":"info","msg":"api server initializing","time":"2022-08-29 17:48:02"}
{"caller":"/main.go:18","level":"info","msg":"logger initialized","time":"2022-08-29 17:49:54"}
{"caller":"/main.go:22","level":"info","msg":"config loading...","time":"2022-08-29 17:49:54"}
{"caller":"/main.go:29","level":"info","msg":"config loaded","time":"2022-08-29 17:49:54"}
{"caller":"/main.go:31","level":"info","msg":"database connecting....","time":"2022-08-29 17:49:54"}
{"caller":"/main.go:46","level":"info","msg":"database connected","time":"2022-08-29 17:49:54"}
{"caller":"/main.go:53","level":"info","msg":"api server initializing","time":"2022-08-29 17:49:54"}
{"caller":"/utils/config.go:31","level":"warning","msg":"Config file changed:/Users/rachitkawar/Novostack/indivest/indivest-engine-go/app.env","time":"2022-08-29 17:56:28"}
{"caller":"/utils/config.go:31","level":"warning","msg":"Config file changed:/Users/rachitkawar/Novostack/indivest/indivest-engine-go/app.env","time":"2022-08-29 17:56:33"}
{"caller":"/utils/config.go:31","level":"warning","msg":"Config file changed:/Users/rachitkawar/Novostack/indivest/indivest-engine-go/app.env","time":"2022-08-29 17:56:57"}
{"caller":"/main.go:18","level":"info","msg":"logger initialized","time":"2022-08-29 17:57:29"}
{"caller":"/main.go:22","level":"info","msg":"config loading...","time":"2022-08-29 17:57:29"}
{"caller":"/main.go:29","level":"info","msg":"config loaded","time":"2022-08-29 17:57:29"}
{"caller":"/main.go:31","level":"info","msg":"database connecting....","time":"2022-08-29 17:57:29"}
{"caller":"/db/connector.go:31","level":"error","msg":"failed to connect to `host=/private/tmp user=rachitkawar database=spotwallet`: dial error (dial unix /private/tmp/.s.PGSQL.5432: connect: no such file or directory)","time":"2022-08-29 17:57:29"}
{"caller":"/main.go:36","level":"fatal","msg":"failed to connect to `host=/private/tmp user=rachitkawar database=spotwallet`: dial error (dial unix /private/tmp/.s.PGSQL.5432: connect: no such file or directory)","time":"2022-08-29 17:57:29"}
{"caller":"/main.go:18","level":"info","msg":"logger initialized","time":"2022-08-29 18:14:06"}
{"caller":"/main.go:22","level":"info","msg":"config loading...","time":"2022-08-29 18:14:06"}
{"caller":"/main.go:29","level":"info","msg":"config loaded","time":"2022-08-29 18:14:06"}
{"caller":"/main.go:31","level":"info","msg":"database connecting....","time":"2022-08-29 18:14:06"}
{"caller":"/db/connector.go:31","level":"error","msg":"failed to connect to `host=/private/tmp user=rachitkawar database=spotwallet`: dial error (dial unix /private/tmp/.s.PGSQL.5432: connect: no such file or directory)","time":"2022-08-29 18:14:06"}
{"caller":"/main.go:36","level":"fatal","msg":"failed to connect to `host=/private/tmp user=rachitkawar database=spotwallet`: dial error (dial unix /private/tmp/.s.PGSQL.5432: connect: no such file or directory)","time":"2022-08-29 18:14:06"}
{"caller":"/main.go:18","level":"info","msg":"logger initialized","time":"2022-08-29 18:14:16"}
{"caller":"/main.go:22","level":"info","msg":"config loading...","time":"2022-08-29 18:14:16"}
{"caller":"/main.go:29","level":"info","msg":"config loaded","time":"2022-08-29 18:14:16"}
{"caller":"/main.go:31","level":"info","msg":"database connecting....","time":"2022-08-29 18:14:16"}
{"caller":"/db/connector.go:31","level":"error","msg":"failed to connect to `host=/private/tmp user=rachitkawar database=spotwallet`: dial error (dial unix /private/tmp/.s.PGSQL.5432: connect: no such file or directory)","time":"2022-08-29 18:14:16"}
{"caller":"/main.go:36","level":"fatal","msg":"failed to connect to `host=/private/tmp user=rachitkawar database=spotwallet`: dial error (dial unix /private/tmp/.s.PGSQL.5432: connect: no such file or directory)","time":"2022-08-29 18:14:16"}
{"caller":"/main.go:18","level":"info","msg":"logger initialized","time":"2022-08-29 18:28:53"}
{"caller":"/main.go:22","level":"info","msg":"config loading...","time":"2022-08-29 18:28:53"}
{"caller":"/main.go:29","level":"info","msg":"config loaded","time":"2022-08-29 18:28:53"}
{"caller":"/main.go:31","level":"info","msg":"database connecting....","time":"2022-08-29 18:28:53"}
{"caller":"/db/connector.go:31","level":"error","msg":"failed to connect to `host=/private/tmp user=rachitkawar database=spotwallet`: dial error (dial unix /private/tmp/.s.PGSQL.5432: connect: no such file or directory)","time":"2022-08-29 18:28:53"}
{"caller":"/main.go:36","level":"fatal","msg":"failed to connect to `host=/private/tmp user=rachitkawar database=spotwallet`: dial error (dial unix /private/tmp/.s.PGSQL.5432: connect: no such file or directory)","time":"2022-08-29 18:28:53"}
{"caller":"/main.go:18","level":"info","msg":"logger initialized","time":"2022-08-29 18:29:29"}
{"caller":"/main.go:22","level":"info","msg":"config loading...","time":"2022-08-29 18:29:29"}
{"caller":"/main.go:29","level":"info","msg":"config loaded","time":"2022-08-29 18:29:29"}
{"caller":"/main.go:31","level":"info","msg":"database connecting....","time":"2022-08-29 18:29:29"}
{"caller":"/db/connector.go:31","level":"error","msg":"failed to connect to `host=/private/tmp user=rachitkawar database=spotwallet`: dial error (dial unix /private/tmp/.s.PGSQL.5432: connect: no such file or directory)","time":"2022-08-29 18:29:29"}
{"caller":"/main.go:36","level":"fatal","msg":"failed to connect to `host=/private/tmp user=rachitkawar database=spotwallet`: dial error (dial unix /private/tmp/.s.PGSQL.5432: connect: no such file or directory)","time":"2022-08-29 18:29:29"}
{"caller":"/main.go:18","level":"info","msg":"logger initialized","time":"2022-08-29 18:30:13"}
{"caller":"/main.go:22","level":"info","msg":"config loading...","time":"2022-08-29 18:30:13"}
{"caller":"/main.go:29","level":"info","msg":"config loaded","time":"2022-08-29 18:30:13"}
{"caller":"/main.go:31","level":"info","msg":"database connecting....","time":"2022-08-29 18:30:13"}
{"caller":"/db/connector.go:31","level":"error","msg":"failed to connect to `host=/private/tmp user=rachitkawar database=spotwallet`: dial error (dial unix /private/tmp/.s.PGSQL.5432: connect: no such file or directory)","time":"2022-08-29 18:30:13"}
{"caller":"/main.go:36","level":"fatal","msg":"failed to connect to `host=/private/tmp user=rachitkawar database=spotwallet`: dial error (dial unix /private/tmp/.s.PGSQL.5432: connect: no such file or directory)","time":"2022-08-29 18:30:13"}
{"caller":"/main.go:18","level":"info","msg":"logger initialized","time":"2022-08-29 18:30:41"}
{"caller":"/main.go:22","level":"info","msg":"config loading...","time":"2022-08-29 18:30:41"}
{"caller":"/main.go:29","level":"info","msg":"config loaded","time":"2022-08-29 18:30:41"}
{"caller":"/main.go:31","level":"info","msg":"database connecting....","time":"2022-08-29 18:30:41"}
{"caller":"/db/connector.go:31","level":"error","msg":"failed to connect to `host=/private/tmp user=rachitkawar database=spotwallet`: dial error (dial unix /private/tmp/.s.PGSQL.5432: connect: no such file or directory)","time":"2022-08-29 18:30:41"}
{"caller":"/main.go:36","level":"fatal","msg":"failed to connect to `host=/private/tmp user=rachitkawar database=spotwallet`: dial error (dial unix /private/tmp/.s.PGSQL.5432: connect: no such file or directory)","time":"2022-08-29 18:30:41"}
{"caller":"/main.go:18","level":"info","msg":"logger initialized","time":"2022-08-29 18:31:03"}
{"caller":"/main.go:22","level":"info","msg":"config loading...","time":"2022-08-29 18:31:03"}
{"caller":"/main.go:29","level":"info","msg":"config loaded","time":"2022-08-29 18:31:03"}
{"caller":"/main.go:31","level":"info","msg":"database connecting....","time":"2022-08-29 18:31:03"}
{"caller":"/db/connector.go:31","level":"error","msg":"failed to connect to `host=/private/tmp user=rachitkawar database=spotwallet`: dial error (dial unix /private/tmp/.s.PGSQL.5432: connect: no such file or directory)","time":"2022-08-29 18:31:03"}
{"caller":"/main.go:36","level":"fatal","msg":"failed to connect to `host=/private/tmp user=rachitkawar database=spotwallet`: dial error (dial unix /private/tmp/.s.PGSQL.5432: connect: no such file or directory)","time":"2022-08-29 18:31:03"}
{"caller":"/main.go:18","level":"info","msg":"logger initialized","time":"2022-08-29 18:31:07"}
{"caller":"/main.go:22","level":"info","msg":"config loading...","time":"2022-08-29 18:31:07"}
{"caller":"/main.go:29","level":"info","msg":"config loaded","time":"2022-08-29 18:31:07"}
{"caller":"/main.go:31","level":"info","msg":"database connecting....","time":"2022-08-29 18:31:07"}
{"caller":"/db/connector.go:31","level":"error","msg":"failed to connect to `host=/private/tmp user=rachitkawar database=spotwallet`: dial error (dial unix /private/tmp/.s.PGSQL.5432: connect: no such file or directory)","time":"2022-08-29 18:31:07"}
{"caller":"/main.go:36","level":"fatal","msg":"failed to connect to `host=/private/tmp user=rachitkawar database=spotwallet`: dial error (dial unix /private/tmp/.s.PGSQL.5432: connect: no such file or directory)","time":"2022-08-29 18:31:07"}
{"caller":"/main.go:18","level":"info","msg":"logger initialized","time":"2022-08-29 18:31:24"}
{"caller":"/main.go:22","level":"info","msg":"config loading...","time":"2022-08-29 18:31:24"}
{"caller":"/main.go:29","level":"info","msg":"config loaded","time":"2022-08-29 18:31:24"}
{"caller":"/main.go:31","level":"info","msg":"database connecting....","time":"2022-08-29 18:31:24"}
{"caller":"/db/connector.go:31","level":"error","msg":"failed to connect to `host=/private/tmp user=rachitkawar database=spotwallet`: dial error (dial unix /private/tmp/.s.PGSQL.5432: connect: no such file or directory)","time":"2022-08-29 18:31:24"}
{"caller":"/main.go:36","level":"fatal","msg":"failed to connect to `host=/private/tmp user=rachitkawar database=spotwallet`: dial error (dial unix /private/tmp/.s.PGSQL.5432: connect: no such file or directory)","time":"2022-08-29 18:31:24"}
{"caller":"/main.go:18","level":"info","msg":"logger initialized","time":"2022-08-29 18:31:30"}
{"caller":"/main.go:22","level":"info","msg":"config loading...","time":"2022-08-29 18:31:30"}
{"caller":"/main.go:29","level":"info","msg":"config loaded","time":"2022-08-29 18:31:30"}
{"caller":"/main.go:31","level":"info","msg":"database connecting....","time":"2022-08-29 18:31:30"}
{"caller":"/db/connector.go:31","level":"error","msg":"failed to connect to `host=/private/tmp user=rachitkawar database=spotwallet`: dial error (dial unix /private/tmp/.s.PGSQL.5432: connect: no such file or directory)","time":"2022-08-29 18:31:30"}
{"caller":"/main.go:36","level":"fatal","msg":"failed to connect to `host=/private/tmp user=rachitkawar database=spotwallet`: dial error (dial unix /private/tmp/.s.PGSQL.5432: connect: no such file or directory)","time":"2022-08-29 18:31:30"}
{"caller":"/main.go:18","level":"info","msg":"logger initialized","time":"2022-08-29 18:32:05"}
{"caller":"/main.go:22","level":"info","msg":"config loading...","time":"2022-08-29 18:32:05"}
{"caller":"/main.go:29","level":"info","msg":"config loaded","time":"2022-08-29 18:32:05"}
{"caller":"/main.go:31","level":"info","msg":"database connecting....","time":"2022-08-29 18:32:05"}
{"caller":"/db/connector.go:31","level":"error","msg":"failed to connect to `host=/private/tmp user=rachitkawar database=spotwallet`: dial error (dial unix /private/tmp/.s.PGSQL.5432: connect: no such file or directory)","time":"2022-08-29 18:32:05"}
{"caller":"/main.go:36","level":"fatal","msg":"failed to connect to `host=/private/tmp user=rachitkawar database=spotwallet`: dial error (dial unix /private/tmp/.s.PGSQL.5432: connect: no such file or directory)","time":"2022-08-29 18:32:05"}
{"caller":"/main.go:18","level":"info","msg":"logger initialized","time":"2022-08-29 18:32:31"}
{"caller":"/main.go:22","level":"info","msg":"config loading...","time":"2022-08-29 18:32:31"}
{"caller":"/main.go:29","level":"info","msg":"config loaded","time":"2022-08-29 18:32:31"}
{"caller":"/main.go:31","level":"info","msg":"database connecting....","time":"2022-08-29 18:32:31"}
{"caller":"/db/connector.go:31","level":"error","msg":"failed to connect to `host=/private/tmp user=rachitkawar database=spotwallet`: dial error (dial unix /private/tmp/.s.PGSQL.5432: connect: no such file or directory)","time":"2022-08-29 18:32:31"}
{"caller":"/main.go:36","level":"fatal","msg":"failed to connect to `host=/private/tmp user=rachitkawar database=spotwallet`: dial error (dial unix /private/tmp/.s.PGSQL.5432: connect: no such file or directory)","time":"2022-08-29 18:32:31"}
{"caller":"/main.go:18","level":"info","msg":"logger initialized","time":"2022-08-29 18:32:42"}
{"caller":"/main.go:22","level":"info","msg":"config loading...","time":"2022-08-29 18:32:42"}
{"caller":"/main.go:29","level":"info","msg":"config loaded","time":"2022-08-29 18:32:42"}
{"caller":"/main.go:31","level":"info","msg":"database connecting....","time":"2022-08-29 18:32:42"}
{"caller":"/db/connector.go:31","level":"error","msg":"failed to connect to `host=/private/tmp user=rachitkawar database=spotwallet`: dial error (dial unix /private/tmp/.s.PGSQL.5432: connect: no such file or directory)","time":"2022-08-29 18:32:42"}
{"caller":"/main.go:36","level":"fatal","msg":"failed to connect to `host=/private/tmp user=rachitkawar database=spotwallet`: dial error (dial unix /private/tmp/.s.PGSQL.5432: connect: no such file or directory)","time":"2022-08-29 18:32:42"}
{"caller":"/main.go:18","level":"info","msg":"logger initialized","time":"2022-08-29 18:32:51"}
{"caller":"/main.go:22","level":"info","msg":"config loading...","time":"2022-08-29 18:32:51"}
{"caller":"/main.go:29","level":"info","msg":"config loaded","time":"2022-08-29 18:32:51"}
{"caller":"/main.go:31","level":"info","msg":"database connecting....","time":"2022-08-29 18:32:51"}
{"caller":"/db/connector.go:31","level":"error","msg":"failed to connect to `host=/private/tmp user=rachitkawar database=spotwallet`: dial error (dial unix /private/tmp/.s.PGSQL.5432: connect: no such file or directory)","time":"2022-08-29 18:32:51"}
{"caller":"/main.go:36","level":"fatal","msg":"failed to connect to `host=/private/tmp user=rachitkawar database=spotwallet`: dial error (dial unix /private/tmp/.s.PGSQL.5432: connect: no such file or directory)","time":"2022-08-29 18:32:51"}
{"caller":"/main.go:18","level":"info","msg":"logger initialized","time":"2022-08-29 18:32:53"}
{"caller":"/main.go:22","level":"info","msg":"config loading...","time":"2022-08-29 18:32:53"}
{"caller":"/main.go:29","level":"info","msg":"config loaded","time":"2022-08-29 18:32:53"}
{"caller":"/main.go:31","level":"info","msg":"database connecting....","time":"2022-08-29 18:32:53"}
{"caller":"/db/connector.go:31","level":"error","msg":"failed to connect to `host=/private/tmp user=rachitkawar database=spotwallet`: dial error (dial unix /private/tmp/.s.PGSQL.5432: connect: no such file or directory)","time":"2022-08-29 18:32:53"}
{"caller":"/main.go:36","level":"fatal","msg":"failed to connect to `host=/private/tmp user=rachitkawar database=spotwallet`: dial error (dial unix /private/tmp/.s.PGSQL.5432: connect: no such file or directory)","time":"2022-08-29 18:32:53"}
{"caller":"/main.go:18","level":"info","msg":"logger initialized","time":"2022-08-29 18:33:08"}
{"caller":"/main.go:22","level":"info","msg":"config loading...","time":"2022-08-29 18:33:08"}
{"caller":"/main.go:29","level":"info","msg":"config loaded","time":"2022-08-29 18:33:08"}
{"caller":"/main.go:31","level":"info","msg":"database connecting....","time":"2022-08-29 18:33:08"}
{"caller":"/db/connector.go:31","level":"error","msg":"failed to connect to `host=/private/tmp user=rachitkawar database=spotwallet`: dial error (dial unix /private/tmp/.s.PGSQL.5432: connect: no such file or directory)","time":"2022-08-29 18:33:08"}
{"caller":"/main.go:36","level":"fatal","msg":"failed to connect to `host=/private/tmp user=rachitkawar database=spotwallet`: dial error (dial unix /private/tmp/.s.PGSQL.5432: connect: no such file or directory)","time":"2022-08-29 18:33:08"}
{"caller":"/main.go:18","level":"info","msg":"logger initialized","time":"2022-08-29 18:41:00"}
{"caller":"/main.go:22","level":"info","msg":"config loading...","time":"2022-08-29 18:41:00"}
{"caller":"/main.go:29","level":"info","msg":"config loaded","time":"2022-08-29 18:41:00"}
{"caller":"/main.go:31","level":"info","msg":"database connecting....","time":"2022-08-29 18:41:00"}
{"caller":"/db/connector.go:31","level":"error","msg":"failed to connect to `host=/private/tmp user=rachitkawar database=spotwallet`: dial error (dial unix /private/tmp/.s.PGSQL.5432: connect: no such file or directory)","time":"2022-08-29 18:41:00"}
{"caller":"/main.go:36","level":"fatal","msg":"failed to connect to `host=/private/tmp user=rachitkawar database=spotwallet`: dial error (dial unix /private/tmp/.s.PGSQL.5432: connect: no such file or directory)","time":"2022-08-29 18:41:00"}
{"caller":"/main.go:18","level":"info","msg":"logger initialized","time":"2022-08-29 18:41:23"}
{"caller":"/main.go:22","level":"info","msg":"config loading...","time":"2022-08-29 18:41:23"}
{"caller":"/main.go:29","level":"info","msg":"config loaded","time":"2022-08-29 18:41:23"}
{"caller":"/main.go:31","level":"info","msg":"database connecting....","time":"2022-08-29 18:41:23"}
{"caller":"/db/connector.go:31","level":"error","msg":"failed to connect to `host=/private/tmp user=rachitkawar database=postgres`: dial error (dial unix /private/tmp/.s.PGSQL.5432: connect: no such file or directory)","time":"2022-08-29 18:41:23"}
{"caller":"/main.go:36","level":"fatal","msg":"failed to connect to `host=/private/tmp user=rachitkawar database=postgres`: dial error (dial unix /private/tmp/.s.PGSQL.5432: connect: no such file or directory)","time":"2022-08-29 18:41:23"}
{"caller":"/main.go:18","level":"info","msg":"logger initialized","time":"2022-08-29 18:42:14"}
{"caller":"/main.go:22","level":"info","msg":"config loading...","time":"2022-08-29 18:42:14"}
{"caller":"/main.go:29","level":"info","msg":"config loaded","time":"2022-08-29 18:42:14"}
{"caller":"/main.go:31","level":"info","msg":"database connecting....","time":"2022-08-29 18:42:14"}
{"caller":"/main.go:46","level":"info","msg":"database connected","time":"2022-08-29 18:42:14"}
{"caller":"/main.go:53","level":"info","msg":"api server initializing","time":"2022-08-29 18:42:14"}
{"caller":"/main.go:18","level":"info","msg":"logger initialized","time":"2022-08-29 18:50:20"}
{"caller":"/main.go:22","level":"info","msg":"config loading...","time":"2022-08-29 18:50:20"}
{"caller":"/main.go:29","level":"info","msg":"config loaded","time":"2022-08-29 18:50:20"}
{"caller":"/main.go:31","level":"info","msg":"database connecting....","time":"2022-08-29 18:50:20"}
{"caller":"/main.go:46","level":"info","msg":"database connected","time":"2022-08-29 18:50:20"}
{"caller":"/main.go:53","level":"info","msg":"api server initializing","time":"2022-08-29 18:50:20"}
{"caller":"/main.go:18","level":"info","msg":"logger initialized","time":"2022-08-29 18:52:59"}
{"caller":"/main.go:22","level":"info","msg":"config loading...","time":"2022-08-29 18:52:59"}
{"caller":"/main.go:29","level":"info","msg":"config loaded","time":"2022-08-29 18:52:59"}
{"caller":"/main.go:31","level":"info","msg":"database connecting....","time":"2022-08-29 18:52:59"}
{"caller":"/main.go:46","level":"info","msg":"database connected","time":"2022-08-29 18:52:59"}
{"caller":"/main.go:53","level":"info","msg":"api server initializing","time":"2022-08-29 18:52:59"}
{"caller":"/main.go:18","level":"info","msg":"logger initialized","time":"2022-08-29 18:53:00"}
{"caller":"/main.go:22","level":"info","msg":"config loading...","time":"2022-08-29 18:53:00"}
{"caller":"/main.go:29","level":"info","msg":"config loaded","time":"2022-08-29 18:53:00"}
{"caller":"/main.go:31","level":"info","msg":"database connecting....","time":"2022-08-29 18:53:00"}
{"caller":"/main.go:46","level":"info","msg":"database connected","time":"2022-08-29 18:53:01"}
{"caller":"/main.go:53","level":"info","msg":"api server initializing","time":"2022-08-29 18:53:01"}
{"caller":"/main.go:18","level":"info","msg":"logger initialized","time":"2022-08-29 18:53:29"}
{"caller":"/main.go:22","level":"info","msg":"config loading...","time":"2022-08-29 18:53:29"}
{"caller":"/main.go:29","level":"info","msg":"config loaded","time":"2022-08-29 18:53:29"}
{"caller":"/main.go:31","level":"info","msg":"database connecting....","time":"2022-08-29 18:53:29"}
{"caller":"/main.go:46","level":"info","msg":"database connected","time":"2022-08-29 18:53:29"}
{"caller":"/main.go:53","level":"info","msg":"api server initializing","time":"2022-08-29 18:53:29"}
{"caller":"/main.go:18","level":"info","msg":"logger initialized","time":"2022-08-29 18:54:06"}
{"caller":"/main.go:22","level":"info","msg":"config loading...","time":"2022-08-29 18:54:06"}
{"caller":"/main.go:29","level":"info","msg":"config loaded","time":"2022-08-29 18:54:06"}
{"caller":"/main.go:31","level":"info","msg":"database connecting....","time":"2022-08-29 18:54:06"}
{"caller":"/main.go:46","level":"info","msg":"database connected","time":"2022-08-29 18:54:07"}
{"caller":"/main.go:53","level":"info","msg":"api server initializing","time":"2022-08-29 18:54:07"}
{"caller":"/main.go:18","level":"info","msg":"logger initialized","time":"2022-08-29 18:54:22"}
{"caller":"/main.go:22","level":"info","msg":"config loading...","time":"2022-08-29 18:54:22"}
{"caller":"/main.go:29","level":"info","msg":"config loaded","time":"2022-08-29 18:54:22"}
{"caller":"/main.go:31","level":"info","msg":"database connecting....","time":"2022-08-29 18:54:22"}
{"caller":"/main.go:46","level":"info","msg":"database connected","time":"2022-08-29 18:54:23"}
{"caller":"/main.go:53","level":"info","msg":"api server initializing","time":"2022-08-29 18:54:23"}
{"caller":"/main.go:18","level":"info","msg":"logger initialized","time":"2022-08-29 18:55:06"}
{"caller":"/main.go:22","level":"info","msg":"config loading...","time":"2022-08-29 18:55:06"}
{"caller":"/main.go:29","level":"info","msg":"config loaded","time":"2022-08-29 18:55:06"}
{"caller":"/main.go:31","level":"info","msg":"database connecting....","time":"2022-08-29 18:55:06"}
{"caller":"/main.go:46","level":"info","msg":"database connected","time":"2022-08-29 18:55:06"}
{"caller":"/main.go:53","level":"info","msg":"api server initializing","time":"2022-08-29 18:55:06"}
{"caller":"/main.go:18","level":"info","msg":"logger initialized","time":"2022-08-29 18:59:23"}
{"caller":"/main.go:22","level":"info","msg":"config loading...","time":"2022-08-29 18:59:23"}
{"caller":"/main.go:29","level":"info","msg":"config loaded","time":"2022-08-29 18:59:23"}
{"caller":"/main.go:31","level":"info","msg":"database connecting....","time":"2022-08-29 18:59:23"}
{"caller":"/main.go:46","level":"info","msg":"database connected","time":"2022-08-29 18:59:24"}
{"caller":"/main.go:53","level":"info","msg":"api server initializing","time":"2022-08-29 18:59:24"}
{"caller":"/main.go:18","level":"info","msg":"logger initialized","time":"2022-08-29 18:59:38"}
{"caller":"/main.go:22","level":"info","msg":"config loading...","time":"2022-08-29 18:59:38"}
{"caller":"/main.go:29","level":"info","msg":"config loaded","time":"2022-08-29 18:59:38"}
{"caller":"/main.go:31","level":"info","msg":"database connecting....","time":"2022-08-29 18:59:38"}
{"caller":"/main.go:46","level":"info","msg":"database connected","time":"2022-08-29 18:59:39"}
{"caller":"/main.go:53","level":"info","msg":"api server initializing","time":"2022-08-29 18:59:39"}
{"caller":"/main.go:18","level":"info","msg":"logger initialized","time":"2022-08-29 19:00:46"}
{"caller":"/main.go:22","level":"info","msg":"config loading...","time":"2022-08-29 19:00:46"}
{"caller":"/main.go:29","level":"info","msg":"config loaded","time":"2022-08-29 19:00:46"}
{"caller":"/main.go:31","level":"info","msg":"database connecting....","time":"2022-08-29 19:00:46"}
{"caller":"/main.go:46","level":"info","msg":"database connected","time":"2022-08-29 19:00:46"}
{"caller":"/main.go:53","level":"info","msg":"api server initializing","time":"2022-08-29 19:00:46"}
{"caller":"/main.go:18","level":"info","msg":"logger initialized","time":"2022-08-29 19:01:40"}
{"caller":"/main.go:22","level":"info","msg":"config loading...","time":"2022-08-29 19:01:40"}
{"caller":"/main.go:29","level":"info","msg":"config loaded","time":"2022-08-29 19:01:40"}
{"caller":"/main.go:31","level":"info","msg":"database connecting....","time":"2022-08-29 19:01:40"}
{"caller":"/main.go:46","level":"info","msg":"database connected","time":"2022-08-29 19:01:40"}
{"caller":"/main.go:53","level":"info","msg":"api server initializing","time":"2022-08-29 19:01:40"}
{"caller":"/main.go:18","level":"info","msg":"logger initialized","time":"2022-08-29 19:01:46"}
{"caller":"/main.go:22","level":"info","msg":"config loading...","time":"2022-08-29 19:01:46"}
{"caller":"/main.go:29","level":"info","msg":"config loaded","time":"2022-08-29 19:01:46"}
{"caller":"/main.go:31","level":"info","msg":"database connecting....","time":"2022-08-29 19:01:46"}
{"caller":"/main.go:46","level":"info","msg":"database connected","time":"2022-08-29 19:01:46"}
{"caller":"/main.go:53","level":"info","msg":"api server initializing","time":"2022-08-29 19:01:46"}
{"caller":"/main.go:18","level":"info","msg":"logger initialized","time":"2022-08-29 19:04:15"}
{"caller":"/main.go:22","level":"info","msg":"config loading...","time":"2022-08-29 19:04:15"}
{"caller":"/main.go:29","level":"info","msg":"config loaded","time":"2022-08-29 19:04:15"}
{"caller":"/main.go:31","level":"info","msg":"database connecting....","time":"2022-08-29 19:04:15"}
{"caller":"/main.go:46","level":"info","msg":"database connected","time":"2022-08-29 19:04:15"}
{"caller":"/main.go:53","level":"info","msg":"api server initializing","time":"2022-08-29 19:04:15"}
{"caller":"/main.go:18","level":"info","msg":"logger initialized","time":"2022-08-29 19:04:24"}
{"caller":"/main.go:22","level":"info","msg":"config loading...","time":"2022-08-29 19:04:24"}
{"caller":"/main.go:29","level":"info","msg":"config loaded","time":"2022-08-29 19:04:24"}
{"caller":"/main.go:31","level":"info","msg":"database connecting....","time":"2022-08-29 19:04:24"}
{"caller":"/main.go:46","level":"info","msg":"database connected","time":"2022-08-29 19:04:24"}
{"caller":"/main.go:53","level":"info","msg":"api server initializing","time":"2022-08-29 19:04:24"}
{"caller":"/main.go:18","level":"info","msg":"logger initialized","time":"2022-08-29 19:06:14"}
{"caller":"/main.go:22","level":"info","msg":"config loading...","time":"2022-08-29 19:06:14"}
{"caller":"/main.go:29","level":"info","msg":"config loaded","time":"2022-08-29 19:06:14"}
{"caller":"/main.go:31","level":"info","msg":"database connecting....","time":"2022-08-29 19:06:14"}
{"caller":"/main.go:46","level":"info","msg":"database connected","time":"2022-08-29 19:06:15"}
{"caller":"/main.go:53","level":"info","msg":"api server initializing","time":"2022-08-29 19:06:15"}
{"caller":"/main.go:18","level":"info","msg":"logger initialized","time":"2022-08-29 19:08:20"}
{"caller":"/main.go:22","level":"info","msg":"config loading...","time":"2022-08-29 19:08:20"}
{"caller":"/main.go:29","level":"info","msg":"config loaded","time":"2022-08-29 19:08:20"}
{"caller":"/main.go:31","level":"info","msg":"database connecting....","time":"2022-08-29 19:08:20"}
{"caller":"/main.go:46","level":"info","msg":"database connected","time":"2022-08-29 19:08:20"}
{"caller":"/main.go:53","level":"info","msg":"api server initializing","time":"2022-08-29 19:08:20"}
{"caller":"/main.go:18","level":"info","msg":"logger initialized","time":"2022-08-29 19:08:29"}
{"caller":"/main.go:22","level":"info","msg":"config loading...","time":"2022-08-29 19:08:29"}
{"caller":"/main.go:29","level":"info","msg":"config loaded","time":"2022-08-29 19:08:29"}
{"caller":"/main.go:31","level":"info","msg":"database connecting....","time":"2022-08-29 19:08:29"}
{"caller":"/main.go:46","level":"info","msg":"database connected","time":"2022-08-29 19:08:29"}
{"caller":"/main.go:53","level":"info","msg":"api server initializing","time":"2022-08-29 19:08:29"}
{"caller":"/main.go:18","level":"info","msg":"logger initialized","time":"2022-08-29 19:22:41"}
{"caller":"/main.go:22","level":"info","msg":"config loading...","time":"2022-08-29 19:22:41"}
{"caller":"/main.go:29","level":"info","msg":"config loaded","time":"2022-08-29 19:22:41"}
{"caller":"/main.go:31","level":"info","msg":"database connecting....","time":"2022-08-29 19:22:41"}
{"caller":"/main.go:46","level":"info","msg":"database connected","time":"2022-08-29 19:22:42"}
{"caller":"/main.go:53","level":"info","msg":"api server initializing","time":"2022-08-29 19:22:42"}
{"caller":"/main.go:18","level":"info","msg":"logger initialized","time":"2022-08-29 19:23:22"}
{"caller":"/main.go:22","level":"info","msg":"config loading...","time":"2022-08-29 19:23:22"}
{"caller":"/main.go:29","level":"info","msg":"config loaded","time":"2022-08-29 19:23:22"}
{"caller":"/main.go:31","level":"info","msg":"database connecting....","time":"2022-08-29 19:23:22"}
{"caller":"/main.go:46","level":"info","msg":"database connected","time":"2022-08-29 19:23:22"}
{"caller":"/main.go:53","level":"info","msg":"api server initializing","time":"2022-08-29 19:23:22"}
{"caller":"/main.go:18","level":"info","msg":"logger initialized","time":"2022-08-29 19:23:30"}
{"caller":"/main.go:22","level":"info","msg":"config loading...","time":"2022-08-29 19:23:30"}
{"caller":"/main.go:29","level":"info","msg":"config loaded","time":"2022-08-29 19:23:30"}
{"caller":"/main.go:31","level":"info","msg":"database connecting....","time":"2022-08-29 19:23:30"}
{"caller":"/main.go:46","level":"info","msg":"database connected","time":"2022-08-29 19:23:30"}
{"caller":"/main.go:53","level":"info","msg":"api server initializing","time":"2022-08-29 19:23:30"}
{"caller":"/main.go:18","level":"info","msg":"logger initialized","time":"2022-08-29 19:23:43"}
{"caller":"/main.go:22","level":"info","msg":"config loading...","time":"2022-08-29 19:23:43"}
{"caller":"/main.go:29","level":"info","msg":"config loaded","time":"2022-08-29 19:23:43"}
{"caller":"/main.go:31","level":"info","msg":"database connecting....","time":"2022-08-29 19:23:43"}
{"caller":"/main.go:46","level":"info","msg":"database connected","time":"2022-08-29 19:23:43"}
{"caller":"/main.go:53","level":"info","msg":"api server initializing","time":"2022-08-29 19:23:43"}
{"caller":"/main.go:18","level":"info","msg":"logger initialized","time":"2022-08-29 19:23:55"}
{"caller":"/main.go:22","level":"info","msg":"config loading...","time":"2022-08-29 19:23:55"}
{"caller":"/main.go:29","level":"info","msg":"config loaded","time":"2022-08-29 19:23:55"}
{"caller":"/main.go:31","level":"info","msg":"database connecting....","time":"2022-08-29 19:23:55"}
{"caller":"/main.go:46","level":"info","msg":"database connected","time":"2022-08-29 19:23:55"}
{"caller":"/main.go:53","level":"info","msg":"api server initializing","time":"2022-08-29 19:23:55"}
{"caller":"/main.go:18","level":"info","msg":"logger initialized","time":"2022-08-29 19:24:59"}
{"caller":"/main.go:22","level":"info","msg":"config loading...","time":"2022-08-29 19:24:59"}
{"caller":"/main.go:29","level":"info","msg":"config loaded","time":"2022-08-29 19:24:59"}
{"caller":"/main.go:31","level":"info","msg":"database connecting....","time":"2022-08-29 19:24:59"}
{"caller":"/main.go:46","level":"info","msg":"database connected","time":"2022-08-29 19:24:59"}
{"caller":"/main.go:53","level":"info","msg":"api server initializing","time":"2022-08-29 19:24:59"}
{"caller":"/main.go:18","level":"info","msg":"logger initialized","time":"2022-08-29 19:25:12"}
{"caller":"/main.go:22","level":"info","msg":"config loading...","time":"2022-08-29 19:25:12"}
{"caller":"/main.go:29","level":"info","msg":"config loaded","time":"2022-08-29 19:25:12"}
{"caller":"/main.go:31","level":"info","msg":"database connecting....","time":"2022-08-29 19:25:12"}
{"caller":"/main.go:46","level":"info","msg":"database connected","time":"2022-08-29 19:25:12"}
{"caller":"/main.go:53","level":"info","msg":"api server initializing","time":"2022-08-29 19:25:12"}
{"caller":"/main.go:18","level":"info","msg":"logger initialized","time":"2022-08-29 19:49:51"}
{"caller":"/main.go:22","level":"info","msg":"config loading...","time":"2022-08-29 19:49:51"}
{"caller":"/main.go:29","level":"info","msg":"config loaded","time":"2022-08-29 19:49:51"}
{"caller":"/main.go:31","level":"info","msg":"database connecting....","time":"2022-08-29 19:49:51"}
{"caller":"/main.go:46","level":"info","msg":"database connected","time":"2022-08-29 19:49:52"}
{"caller":"/main.go:53","level":"info","msg":"api server initializing","time":"2022-08-29 19:49:52"}
{"caller":"/main.go:18","level":"info","msg":"logger initialized","time":"2022-08-29 19:50:01"}
{"caller":"/main.go:22","level":"info","msg":"config loading...","time":"2022-08-29 19:50:01"}
{"caller":"/main.go:29","level":"info","msg":"config loaded","time":"2022-08-29 19:50:01"}
{"caller":"/main.go:31","level":"info","msg":"database connecting....","time":"2022-08-29 19:50:01"}
{"caller":"/main.go:46","level":"info","msg":"database connected","time":"2022-08-29 19:50:01"}
{"caller":"/main.go:53","level":"info","msg":"api server initializing","time":"2022-08-29 19:50:01"}
{"caller":"/main.go:18","level":"info","msg":"logger initialized","time":"2022-08-29 19:50:14"}
{"caller":"/main.go:22","level":"info","msg":"config loading...","time":"2022-08-29 19:50:14"}
{"caller":"/main.go:29","level":"info","msg":"config loaded","time":"2022-08-29 19:50:14"}
{"caller":"/main.go:31","level":"info","msg":"database connecting....","time":"2022-08-29 19:50:14"}
{"caller":"/main.go:46","level":"info","msg":"database connected","time":"2022-08-29 19:50:14"}
{"caller":"/main.go:53","level":"info","msg":"api server initializing","time":"2022-08-29 19:50:14"}
{"caller":"/main.go:18","level":"info","msg":"logger initialized","time":"2022-08-29 19:50:31"}
{"caller":"/main.go:22","level":"info","msg":"config loading...","time":"2022-08-29 19:50:31"}
{"caller":"/main.go:29","level":"info","msg":"config loaded","time":"2022-08-29 19:50:31"}
{"caller":"/main.go:31","level":"info","msg":"database connecting....","time":"2022-08-29 19:50:31"}
{"caller":"/main.go:46","level":"info","msg":"database connected","time":"2022-08-29 19:50:32"}
{"caller":"/main.go:53","level":"info","msg":"api server initializing","time":"2022-08-29 19:50:32"}
{"caller":"/main.go:18","level":"info","msg":"logger initialized","time":"2022-08-29 19:50:34"}
{"caller":"/main.go:22","level":"info","msg":"config loading...","time":"2022-08-29 19:50:34"}
{"caller":"/main.go:29","level":"info","msg":"config loaded","time":"2022-08-29 19:50:34"}
{"caller":"/main.go:31","level":"info","msg":"database connecting....","time":"2022-08-29 19:50:34"}
{"caller":"/main.go:46","level":"info","msg":"database connected","time":"2022-08-29 19:50:35"}
{"caller":"/main.go:53","level":"info","msg":"api server initializing","time":"2022-08-29 19:50:35"}
{"caller":"/main.go:18","level":"info","msg":"logger initialized","time":"2022-08-29 19:50:59"}
{"caller":"/main.go:22","level":"info","msg":"config loading...","time":"2022-08-29 19:50:59"}
{"caller":"/main.go:29","level":"info","msg":"config loaded","time":"2022-08-29 19:50:59"}
{"caller":"/main.go:31","level":"info","msg":"database connecting....","time":"2022-08-29 19:50:59"}
{"caller":"/main.go:46","level":"info","msg":"database connected","time":"2022-08-29 19:50:59"}
{"caller":"/main.go:53","level":"info","msg":"api server initializing","time":"2022-08-29 19:50:59"}
{"caller":"/main.go:18","level":"info","msg":"logger initialized","time":"2022-08-29 19:51:02"}
{"caller":"/main.go:22","level":"info","msg":"config loading...","time":"2022-08-29 19:51:02"}
{"caller":"/main.go:29","level":"info","msg":"config loaded","time":"2022-08-29 19:51:02"}
{"caller":"/main.go:31","level":"info","msg":"database connecting....","time":"2022-08-29 19:51:02"}
{"caller":"/main.go:46","level":"info","msg":"database connected","time":"2022-08-29 19:51:03"}
{"caller":"/main.go:53","level":"info","msg":"api server initializing","time":"2022-08-29 19:51:03"}
{"caller":"/main.go:18","level":"info","msg":"logger initialized","time":"2022-08-29 19:51:07"}
{"caller":"/main.go:22","level":"info","msg":"config loading...","time":"2022-08-29 19:51:07"}
{"caller":"/main.go:29","level":"info","msg":"config loaded","time":"2022-08-29 19:51:07"}
{"caller":"/main.go:31","level":"info","msg":"database connecting....","time":"2022-08-29 19:51:07"}
{"caller":"/main.go:46","level":"info","msg":"database connected","time":"2022-08-29 19:51:07"}
{"caller":"/main.go:53","level":"info","msg":"api server initializing","time":"2022-08-29 19:51:07"}
{"caller":"/main.go:18","level":"info","msg":"logger initialized","time":"2022-08-29 19:51:57"}
{"caller":"/main.go:22","level":"info","msg":"config loading...","time":"2022-08-29 19:51:57"}
{"caller":"/main.go:29","level":"info","msg":"config loaded","time":"2022-08-29 19:51:57"}
{"caller":"/main.go:31","level":"info","msg":"database connecting....","time":"2022-08-29 19:51:57"}
{"caller":"/main.go:46","level":"info","msg":"database connected","time":"2022-08-29 19:51:57"}
{"caller":"/main.go:53","level":"info","msg":"api server initializing","time":"2022-08-29 19:51:57"}
{"caller":"/main.go:18","level":"info","msg":"logger initialized","time":"2022-08-29 19:52:05"}
{"caller":"/main.go:22","level":"info","msg":"config loading...","time":"2022-08-29 19:52:05"}
{"caller":"/main.go:29","level":"info","msg":"config loaded","time":"2022-08-29 19:52:05"}
{"caller":"/main.go:31","level":"info","msg":"database connecting....","time":"2022-08-29 19:52:05"}
{"caller":"/main.go:46","level":"info","msg":"database connected","time":"2022-08-29 19:52:05"}
{"caller":"/main.go:53","level":"info","msg":"api server initializing","time":"2022-08-29 19:52:05"}
{"caller":"/main.go:18","level":"info","msg":"logger initialized","time":"2022-08-29 19:52:21"}
{"caller":"/main.go:22","level":"info","msg":"config loading...","time":"2022-08-29 19:52:21"}
{"caller":"/main.go:29","level":"info","msg":"config loaded","time":"2022-08-29 19:52:21"}
{"caller":"/main.go:31","level":"info","msg":"database connecting....","time":"2022-08-29 19:52:21"}
{"caller":"/main.go:46","level":"info","msg":"database connected","time":"2022-08-29 19:52:22"}
{"caller":"/main.go:53","level":"info","msg":"api server initializing","time":"2022-08-29 19:52:22"}
{"caller":"/main.go:18","level":"info","msg":"logger initialized","time":"2022-08-29 19:52:24"}
{"caller":"/main.go:22","level":"info","msg":"config loading...","time":"2022-08-29 19:52:24"}
{"caller":"/main.go:29","level":"info","msg":"config loaded","time":"2022-08-29 19:52:24"}
{"caller":"/main.go:31","level":"info","msg":"database connecting....","time":"2022-08-29 19:52:24"}
{"caller":"/main.go:46","level":"info","msg":"database connected","time":"2022-08-29 19:52:25"}
{"caller":"/main.go:53","level":"info","msg":"api server initializing","time":"2022-08-29 19:52:25"}
{"caller":"/main.go:18","level":"info","msg":"logger initialized","time":"2022-08-29 19:52:30"}
{"caller":"/main.go:22","level":"info","msg":"config loading...","time":"2022-08-29 19:52:30"}
{"caller":"/main.go:29","level":"info","msg":"config loaded","time":"2022-08-29 19:52:30"}
{"caller":"/main.go:31","level":"info","msg":"database connecting....","time":"2022-08-29 19:52:30"}
{"caller":"/main.go:46","level":"info","msg":"database connected","time":"2022-08-29 19:52:31"}
{"caller":"/main.go:53","level":"info","msg":"api server initializing","time":"2022-08-29 19:52:31"}
{"caller":"/main.go:18","level":"info","msg":"logger initialized","time":"2022-08-29 19:52:38"}
{"caller":"/main.go:22","level":"info","msg":"config loading...","time":"2022-08-29 19:52:38"}
{"caller":"/main.go:29","level":"info","msg":"config loaded","time":"2022-08-29 19:52:38"}
{"caller":"/main.go:31","level":"info","msg":"database connecting....","time":"2022-08-29 19:52:38"}
{"caller":"/main.go:46","level":"info","msg":"database connected","time":"2022-08-29 19:52:38"}
{"caller":"/main.go:53","level":"info","msg":"api server initializing","time":"2022-08-29 19:52:38"}
{"caller":"/main.go:18","level":"info","msg":"logger initialized","time":"2022-08-29 19:52:46"}
{"caller":"/main.go:22","level":"info","msg":"config loading...","time":"2022-08-29 19:52:46"}
{"caller":"/main.go:29","level":"info","msg":"config loaded","time":"2022-08-29 19:52:46"}
{"caller":"/main.go:31","level":"info","msg":"database connecting....","time":"2022-08-29 19:52:46"}
{"caller":"/main.go:46","level":"info","msg":"database connected","time":"2022-08-29 19:52:47"}
{"caller":"/main.go:53","level":"info","msg":"api server initializing","time":"2022-08-29 19:52:47"}
{"caller":"/main.go:18","level":"info","msg":"logger initialized","time":"2022-08-29 19:53:47"}
{"caller":"/main.go:22","level":"info","msg":"config loading...","time":"2022-08-29 19:53:47"}
{"caller":"/main.go:29","level":"info","msg":"config loaded","time":"2022-08-29 19:53:47"}
{"caller":"/main.go:31","level":"info","msg":"database connecting....","time":"2022-08-29 19:53:47"}
{"caller":"/main.go:46","level":"info","msg":"database connected","time":"2022-08-29 19:53:47"}
{"caller":"/main.go:53","level":"info","msg":"api server initializing","time":"2022-08-29 19:53:47"}
{"caller":"/main.go:18","level":"info","msg":"logger initialized","time":"2022-08-29 19:53:59"}
{"caller":"/main.go:22","level":"info","msg":"config loading...","time":"2022-08-29 19:53:59"}
{"caller":"/main.go:29","level":"info","msg":"config loaded","time":"2022-08-29 19:53:59"}
{"caller":"/main.go:31","level":"info","msg":"database connecting....","time":"2022-08-29 19:53:59"}
{"caller":"/main.go:46","level":"info","msg":"database connected","time":"2022-08-29 19:53:59"}
{"caller":"/main.go:53","level":"info","msg":"api server initializing","time":"2022-08-29 19:53:59"}
{"caller":"/main.go:18","level":"info","msg":"logger initialized","time":"2022-08-29 19:54:02"}
{"caller":"/main.go:22","level":"info","msg":"config loading...","time":"2022-08-29 19:54:02"}
{"caller":"/main.go:29","level":"info","msg":"config loaded","time":"2022-08-29 19:54:02"}
{"caller":"/main.go:31","level":"info","msg":"database connecting....","time":"2022-08-29 19:54:02"}
{"caller":"/main.go:46","level":"info","msg":"database connected","time":"2022-08-29 19:54:03"}
{"caller":"/main.go:53","level":"info","msg":"api server initializing","time":"2022-08-29 19:54:03"}
{"caller":"/main.go:18","level":"info","msg":"logger initialized","time":"2022-08-29 20:01:23"}
{"caller":"/main.go:22","level":"info","msg":"config loading...","time":"2022-08-29 20:01:23"}
{"caller":"/main.go:29","level":"info","msg":"config loaded","time":"2022-08-29 20:01:23"}
{"caller":"/main.go:31","level":"info","msg":"database connecting....","time":"2022-08-29 20:01:23"}
{"caller":"/main.go:46","level":"info","msg":"database connected","time":"2022-08-29 20:01:23"}
{"caller":"/main.go:53","level":"info","msg":"api server initializing","time":"2022-08-29 20:01:23"}
{"caller":"/main.go:18","level":"info","msg":"logger initialized","time":"2022-08-29 20:02:00"}
{"caller":"/main.go:22","level":"info","msg":"config loading...","time":"2022-08-29 20:02:00"}
{"caller":"/main.go:29","level":"info","msg":"config loaded","time":"2022-08-29 20:02:00"}
{"caller":"/main.go:31","level":"info","msg":"database connecting....","time":"2022-08-29 20:02:00"}
{"caller":"/main.go:46","level":"info","msg":"database connected","time":"2022-08-29 20:02:01"}
{"caller":"/main.go:53","level":"info","msg":"api server initializing","time":"2022-08-29 20:02:01"}
