{"caller":"/main.go:18","level":"info","msg":"logger initialized","time":"2022-08-30 12:08:02"}
{"caller":"/main.go:22","level":"info","msg":"config loading...","time":"2022-08-30 12:08:02"}
{"caller":"/main.go:29","level":"info","msg":"config loaded","time":"2022-08-30 12:08:02"}
{"caller":"/main.go:31","level":"info","msg":"database connecting....","time":"2022-08-30 12:08:02"}
{"caller":"/main.go:46","level":"info","msg":"database connected","time":"2022-08-30 12:08:02"}
{"caller":"/main.go:53","level":"info","msg":"api server initializing","time":"2022-08-30 12:08:02"}
{"caller":"/main.go:18","level":"info","msg":"logger initialized","time":"2022-08-30 12:09:06"}
{"caller":"/main.go:22","level":"info","msg":"config loading...","time":"2022-08-30 12:09:06"}
{"caller":"/main.go:29","level":"info","msg":"config loaded","time":"2022-08-30 12:09:06"}
{"caller":"/main.go:31","level":"info","msg":"database connecting....","time":"2022-08-30 12:09:06"}
{"caller":"/main.go:46","level":"info","msg":"database connected","time":"2022-08-30 12:09:07"}
{"caller":"/main.go:53","level":"info","msg":"api server initializing","time":"2022-08-30 12:09:07"}
{"caller":"/main.go:18","level":"info","msg":"logger initialized","time":"2022-08-30 12:09:54"}
{"caller":"/main.go:22","level":"info","msg":"config loading...","time":"2022-08-30 12:09:54"}
{"caller":"/main.go:29","level":"info","msg":"config loaded","time":"2022-08-30 12:09:54"}
{"caller":"/main.go:31","level":"info","msg":"database connecting....","time":"2022-08-30 12:09:54"}
{"caller":"/main.go:46","level":"info","msg":"database connected","time":"2022-08-30 12:09:55"}
{"caller":"/main.go:53","level":"info","msg":"api server initializing","time":"2022-08-30 12:09:55"}
{"caller":"/main.go:18","level":"info","msg":"logger initialized","time":"2022-08-30 12:14:16"}
{"caller":"/main.go:22","level":"info","msg":"config loading...","time":"2022-08-30 12:14:16"}
{"caller":"/main.go:29","level":"info","msg":"config loaded","time":"2022-08-30 12:14:16"}
{"caller":"/main.go:31","level":"info","msg":"database connecting....","time":"2022-08-30 12:14:16"}
{"caller":"/main.go:46","level":"info","msg":"database connected","time":"2022-08-30 12:14:17"}
{"caller":"/main.go:53","level":"info","msg":"api server initializing","time":"2022-08-30 12:14:17"}
{"caller":"/main.go:18","level":"info","msg":"logger initialized","time":"2022-08-30 12:14:24"}
{"caller":"/main.go:22","level":"info","msg":"config loading...","time":"2022-08-30 12:14:24"}
{"caller":"/main.go:29","level":"info","msg":"config loaded","time":"2022-08-30 12:14:25"}
{"caller":"/main.go:31","level":"info","msg":"database connecting....","time":"2022-08-30 12:14:25"}
{"caller":"/main.go:46","level":"info","msg":"database connected","time":"2022-08-30 12:14:25"}
{"caller":"/main.go:53","level":"info","msg":"api server initializing","time":"2022-08-30 12:14:25"}
{"caller":"/main.go:18","level":"info","msg":"logger initialized","time":"2022-08-30 12:14:42"}
{"caller":"/main.go:22","level":"info","msg":"config loading...","time":"2022-08-30 12:14:42"}
{"caller":"/main.go:29","level":"info","msg":"config loaded","time":"2022-08-30 12:14:42"}
{"caller":"/main.go:31","level":"info","msg":"database connecting....","time":"2022-08-30 12:14:42"}
{"caller":"/main.go:46","level":"info","msg":"database connected","time":"2022-08-30 12:14:42"}
{"caller":"/main.go:53","level":"info","msg":"api server initializing","time":"2022-08-30 12:14:42"}
{"caller":"/main.go:18","level":"info","msg":"logger initialized","time":"2022-08-30 12:16:59"}
{"caller":"/main.go:22","level":"info","msg":"config loading...","time":"2022-08-30 12:16:59"}
{"caller":"/main.go:29","level":"info","msg":"config loaded","time":"2022-08-30 12:16:59"}
{"caller":"/main.go:31","level":"info","msg":"database connecting....","time":"2022-08-30 12:16:59"}
{"caller":"/main.go:46","level":"info","msg":"database connected","time":"2022-08-30 12:16:59"}
{"caller":"/main.go:53","level":"info","msg":"api server initializing","time":"2022-08-30 12:16:59"}
{"caller":"/main.go:18","level":"info","msg":"logger initialized","time":"2022-08-30 12:24:55"}
{"caller":"/main.go:22","level":"info","msg":"config loading...","time":"2022-08-30 12:24:55"}
{"caller":"/main.go:29","level":"info","msg":"config loaded","time":"2022-08-30 12:24:55"}
{"caller":"/main.go:31","level":"info","msg":"database connecting....","time":"2022-08-30 12:24:55"}
{"caller":"/main.go:46","level":"info","msg":"database connected","time":"2022-08-30 12:24:55"}
{"caller":"/main.go:53","level":"info","msg":"api server initializing","time":"2022-08-30 12:24:55"}
{"caller":"/main.go:18","level":"info","msg":"logger initialized","time":"2022-08-30 12:25:34"}
{"caller":"/main.go:22","level":"info","msg":"config loading...","time":"2022-08-30 12:25:34"}
{"caller":"/main.go:29","level":"info","msg":"config loaded","time":"2022-08-30 12:25:34"}
{"caller":"/main.go:31","level":"info","msg":"database connecting....","time":"2022-08-30 12:25:34"}
{"caller":"/main.go:46","level":"info","msg":"database connected","time":"2022-08-30 12:25:35"}
{"caller":"/main.go:53","level":"info","msg":"api server initializing","time":"2022-08-30 12:25:35"}
{"caller":"/main.go:18","level":"info","msg":"logger initialized","time":"2022-08-30 12:25:51"}
{"caller":"/main.go:22","level":"info","msg":"config loading...","time":"2022-08-30 12:25:51"}
{"caller":"/main.go:29","level":"info","msg":"config loaded","time":"2022-08-30 12:25:51"}
{"caller":"/main.go:31","level":"info","msg":"database connecting....","time":"2022-08-30 12:25:51"}
{"caller":"/main.go:46","level":"info","msg":"database connected","time":"2022-08-30 12:25:52"}
{"caller":"/main.go:53","level":"info","msg":"api server initializing","time":"2022-08-30 12:25:52"}
{"caller":"/main.go:18","level":"info","msg":"logger initialized","time":"2022-08-30 12:27:34"}
{"caller":"/main.go:22","level":"info","msg":"config loading...","time":"2022-08-30 12:27:34"}
{"caller":"/main.go:29","level":"info","msg":"config loaded","time":"2022-08-30 12:27:34"}
{"caller":"/main.go:31","level":"info","msg":"database connecting....","time":"2022-08-30 12:27:34"}
{"caller":"/main.go:46","level":"info","msg":"database connected","time":"2022-08-30 12:27:35"}
{"caller":"/main.go:53","level":"info","msg":"api server initializing","time":"2022-08-30 12:27:35"}
{"caller":"/main.go:19","level":"info","msg":"logger initialized","time":"2022-08-30 12:31:49"}
{"caller":"/main.go:23","level":"info","msg":"config loading...","time":"2022-08-30 12:31:49"}
{"caller":"/main.go:30","level":"info","msg":"config loaded","time":"2022-08-30 12:31:49"}
{"caller":"/main.go:32","level":"info","msg":"database connecting....","time":"2022-08-30 12:31:49"}
{"caller":"/main.go:47","level":"info","msg":"database connected","time":"2022-08-30 12:31:49"}
{"caller":"/main.go:61","level":"info","msg":"api server initializing","time":"2022-08-30 12:31:49"}
{"caller":"/main.go:19","level":"info","msg":"logger initialized","time":"2022-08-30 12:31:58"}
{"caller":"/main.go:23","level":"info","msg":"config loading...","time":"2022-08-30 12:31:58"}
{"caller":"/main.go:30","level":"info","msg":"config loaded","time":"2022-08-30 12:31:58"}
{"caller":"/main.go:32","level":"info","msg":"database connecting....","time":"2022-08-30 12:31:58"}
{"caller":"/main.go:47","level":"info","msg":"database connected","time":"2022-08-30 12:31:58"}
{"caller":"/main.go:61","level":"info","msg":"api server initializing","time":"2022-08-30 12:31:58"}
{"caller":"/main.go:19","level":"info","msg":"logger initialized","time":"2022-08-30 12:41:25"}
{"caller":"/main.go:23","level":"info","msg":"config loading...","time":"2022-08-30 12:41:25"}
{"caller":"/main.go:30","level":"info","msg":"config loaded","time":"2022-08-30 12:41:25"}
{"caller":"/main.go:32","level":"info","msg":"database connecting....","time":"2022-08-30 12:41:25"}
{"caller":"/main.go:47","level":"info","msg":"database connected","time":"2022-08-30 12:41:25"}
{"caller":"/main.go:61","level":"info","msg":"api server initializing","time":"2022-08-30 12:41:25"}
{"caller":"/main.go:19","level":"info","msg":"logger initialized","time":"2022-08-30 12:41:34"}
{"caller":"/main.go:23","level":"info","msg":"config loading...","time":"2022-08-30 12:41:34"}
{"caller":"/main.go:30","level":"info","msg":"config loaded","time":"2022-08-30 12:41:34"}
{"caller":"/main.go:32","level":"info","msg":"database connecting....","time":"2022-08-30 12:41:34"}
{"caller":"/main.go:47","level":"info","msg":"database connected","time":"2022-08-30 12:41:34"}
{"caller":"/main.go:61","level":"info","msg":"api server initializing","time":"2022-08-30 12:41:34"}
{"caller":"/main.go:19","level":"info","msg":"logger initialized","time":"2022-08-30 12:42:59"}
{"caller":"/main.go:23","level":"info","msg":"config loading...","time":"2022-08-30 12:42:59"}
{"caller":"/main.go:30","level":"info","msg":"config loaded","time":"2022-08-30 12:42:59"}
{"caller":"/main.go:32","level":"info","msg":"database connecting....","time":"2022-08-30 12:42:59"}
{"caller":"/main.go:47","level":"info","msg":"database connected","time":"2022-08-30 12:43:00"}
{"caller":"/main.go:61","level":"info","msg":"api server initializing","time":"2022-08-30 12:43:00"}
{"caller":"/main.go:19","level":"info","msg":"logger initialized","time":"2022-08-30 12:43:07"}
{"caller":"/main.go:23","level":"info","msg":"config loading...","time":"2022-08-30 12:43:07"}
{"caller":"/main.go:30","level":"info","msg":"config loaded","time":"2022-08-30 12:43:07"}
{"caller":"/main.go:32","level":"info","msg":"database connecting....","time":"2022-08-30 12:43:07"}
{"caller":"/main.go:47","level":"info","msg":"database connected","time":"2022-08-30 12:43:07"}
{"caller":"/main.go:61","level":"info","msg":"api server initializing","time":"2022-08-30 12:43:07"}
{"caller":"/main.go:19","level":"info","msg":"logger initialized","time":"2022-08-30 12:43:43"}
{"caller":"/main.go:23","level":"info","msg":"config loading...","time":"2022-08-30 12:43:43"}
{"caller":"/main.go:30","level":"info","msg":"config loaded","time":"2022-08-30 12:43:43"}
{"caller":"/main.go:32","level":"info","msg":"database connecting....","time":"2022-08-30 12:43:43"}
{"caller":"/main.go:47","level":"info","msg":"database connected","time":"2022-08-30 12:43:43"}
{"caller":"/main.go:61","level":"info","msg":"api server initializing","time":"2022-08-30 12:43:43"}
{"caller":"/main.go:19","level":"info","msg":"logger initialized","time":"2022-08-30 12:44:59"}
{"caller":"/main.go:23","level":"info","msg":"config loading...","time":"2022-08-30 12:44:59"}
{"caller":"/main.go:30","level":"info","msg":"config loaded","time":"2022-08-30 12:44:59"}
{"caller":"/main.go:32","level":"info","msg":"database connecting....","time":"2022-08-30 12:44:59"}
{"caller":"/main.go:47","level":"info","msg":"database connected","time":"2022-08-30 12:44:59"}
{"caller":"/main.go:61","level":"info","msg":"api server initializing","time":"2022-08-30 12:44:59"}
{"caller":"/main.go:20","level":"info","msg":"logger initialized","time":"2022-08-30 12:51:14"}
{"caller":"/main.go:24","level":"info","msg":"config loading...","time":"2022-08-30 12:51:14"}
{"caller":"/main.go:31","level":"info","msg":"config loaded","time":"2022-08-30 12:51:14"}
{"caller":"/main.go:33","level":"info","msg":"database connecting....","time":"2022-08-30 12:51:14"}
{"caller":"/main.go:48","level":"info","msg":"database connected","time":"2022-08-30 12:51:14"}
{"caller":"/main.go:66","level":"info","msg":"api server initializing","time":"2022-08-30 12:51:14"}
{"caller":"/main.go:20","level":"info","msg":"logger initialized","time":"2022-08-30 12:51:43"}
{"caller":"/main.go:24","level":"info","msg":"config loading...","time":"2022-08-30 12:51:43"}
{"caller":"/main.go:31","level":"info","msg":"config loaded","time":"2022-08-30 12:51:43"}
{"caller":"/main.go:33","level":"info","msg":"database connecting....","time":"2022-08-30 12:51:43"}
{"caller":"/main.go:48","level":"info","msg":"database connected","time":"2022-08-30 12:51:44"}
{"caller":"/main.go:64","level":"info","msg":"api server initializing","time":"2022-08-30 12:51:44"}
{"caller":"/main.go:20","level":"info","msg":"logger initialized","time":"2022-08-30 12:53:23"}
{"caller":"/main.go:24","level":"info","msg":"config loading...","time":"2022-08-30 12:53:23"}
{"caller":"/main.go:31","level":"info","msg":"config loaded","time":"2022-08-30 12:53:23"}
{"caller":"/main.go:33","level":"info","msg":"database connecting....","time":"2022-08-30 12:53:23"}
{"caller":"/main.go:48","level":"info","msg":"database connected","time":"2022-08-30 12:53:23"}
{"caller":"/main.go:64","level":"info","msg":"api server initializing","time":"2022-08-30 12:53:23"}
{"caller":"/main.go:20","level":"info","msg":"logger initialized","time":"2022-08-30 12:53:40"}
{"caller":"/main.go:24","level":"info","msg":"config loading...","time":"2022-08-30 12:53:40"}
{"caller":"/main.go:31","level":"info","msg":"config loaded","time":"2022-08-30 12:53:40"}
{"caller":"/main.go:33","level":"info","msg":"database connecting....","time":"2022-08-30 12:53:40"}
{"caller":"/main.go:48","level":"info","msg":"database connected","time":"2022-08-30 12:53:40"}
{"caller":"/main.go:64","level":"info","msg":"api server initializing","time":"2022-08-30 12:53:40"}
{"caller":"/main.go:20","level":"info","msg":"logger initialized","time":"2022-08-30 12:54:22"}
{"caller":"/main.go:24","level":"info","msg":"config loading...","time":"2022-08-30 12:54:22"}
{"caller":"/main.go:31","level":"info","msg":"config loaded","time":"2022-08-30 12:54:22"}
{"caller":"/main.go:33","level":"info","msg":"database connecting....","time":"2022-08-30 12:54:22"}
{"caller":"/main.go:48","level":"info","msg":"database connected","time":"2022-08-30 12:54:23"}
{"caller":"/main.go:64","level":"info","msg":"api server initializing","time":"2022-08-30 12:54:23"}
{"caller":"/main.go:20","level":"info","msg":"logger initialized","time":"2022-08-30 12:54:55"}
{"caller":"/main.go:24","level":"info","msg":"config loading...","time":"2022-08-30 12:54:55"}
{"caller":"/main.go:31","level":"info","msg":"config loaded","time":"2022-08-30 12:54:55"}
{"caller":"/main.go:33","level":"info","msg":"database connecting....","time":"2022-08-30 12:54:55"}
{"caller":"/main.go:48","level":"info","msg":"database connected","time":"2022-08-30 12:54:55"}
{"caller":"/main.go:64","level":"info","msg":"api server initializing","time":"2022-08-30 12:54:55"}
{"caller":"/main.go:20","level":"info","msg":"logger initialized","time":"2022-08-30 12:55:42"}
{"caller":"/main.go:24","level":"info","msg":"config loading...","time":"2022-08-30 12:55:42"}
{"caller":"/main.go:31","level":"info","msg":"config loaded","time":"2022-08-30 12:55:42"}
{"caller":"/main.go:33","level":"info","msg":"database connecting....","time":"2022-08-30 12:55:42"}
{"caller":"/main.go:48","level":"info","msg":"database connected","time":"2022-08-30 12:55:42"}
{"caller":"/main.go:64","level":"info","msg":"api server initializing","time":"2022-08-30 12:55:42"}
{"caller":"/main.go:20","level":"info","msg":"logger initialized","time":"2022-08-30 12:56:07"}
{"caller":"/main.go:24","level":"info","msg":"config loading...","time":"2022-08-30 12:56:07"}
{"caller":"/main.go:31","level":"info","msg":"config loaded","time":"2022-08-30 12:56:07"}
{"caller":"/main.go:33","level":"info","msg":"database connecting....","time":"2022-08-30 12:56:07"}
{"caller":"/main.go:48","level":"info","msg":"database connected","time":"2022-08-30 12:56:07"}
{"caller":"/main.go:64","level":"info","msg":"api server initializing","time":"2022-08-30 12:56:07"}
{"caller":"/main.go:20","level":"info","msg":"logger initialized","time":"2022-08-30 12:56:19"}
{"caller":"/main.go:24","level":"info","msg":"config loading...","time":"2022-08-30 12:56:19"}
{"caller":"/main.go:31","level":"info","msg":"config loaded","time":"2022-08-30 12:56:19"}
{"caller":"/main.go:33","level":"info","msg":"database connecting....","time":"2022-08-30 12:56:19"}
{"caller":"/main.go:48","level":"info","msg":"database connected","time":"2022-08-30 12:56:19"}
{"caller":"/main.go:64","level":"info","msg":"api server initializing","time":"2022-08-30 12:56:19"}
{"caller":"/main.go:20","level":"info","msg":"logger initialized","time":"2022-08-30 12:56:32"}
{"caller":"/main.go:24","level":"info","msg":"config loading...","time":"2022-08-30 12:56:32"}
{"caller":"/main.go:31","level":"info","msg":"config loaded","time":"2022-08-30 12:56:32"}
{"caller":"/main.go:33","level":"info","msg":"database connecting....","time":"2022-08-30 12:56:32"}
{"caller":"/main.go:48","level":"info","msg":"database connected","time":"2022-08-30 12:56:33"}
{"caller":"/main.go:64","level":"info","msg":"api server initializing","time":"2022-08-30 12:56:33"}
{"caller":"/main.go:20","level":"info","msg":"logger initialized","time":"2022-08-30 12:56:53"}
{"caller":"/main.go:24","level":"info","msg":"config loading...","time":"2022-08-30 12:56:53"}
{"caller":"/main.go:31","level":"info","msg":"config loaded","time":"2022-08-30 12:56:53"}
{"caller":"/main.go:33","level":"info","msg":"database connecting....","time":"2022-08-30 12:56:53"}
{"caller":"/main.go:48","level":"info","msg":"database connected","time":"2022-08-30 12:56:53"}
{"caller":"/main.go:64","level":"info","msg":"api server initializing","time":"2022-08-30 12:56:53"}
{"caller":"/main.go:20","level":"info","msg":"logger initialized","time":"2022-08-30 12:57:29"}
{"caller":"/main.go:24","level":"info","msg":"config loading...","time":"2022-08-30 12:57:29"}
{"caller":"/main.go:31","level":"info","msg":"config loaded","time":"2022-08-30 12:57:29"}
{"caller":"/main.go:33","level":"info","msg":"database connecting....","time":"2022-08-30 12:57:29"}
{"caller":"/main.go:48","level":"info","msg":"database connected","time":"2022-08-30 12:57:30"}
{"caller":"/main.go:66","level":"info","msg":"api server initializing","time":"2022-08-30 12:57:30"}
{"caller":"/main.go:20","level":"info","msg":"logger initialized","time":"2022-08-30 12:58:01"}
{"caller":"/main.go:24","level":"info","msg":"config loading...","time":"2022-08-30 12:58:01"}
{"caller":"/main.go:31","level":"info","msg":"config loaded","time":"2022-08-30 12:58:01"}
{"caller":"/main.go:33","level":"info","msg":"database connecting....","time":"2022-08-30 12:58:01"}
{"caller":"/main.go:48","level":"info","msg":"database connected","time":"2022-08-30 12:58:01"}
{"caller":"/main.go:66","level":"info","msg":"api server initializing","time":"2022-08-30 12:58:01"}
{"caller":"/main.go:20","level":"info","msg":"logger initialized","time":"2022-08-30 12:58:18"}
{"caller":"/main.go:24","level":"info","msg":"config loading...","time":"2022-08-30 12:58:18"}
{"caller":"/main.go:31","level":"info","msg":"config loaded","time":"2022-08-30 12:58:18"}
{"caller":"/main.go:33","level":"info","msg":"database connecting....","time":"2022-08-30 12:58:18"}
{"caller":"/main.go:48","level":"info","msg":"database connected","time":"2022-08-30 12:58:19"}
{"caller":"/main.go:66","level":"info","msg":"api server initializing","time":"2022-08-30 12:58:19"}
{"caller":"/main.go:20","level":"info","msg":"logger initialized","time":"2022-08-30 13:00:54"}
{"caller":"/main.go:24","level":"info","msg":"config loading...","time":"2022-08-30 13:00:54"}
{"caller":"/main.go:31","level":"info","msg":"config loaded","time":"2022-08-30 13:00:54"}
{"caller":"/main.go:33","level":"info","msg":"database connecting....","time":"2022-08-30 13:00:54"}
{"caller":"/main.go:48","level":"info","msg":"database connected","time":"2022-08-30 13:00:55"}
{"caller":"/main.go:66","level":"info","msg":"api server initializing","time":"2022-08-30 13:00:55"}
{"caller":"/main.go:20","level":"info","msg":"logger initialized","time":"2022-08-30 13:03:31"}
{"caller":"/main.go:24","level":"info","msg":"config loading...","time":"2022-08-30 13:03:31"}
{"caller":"/main.go:31","level":"info","msg":"config loaded","time":"2022-08-30 13:03:31"}
{"caller":"/main.go:33","level":"info","msg":"database connecting....","time":"2022-08-30 13:03:31"}
{"caller":"/main.go:48","level":"info","msg":"database connected","time":"2022-08-30 13:03:31"}
{"caller":"/main.go:66","level":"info","msg":"api server initializing","time":"2022-08-30 13:03:31"}
{"caller":"/main.go:20","level":"info","msg":"logger initialized","time":"2022-08-30 13:04:08"}
{"caller":"/main.go:24","level":"info","msg":"config loading...","time":"2022-08-30 13:04:08"}
{"caller":"/main.go:31","level":"info","msg":"config loaded","time":"2022-08-30 13:04:08"}
{"caller":"/main.go:33","level":"info","msg":"database connecting....","time":"2022-08-30 13:04:08"}
{"caller":"/main.go:48","level":"info","msg":"database connected","time":"2022-08-30 13:04:09"}
{"caller":"/main.go:66","level":"info","msg":"api server initializing","time":"2022-08-30 13:04:09"}
{"caller":"/main.go:20","level":"info","msg":"logger initialized","time":"2022-08-30 13:04:25"}
{"caller":"/main.go:24","level":"info","msg":"config loading...","time":"2022-08-30 13:04:25"}
{"caller":"/main.go:31","level":"info","msg":"config loaded","time":"2022-08-30 13:04:25"}
{"caller":"/main.go:33","level":"info","msg":"database connecting....","time":"2022-08-30 13:04:25"}
{"caller":"/main.go:48","level":"info","msg":"database connected","time":"2022-08-30 13:04:26"}
{"caller":"/main.go:66","level":"info","msg":"api server initializing","time":"2022-08-30 13:04:26"}
{"caller":"/main.go:20","level":"info","msg":"logger initialized","time":"2022-08-30 13:04:43"}
{"caller":"/main.go:24","level":"info","msg":"config loading...","time":"2022-08-30 13:04:43"}
{"caller":"/main.go:31","level":"info","msg":"config loaded","time":"2022-08-30 13:04:43"}
{"caller":"/main.go:33","level":"info","msg":"database connecting....","time":"2022-08-30 13:04:43"}
{"caller":"/main.go:48","level":"info","msg":"database connected","time":"2022-08-30 13:04:43"}
{"caller":"/main.go:66","level":"info","msg":"api server initializing","time":"2022-08-30 13:04:43"}
{"caller":"/main.go:20","level":"info","msg":"logger initialized","time":"2022-08-30 13:04:59"}
{"caller":"/main.go:24","level":"info","msg":"config loading...","time":"2022-08-30 13:04:59"}
{"caller":"/main.go:31","level":"info","msg":"config loaded","time":"2022-08-30 13:04:59"}
{"caller":"/main.go:33","level":"info","msg":"database connecting....","time":"2022-08-30 13:04:59"}
{"caller":"/main.go:48","level":"info","msg":"database connected","time":"2022-08-30 13:05:00"}
{"caller":"/main.go:66","level":"info","msg":"api server initializing","time":"2022-08-30 13:05:00"}
{"caller":"/main.go:20","level":"info","msg":"logger initialized","time":"2022-08-30 13:05:21"}
{"caller":"/main.go:24","level":"info","msg":"config loading...","time":"2022-08-30 13:05:21"}
{"caller":"/main.go:31","level":"info","msg":"config loaded","time":"2022-08-30 13:05:21"}
{"caller":"/main.go:33","level":"info","msg":"database connecting....","time":"2022-08-30 13:05:21"}
{"caller":"/main.go:48","level":"info","msg":"database connected","time":"2022-08-30 13:05:21"}
{"caller":"/main.go:66","level":"info","msg":"api server initializing","time":"2022-08-30 13:05:21"}
{"caller":"/main.go:20","level":"info","msg":"logger initialized","time":"2022-08-30 13:05:33"}
{"caller":"/main.go:24","level":"info","msg":"config loading...","time":"2022-08-30 13:05:33"}
{"caller":"/main.go:31","level":"info","msg":"config loaded","time":"2022-08-30 13:05:33"}
{"caller":"/main.go:33","level":"info","msg":"database connecting....","time":"2022-08-30 13:05:33"}
{"caller":"/main.go:48","level":"info","msg":"database connected","time":"2022-08-30 13:05:33"}
{"caller":"/main.go:66","level":"info","msg":"api server initializing","time":"2022-08-30 13:05:33"}
{"caller":"/main.go:20","level":"info","msg":"logger initialized","time":"2022-08-30 13:07:55"}
{"caller":"/main.go:24","level":"info","msg":"config loading...","time":"2022-08-30 13:07:55"}
{"caller":"/main.go:31","level":"info","msg":"config loaded","time":"2022-08-30 13:07:55"}
{"caller":"/main.go:33","level":"info","msg":"database connecting....","time":"2022-08-30 13:07:55"}
{"caller":"/main.go:48","level":"info","msg":"database connected","time":"2022-08-30 13:07:56"}
{"caller":"/main.go:66","level":"info","msg":"api server initializing","time":"2022-08-30 13:07:56"}
{"caller":"/main.go:20","level":"info","msg":"logger initialized","time":"2022-08-30 13:08:37"}
{"caller":"/main.go:24","level":"info","msg":"config loading...","time":"2022-08-30 13:08:37"}
{"caller":"/main.go:31","level":"info","msg":"config loaded","time":"2022-08-30 13:08:37"}
{"caller":"/main.go:33","level":"info","msg":"database connecting....","time":"2022-08-30 13:08:37"}
{"caller":"/main.go:48","level":"info","msg":"database connected","time":"2022-08-30 13:08:38"}
{"caller":"/main.go:66","level":"info","msg":"api server initializing","time":"2022-08-30 13:08:38"}
{"caller":"/main.go:20","level":"info","msg":"logger initialized","time":"2022-08-30 13:09:21"}
{"caller":"/main.go:24","level":"info","msg":"config loading...","time":"2022-08-30 13:09:21"}
{"caller":"/main.go:31","level":"info","msg":"config loaded","time":"2022-08-30 13:09:21"}
{"caller":"/main.go:33","level":"info","msg":"database connecting....","time":"2022-08-30 13:09:21"}
{"caller":"/main.go:48","level":"info","msg":"database connected","time":"2022-08-30 13:09:21"}
{"caller":"/main.go:66","level":"info","msg":"api server initializing","time":"2022-08-30 13:09:21"}
{"caller":"/main.go:20","level":"info","msg":"logger initialized","time":"2022-08-30 13:10:41"}
{"caller":"/main.go:24","level":"info","msg":"config loading...","time":"2022-08-30 13:10:41"}
{"caller":"/main.go:31","level":"info","msg":"config loaded","time":"2022-08-30 13:10:41"}
{"caller":"/main.go:33","level":"info","msg":"database connecting....","time":"2022-08-30 13:10:41"}
{"caller":"/main.go:48","level":"info","msg":"database connected","time":"2022-08-30 13:10:42"}
{"caller":"/main.go:66","level":"info","msg":"api server initializing","time":"2022-08-30 13:10:42"}
{"caller":"/main.go:20","level":"info","msg":"logger initialized","time":"2022-08-30 13:26:41"}
{"caller":"/main.go:24","level":"info","msg":"config loading...","time":"2022-08-30 13:26:41"}
{"caller":"/main.go:31","level":"info","msg":"config loaded","time":"2022-08-30 13:26:41"}
{"caller":"/main.go:33","level":"info","msg":"database connecting....","time":"2022-08-30 13:26:41"}
{"caller":"/main.go:48","level":"info","msg":"database connected","time":"2022-08-30 13:26:42"}
{"caller":"/main.go:66","level":"info","msg":"api server initializing","time":"2022-08-30 13:26:42"}
{"caller":"/main.go:20","level":"info","msg":"logger initialized","time":"2022-08-30 13:27:16"}
{"caller":"/main.go:24","level":"info","msg":"config loading...","time":"2022-08-30 13:27:16"}
{"caller":"/main.go:31","level":"info","msg":"config loaded","time":"2022-08-30 13:27:16"}
{"caller":"/main.go:33","level":"info","msg":"database connecting....","time":"2022-08-30 13:27:16"}
{"caller":"/main.go:48","level":"info","msg":"database connected","time":"2022-08-30 13:27:16"}
{"caller":"/main.go:66","level":"info","msg":"api server initializing","time":"2022-08-30 13:27:16"}
{"caller":"/main.go:20","level":"info","msg":"logger initialized","time":"2022-08-30 13:27:44"}
{"caller":"/main.go:24","level":"info","msg":"config loading...","time":"2022-08-30 13:27:44"}
{"caller":"/main.go:31","level":"info","msg":"config loaded","time":"2022-08-30 13:27:44"}
{"caller":"/main.go:33","level":"info","msg":"database connecting....","time":"2022-08-30 13:27:44"}
{"caller":"/main.go:48","level":"info","msg":"database connected","time":"2022-08-30 13:27:44"}
{"caller":"/main.go:66","level":"info","msg":"api server initializing","time":"2022-08-30 13:27:44"}
{"caller":"/main.go:20","level":"info","msg":"logger initialized","time":"2022-08-30 13:32:25"}
{"caller":"/main.go:24","level":"info","msg":"config loading...","time":"2022-08-30 13:32:25"}
{"caller":"/main.go:31","level":"info","msg":"config loaded","time":"2022-08-30 13:32:25"}
{"caller":"/main.go:33","level":"info","msg":"database connecting....","time":"2022-08-30 13:32:25"}
{"caller":"/main.go:48","level":"info","msg":"database connected","time":"2022-08-30 13:32:26"}
{"caller":"/main.go:66","level":"info","msg":"api server initializing","time":"2022-08-30 13:32:26"}
{"caller":"/main.go:20","level":"info","msg":"logger initialized","time":"2022-08-30 13:33:32"}
{"caller":"/main.go:24","level":"info","msg":"config loading...","time":"2022-08-30 13:33:32"}
{"caller":"/main.go:31","level":"info","msg":"config loaded","time":"2022-08-30 13:33:32"}
{"caller":"/main.go:33","level":"info","msg":"database connecting....","time":"2022-08-30 13:33:32"}
{"caller":"/main.go:48","level":"info","msg":"database connected","time":"2022-08-30 13:33:32"}
{"caller":"/main.go:66","level":"info","msg":"api server initializing","time":"2022-08-30 13:33:32"}
{"caller":"/main.go:20","level":"info","msg":"logger initialized","time":"2022-08-30 13:33:44"}
{"caller":"/main.go:24","level":"info","msg":"config loading...","time":"2022-08-30 13:33:44"}
{"caller":"/main.go:31","level":"info","msg":"config loaded","time":"2022-08-30 13:33:44"}
{"caller":"/main.go:33","level":"info","msg":"database connecting....","time":"2022-08-30 13:33:44"}
{"caller":"/main.go:48","level":"info","msg":"database connected","time":"2022-08-30 13:33:44"}
{"caller":"/main.go:66","level":"info","msg":"api server initializing","time":"2022-08-30 13:33:44"}
{"caller":"/main.go:20","level":"info","msg":"logger initialized","time":"2022-08-30 13:34:20"}
{"caller":"/main.go:24","level":"info","msg":"config loading...","time":"2022-08-30 13:34:20"}
{"caller":"/main.go:31","level":"info","msg":"config loaded","time":"2022-08-30 13:34:20"}
{"caller":"/main.go:33","level":"info","msg":"database connecting....","time":"2022-08-30 13:34:20"}
{"caller":"/main.go:48","level":"info","msg":"database connected","time":"2022-08-30 13:34:20"}
{"caller":"/main.go:66","level":"info","msg":"api server initializing","time":"2022-08-30 13:34:20"}
{"caller":"/main.go:20","level":"info","msg":"logger initialized","time":"2022-08-30 13:34:44"}
{"caller":"/main.go:24","level":"info","msg":"config loading...","time":"2022-08-30 13:34:44"}
{"caller":"/main.go:31","level":"info","msg":"config loaded","time":"2022-08-30 13:34:44"}
{"caller":"/main.go:33","level":"info","msg":"database connecting....","time":"2022-08-30 13:34:44"}
{"caller":"/main.go:48","level":"info","msg":"database connected","time":"2022-08-30 13:34:45"}
{"caller":"/main.go:66","level":"info","msg":"api server initializing","time":"2022-08-30 13:34:45"}
{"caller":"/main.go:20","level":"info","msg":"logger initialized","time":"2022-08-30 13:35:16"}
{"caller":"/main.go:24","level":"info","msg":"config loading...","time":"2022-08-30 13:35:16"}
{"caller":"/main.go:31","level":"info","msg":"config loaded","time":"2022-08-30 13:35:16"}
{"caller":"/main.go:33","level":"info","msg":"database connecting....","time":"2022-08-30 13:35:16"}
{"caller":"/main.go:48","level":"info","msg":"database connected","time":"2022-08-30 13:35:16"}
{"caller":"/main.go:66","level":"info","msg":"api server initializing","time":"2022-08-30 13:35:16"}
{"caller":"/main.go:20","level":"info","msg":"logger initialized","time":"2022-08-30 13:35:24"}
{"caller":"/main.go:24","level":"info","msg":"config loading...","time":"2022-08-30 13:35:24"}
{"caller":"/main.go:31","level":"info","msg":"config loaded","time":"2022-08-30 13:35:24"}
{"caller":"/main.go:33","level":"info","msg":"database connecting....","time":"2022-08-30 13:35:24"}
{"caller":"/main.go:48","level":"info","msg":"database connected","time":"2022-08-30 13:35:25"}
{"caller":"/main.go:66","level":"info","msg":"api server initializing","time":"2022-08-30 13:35:25"}
{"caller":"/main.go:20","level":"info","msg":"logger initialized","time":"2022-08-30 13:38:07"}
{"caller":"/main.go:24","level":"info","msg":"config loading...","time":"2022-08-30 13:38:07"}
{"caller":"/main.go:31","level":"info","msg":"config loaded","time":"2022-08-30 13:38:07"}
{"caller":"/main.go:33","level":"info","msg":"database connecting....","time":"2022-08-30 13:38:07"}
{"caller":"/main.go:48","level":"info","msg":"database connected","time":"2022-08-30 13:38:07"}
{"caller":"/main.go:66","level":"info","msg":"api server initializing","time":"2022-08-30 13:38:07"}
{"caller":"/main.go:20","level":"info","msg":"logger initialized","time":"2022-08-30 13:38:37"}
{"caller":"/main.go:24","level":"info","msg":"config loading...","time":"2022-08-30 13:38:37"}
{"caller":"/main.go:31","level":"info","msg":"config loaded","time":"2022-08-30 13:38:37"}
{"caller":"/main.go:33","level":"info","msg":"database connecting....","time":"2022-08-30 13:38:37"}
{"caller":"/main.go:48","level":"info","msg":"database connected","time":"2022-08-30 13:38:38"}
{"caller":"/main.go:66","level":"info","msg":"api server initializing","time":"2022-08-30 13:38:38"}
{"caller":"/main.go:20","level":"info","msg":"logger initialized","time":"2022-08-30 13:39:06"}
{"caller":"/main.go:24","level":"info","msg":"config loading...","time":"2022-08-30 13:39:06"}
{"caller":"/main.go:31","level":"info","msg":"config loaded","time":"2022-08-30 13:39:06"}
{"caller":"/main.go:33","level":"info","msg":"database connecting....","time":"2022-08-30 13:39:06"}
{"caller":"/main.go:48","level":"info","msg":"database connected","time":"2022-08-30 13:39:06"}
{"caller":"/main.go:66","level":"info","msg":"api server initializing","time":"2022-08-30 13:39:06"}
{"caller":"/main.go:20","level":"info","msg":"logger initialized","time":"2022-08-30 13:41:04"}
{"caller":"/main.go:24","level":"info","msg":"config loading...","time":"2022-08-30 13:41:04"}
{"caller":"/main.go:31","level":"info","msg":"config loaded","time":"2022-08-30 13:41:04"}
{"caller":"/main.go:33","level":"info","msg":"database connecting....","time":"2022-08-30 13:41:04"}
{"caller":"/main.go:48","level":"info","msg":"database connected","time":"2022-08-30 13:41:04"}
{"caller":"/main.go:66","level":"info","msg":"api server initializing","time":"2022-08-30 13:41:04"}
{"caller":"/main.go:20","level":"info","msg":"logger initialized","time":"2022-08-30 13:41:55"}
{"caller":"/main.go:24","level":"info","msg":"config loading...","time":"2022-08-30 13:41:55"}
{"caller":"/main.go:31","level":"info","msg":"config loaded","time":"2022-08-30 13:41:55"}
{"caller":"/main.go:33","level":"info","msg":"database connecting....","time":"2022-08-30 13:41:55"}
{"caller":"/main.go:48","level":"info","msg":"database connected","time":"2022-08-30 13:41:56"}
{"caller":"/main.go:66","level":"info","msg":"api server initializing","time":"2022-08-30 13:41:56"}
{"caller":"/main.go:20","level":"info","msg":"logger initialized","time":"2022-08-30 13:42:44"}
{"caller":"/main.go:24","level":"info","msg":"config loading...","time":"2022-08-30 13:42:44"}
{"caller":"/main.go:31","level":"info","msg":"config loaded","time":"2022-08-30 13:42:44"}
{"caller":"/main.go:33","level":"info","msg":"database connecting....","time":"2022-08-30 13:42:44"}
{"caller":"/main.go:48","level":"info","msg":"database connected","time":"2022-08-30 13:42:44"}
{"caller":"/main.go:66","level":"info","msg":"api server initializing","time":"2022-08-30 13:42:44"}
{"caller":"/main.go:20","level":"info","msg":"logger initialized","time":"2022-08-30 13:45:31"}
{"caller":"/main.go:24","level":"info","msg":"config loading...","time":"2022-08-30 13:45:31"}
{"caller":"/main.go:31","level":"info","msg":"config loaded","time":"2022-08-30 13:45:31"}
{"caller":"/main.go:33","level":"info","msg":"database connecting....","time":"2022-08-30 13:45:31"}
{"caller":"/main.go:48","level":"info","msg":"database connected","time":"2022-08-30 13:45:32"}
{"caller":"/main.go:66","level":"info","msg":"api server initializing","time":"2022-08-30 13:45:32"}
{"caller":"/main.go:20","level":"info","msg":"logger initialized","time":"2022-08-30 13:45:40"}
{"caller":"/main.go:24","level":"info","msg":"config loading...","time":"2022-08-30 13:45:40"}
{"caller":"/main.go:31","level":"info","msg":"config loaded","time":"2022-08-30 13:45:40"}
{"caller":"/main.go:33","level":"info","msg":"database connecting....","time":"2022-08-30 13:45:40"}
{"caller":"/main.go:48","level":"info","msg":"database connected","time":"2022-08-30 13:45:40"}
{"caller":"/main.go:66","level":"info","msg":"api server initializing","time":"2022-08-30 13:45:40"}
{"caller":"/main.go:20","level":"info","msg":"logger initialized","time":"2022-08-30 13:48:03"}
{"caller":"/main.go:24","level":"info","msg":"config loading...","time":"2022-08-30 13:48:03"}
{"caller":"/main.go:31","level":"info","msg":"config loaded","time":"2022-08-30 13:48:03"}
{"caller":"/main.go:33","level":"info","msg":"database connecting....","time":"2022-08-30 13:48:03"}
{"caller":"/main.go:48","level":"info","msg":"database connected","time":"2022-08-30 13:48:03"}
{"caller":"/main.go:66","level":"info","msg":"api server initializing","time":"2022-08-30 13:48:03"}
{"caller":"/main.go:20","level":"info","msg":"logger initialized","time":"2022-08-30 13:48:13"}
{"caller":"/main.go:24","level":"info","msg":"config loading...","time":"2022-08-30 13:48:13"}
{"caller":"/main.go:31","level":"info","msg":"config loaded","time":"2022-08-30 13:48:13"}
{"caller":"/main.go:33","level":"info","msg":"database connecting....","time":"2022-08-30 13:48:13"}
{"caller":"/main.go:48","level":"info","msg":"database connected","time":"2022-08-30 13:48:14"}
{"caller":"/main.go:66","level":"info","msg":"api server initializing","time":"2022-08-30 13:48:14"}
{"caller":"/main.go:20","level":"info","msg":"logger initialized","time":"2022-08-30 13:50:56"}
{"caller":"/main.go:24","level":"info","msg":"config loading...","time":"2022-08-30 13:50:56"}
{"caller":"/main.go:31","level":"info","msg":"config loaded","time":"2022-08-30 13:50:56"}
{"caller":"/main.go:33","level":"info","msg":"database connecting....","time":"2022-08-30 13:50:56"}
{"caller":"/main.go:48","level":"info","msg":"database connected","time":"2022-08-30 13:50:56"}
{"caller":"/main.go:67","level":"info","msg":"api server initializing","time":"2022-08-30 13:50:56"}
{"caller":"/main.go:20","level":"info","msg":"logger initialized","time":"2022-08-30 13:51:23"}
{"caller":"/main.go:24","level":"info","msg":"config loading...","time":"2022-08-30 13:51:23"}
{"caller":"/main.go:31","level":"info","msg":"config loaded","time":"2022-08-30 13:51:23"}
{"caller":"/main.go:33","level":"info","msg":"database connecting....","time":"2022-08-30 13:51:23"}
{"caller":"/main.go:48","level":"info","msg":"database connected","time":"2022-08-30 13:51:24"}
{"caller":"/main.go:67","level":"info","msg":"api server initializing","time":"2022-08-30 13:51:24"}
{"caller":"/main.go:20","level":"info","msg":"logger initialized","time":"2022-08-30 13:53:13"}
{"caller":"/main.go:24","level":"info","msg":"config loading...","time":"2022-08-30 13:53:13"}
{"caller":"/main.go:31","level":"info","msg":"config loaded","time":"2022-08-30 13:53:13"}
{"caller":"/main.go:33","level":"info","msg":"database connecting....","time":"2022-08-30 13:53:13"}
{"caller":"/main.go:48","level":"info","msg":"database connected","time":"2022-08-30 13:53:13"}
{"caller":"/main.go:67","level":"info","msg":"api server initializing","time":"2022-08-30 13:53:13"}
{"caller":"/main.go:20","level":"info","msg":"logger initialized","time":"2022-08-30 13:53:39"}
{"caller":"/main.go:24","level":"info","msg":"config loading...","time":"2022-08-30 13:53:39"}
{"caller":"/main.go:31","level":"info","msg":"config loaded","time":"2022-08-30 13:53:39"}
{"caller":"/main.go:33","level":"info","msg":"database connecting....","time":"2022-08-30 13:53:39"}
{"caller":"/main.go:48","level":"info","msg":"database connected","time":"2022-08-30 13:53:39"}
{"caller":"/main.go:67","level":"info","msg":"api server initializing","time":"2022-08-30 13:53:39"}
{"caller":"/main.go:20","level":"info","msg":"logger initialized","time":"2022-08-30 13:54:34"}
{"caller":"/main.go:24","level":"info","msg":"config loading...","time":"2022-08-30 13:54:34"}
{"caller":"/main.go:31","level":"info","msg":"config loaded","time":"2022-08-30 13:54:34"}
{"caller":"/main.go:33","level":"info","msg":"database connecting....","time":"2022-08-30 13:54:34"}
{"caller":"/main.go:48","level":"info","msg":"database connected","time":"2022-08-30 13:54:34"}
{"caller":"/main.go:67","level":"info","msg":"api server initializing","time":"2022-08-30 13:54:34"}
{"caller":"/main.go:20","level":"info","msg":"logger initialized","time":"2022-08-30 13:55:54"}
{"caller":"/main.go:24","level":"info","msg":"config loading...","time":"2022-08-30 13:55:54"}
{"caller":"/main.go:31","level":"info","msg":"config loaded","time":"2022-08-30 13:55:54"}
{"caller":"/main.go:33","level":"info","msg":"database connecting....","time":"2022-08-30 13:55:54"}
{"caller":"/main.go:48","level":"info","msg":"database connected","time":"2022-08-30 13:55:54"}
{"caller":"/main.go:67","level":"info","msg":"api server initializing","time":"2022-08-30 13:55:54"}
{"caller":"/main.go:20","level":"info","msg":"logger initialized","time":"2022-08-30 13:56:46"}
{"caller":"/main.go:24","level":"info","msg":"config loading...","time":"2022-08-30 13:56:46"}
{"caller":"/main.go:31","level":"info","msg":"config loaded","time":"2022-08-30 13:56:46"}
{"caller":"/main.go:33","level":"info","msg":"database connecting....","time":"2022-08-30 13:56:46"}
{"caller":"/main.go:48","level":"info","msg":"database connected","time":"2022-08-30 13:56:46"}
{"caller":"/main.go:67","level":"info","msg":"api server initializing","time":"2022-08-30 13:56:46"}
{"caller":"/main.go:20","level":"info","msg":"logger initialized","time":"2022-08-30 13:56:50"}
{"caller":"/main.go:24","level":"info","msg":"config loading...","time":"2022-08-30 13:56:50"}
{"caller":"/main.go:31","level":"info","msg":"config loaded","time":"2022-08-30 13:56:50"}
{"caller":"/main.go:33","level":"info","msg":"database connecting....","time":"2022-08-30 13:56:50"}
{"caller":"/main.go:48","level":"info","msg":"database connected","time":"2022-08-30 13:56:50"}
{"caller":"/main.go:67","level":"info","msg":"api server initializing","time":"2022-08-30 13:56:50"}
{"caller":"/main.go:20","level":"info","msg":"logger initialized","time":"2022-08-30 14:51:08"}
{"caller":"/main.go:24","level":"info","msg":"config loading...","time":"2022-08-30 14:51:08"}
{"caller":"/main.go:31","level":"info","msg":"config loaded","time":"2022-08-30 14:51:08"}
{"caller":"/main.go:33","level":"info","msg":"database connecting....","time":"2022-08-30 14:51:08"}
{"caller":"/main.go:48","level":"info","msg":"database connected","time":"2022-08-30 14:51:08"}
{"caller":"/main.go:67","level":"info","msg":"api server initializing","time":"2022-08-30 14:51:08"}
{"caller":"/main.go:20","level":"info","msg":"logger initialized","time":"2022-08-30 14:55:40"}
{"caller":"/main.go:24","level":"info","msg":"config loading...","time":"2022-08-30 14:55:40"}
{"caller":"/main.go:31","level":"info","msg":"config loaded","time":"2022-08-30 14:55:40"}
{"caller":"/main.go:33","level":"info","msg":"database connecting....","time":"2022-08-30 14:55:40"}
{"caller":"/main.go:48","level":"info","msg":"database connected","time":"2022-08-30 14:55:40"}
{"caller":"/main.go:67","level":"info","msg":"api server initializing","time":"2022-08-30 14:55:40"}
{"caller":"/main.go:20","level":"info","msg":"logger initialized","time":"2022-08-30 14:56:12"}
{"caller":"/main.go:24","level":"info","msg":"config loading...","time":"2022-08-30 14:56:12"}
{"caller":"/main.go:31","level":"info","msg":"config loaded","time":"2022-08-30 14:56:12"}
{"caller":"/main.go:33","level":"info","msg":"database connecting....","time":"2022-08-30 14:56:12"}
{"caller":"/main.go:48","level":"info","msg":"database connected","time":"2022-08-30 14:56:13"}
{"caller":"/main.go:67","level":"info","msg":"api server initializing","time":"2022-08-30 14:56:13"}
{"caller":"/main.go:20","level":"info","msg":"logger initialized","time":"2022-08-30 14:57:26"}
{"caller":"/main.go:24","level":"info","msg":"config loading...","time":"2022-08-30 14:57:26"}
{"caller":"/main.go:31","level":"info","msg":"config loaded","time":"2022-08-30 14:57:26"}
{"caller":"/main.go:33","level":"info","msg":"database connecting....","time":"2022-08-30 14:57:26"}
{"caller":"/main.go:48","level":"info","msg":"database connected","time":"2022-08-30 14:57:27"}
{"caller":"/main.go:67","level":"info","msg":"api server initializing","time":"2022-08-30 14:57:27"}
{"caller":"/main.go:20","level":"info","msg":"logger initialized","time":"2022-08-30 14:58:51"}
{"caller":"/main.go:24","level":"info","msg":"config loading...","time":"2022-08-30 14:58:51"}
{"caller":"/main.go:31","level":"info","msg":"config loaded","time":"2022-08-30 14:58:51"}
{"caller":"/main.go:33","level":"info","msg":"database connecting....","time":"2022-08-30 14:58:51"}
{"caller":"/main.go:48","level":"info","msg":"database connected","time":"2022-08-30 14:58:51"}
{"caller":"/main.go:67","level":"info","msg":"api server initializing","time":"2022-08-30 14:58:51"}
{"caller":"/main.go:20","level":"info","msg":"logger initialized","time":"2022-08-30 14:59:05"}
{"caller":"/main.go:24","level":"info","msg":"config loading...","time":"2022-08-30 14:59:05"}
{"caller":"/main.go:31","level":"info","msg":"config loaded","time":"2022-08-30 14:59:05"}
{"caller":"/main.go:33","level":"info","msg":"database connecting....","time":"2022-08-30 14:59:05"}
{"caller":"/main.go:48","level":"info","msg":"database connected","time":"2022-08-30 14:59:05"}
{"caller":"/main.go:67","level":"info","msg":"api server initializing","time":"2022-08-30 14:59:05"}
{"caller":"/main.go:20","level":"info","msg":"logger initialized","time":"2022-08-30 15:00:29"}
{"caller":"/main.go:24","level":"info","msg":"config loading...","time":"2022-08-30 15:00:29"}
{"caller":"/main.go:31","level":"info","msg":"config loaded","time":"2022-08-30 15:00:29"}
{"caller":"/main.go:33","level":"info","msg":"database connecting....","time":"2022-08-30 15:00:29"}
{"caller":"/main.go:48","level":"info","msg":"database connected","time":"2022-08-30 15:00:30"}
{"caller":"/main.go:67","level":"info","msg":"api server initializing","time":"2022-08-30 15:00:30"}
{"caller":"/main.go:20","level":"info","msg":"logger initialized","time":"2022-08-30 15:01:05"}
{"caller":"/main.go:24","level":"info","msg":"config loading...","time":"2022-08-30 15:01:05"}
{"caller":"/main.go:31","level":"info","msg":"config loaded","time":"2022-08-30 15:01:05"}
{"caller":"/main.go:33","level":"info","msg":"database connecting....","time":"2022-08-30 15:01:05"}
{"caller":"/main.go:48","level":"info","msg":"database connected","time":"2022-08-30 15:01:06"}
{"caller":"/main.go:67","level":"info","msg":"api server initializing","time":"2022-08-30 15:01:06"}
{"caller":"/main.go:20","level":"info","msg":"logger initialized","time":"2022-08-30 15:01:11"}
{"caller":"/main.go:24","level":"info","msg":"config loading...","time":"2022-08-30 15:01:11"}
{"caller":"/main.go:31","level":"info","msg":"config loaded","time":"2022-08-30 15:01:11"}
{"caller":"/main.go:33","level":"info","msg":"database connecting....","time":"2022-08-30 15:01:11"}
{"caller":"/main.go:48","level":"info","msg":"database connected","time":"2022-08-30 15:01:11"}
{"caller":"/main.go:67","level":"info","msg":"api server initializing","time":"2022-08-30 15:01:11"}
{"caller":"/main.go:20","level":"info","msg":"logger initialized","time":"2022-08-30 15:05:02"}
{"caller":"/main.go:24","level":"info","msg":"config loading...","time":"2022-08-30 15:05:02"}
{"caller":"/main.go:31","level":"info","msg":"config loaded","time":"2022-08-30 15:05:02"}
{"caller":"/main.go:33","level":"info","msg":"database connecting....","time":"2022-08-30 15:05:02"}
{"caller":"/main.go:48","level":"info","msg":"database connected","time":"2022-08-30 15:05:02"}
{"caller":"/main.go:67","level":"info","msg":"api server initializing","time":"2022-08-30 15:05:02"}
{"caller":"/main.go:20","level":"info","msg":"logger initialized","time":"2022-08-30 15:05:55"}
{"caller":"/main.go:24","level":"info","msg":"config loading...","time":"2022-08-30 15:05:55"}
{"caller":"/main.go:31","level":"info","msg":"config loaded","time":"2022-08-30 15:05:55"}
{"caller":"/main.go:33","level":"info","msg":"database connecting....","time":"2022-08-30 15:05:55"}
{"caller":"/main.go:48","level":"info","msg":"database connected","time":"2022-08-30 15:05:55"}
{"caller":"/main.go:67","level":"info","msg":"api server initializing","time":"2022-08-30 15:05:55"}
{"caller":"/main.go:20","level":"info","msg":"logger initialized","time":"2022-08-30 15:06:15"}
{"caller":"/main.go:24","level":"info","msg":"config loading...","time":"2022-08-30 15:06:15"}
{"caller":"/main.go:31","level":"info","msg":"config loaded","time":"2022-08-30 15:06:15"}
{"caller":"/main.go:33","level":"info","msg":"database connecting....","time":"2022-08-30 15:06:15"}
{"caller":"/main.go:20","level":"info","msg":"logger initialized","time":"2022-08-30 15:06:19"}
{"caller":"/main.go:24","level":"info","msg":"config loading...","time":"2022-08-30 15:06:19"}
{"caller":"/main.go:31","level":"info","msg":"config loaded","time":"2022-08-30 15:06:19"}
{"caller":"/main.go:33","level":"info","msg":"database connecting....","time":"2022-08-30 15:06:19"}
{"caller":"/main.go:48","level":"info","msg":"database connected","time":"2022-08-30 15:06:19"}
{"caller":"/main.go:67","level":"info","msg":"api server initializing","time":"2022-08-30 15:06:19"}
{"caller":"/main.go:20","level":"info","msg":"logger initialized","time":"2022-08-30 15:06:46"}
{"caller":"/main.go:24","level":"info","msg":"config loading...","time":"2022-08-30 15:06:46"}
{"caller":"/main.go:31","level":"info","msg":"config loaded","time":"2022-08-30 15:06:46"}
{"caller":"/main.go:33","level":"info","msg":"database connecting....","time":"2022-08-30 15:06:46"}
{"caller":"/main.go:48","level":"info","msg":"database connected","time":"2022-08-30 15:06:47"}
{"caller":"/main.go:67","level":"info","msg":"api server initializing","time":"2022-08-30 15:06:47"}
{"caller":"/main.go:20","level":"info","msg":"logger initialized","time":"2022-08-30 15:07:02"}
{"caller":"/main.go:24","level":"info","msg":"config loading...","time":"2022-08-30 15:07:02"}
{"caller":"/main.go:31","level":"info","msg":"config loaded","time":"2022-08-30 15:07:02"}
{"caller":"/main.go:33","level":"info","msg":"database connecting....","time":"2022-08-30 15:07:02"}
{"caller":"/main.go:48","level":"info","msg":"database connected","time":"2022-08-30 15:07:02"}
{"caller":"/main.go:67","level":"info","msg":"api server initializing","time":"2022-08-30 15:07:02"}
{"caller":"/main.go:20","level":"info","msg":"logger initialized","time":"2022-08-30 15:10:31"}
{"caller":"/main.go:24","level":"info","msg":"config loading...","time":"2022-08-30 15:10:31"}
{"caller":"/main.go:31","level":"info","msg":"config loaded","time":"2022-08-30 15:10:31"}
{"caller":"/main.go:33","level":"info","msg":"database connecting....","time":"2022-08-30 15:10:31"}
{"caller":"/main.go:48","level":"info","msg":"database connected","time":"2022-08-30 15:10:31"}
{"caller":"/main.go:67","level":"info","msg":"api server initializing","time":"2022-08-30 15:10:31"}
{"caller":"/main.go:20","level":"info","msg":"logger initialized","time":"2022-08-30 15:12:49"}
{"caller":"/main.go:24","level":"info","msg":"config loading...","time":"2022-08-30 15:12:49"}
{"caller":"/main.go:31","level":"info","msg":"config loaded","time":"2022-08-30 15:12:49"}
{"caller":"/main.go:33","level":"info","msg":"database connecting....","time":"2022-08-30 15:12:49"}
{"caller":"/main.go:48","level":"info","msg":"database connected","time":"2022-08-30 15:12:49"}
{"caller":"/main.go:67","level":"info","msg":"api server initializing","time":"2022-08-30 15:12:49"}
{"caller":"/main.go:20","level":"info","msg":"logger initialized","time":"2022-08-30 15:14:40"}
{"caller":"/main.go:24","level":"info","msg":"config loading...","time":"2022-08-30 15:14:40"}
{"caller":"/main.go:31","level":"info","msg":"config loaded","time":"2022-08-30 15:14:40"}
{"caller":"/main.go:33","level":"info","msg":"database connecting....","time":"2022-08-30 15:14:40"}
{"caller":"/main.go:48","level":"info","msg":"database connected","time":"2022-08-30 15:14:40"}
{"caller":"/main.go:67","level":"info","msg":"api server initializing","time":"2022-08-30 15:14:40"}
{"caller":"/main.go:20","level":"info","msg":"logger initialized","time":"2022-08-30 15:16:10"}
{"caller":"/main.go:24","level":"info","msg":"config loading...","time":"2022-08-30 15:16:10"}
{"caller":"/main.go:31","level":"info","msg":"config loaded","time":"2022-08-30 15:16:10"}
{"caller":"/main.go:33","level":"info","msg":"database connecting....","time":"2022-08-30 15:16:10"}
{"caller":"/main.go:48","level":"info","msg":"database connected","time":"2022-08-30 15:16:10"}
{"caller":"/main.go:67","level":"info","msg":"api server initializing","time":"2022-08-30 15:16:10"}
{"caller":"/main.go:20","level":"info","msg":"logger initialized","time":"2022-08-30 15:16:14"}
{"caller":"/main.go:24","level":"info","msg":"config loading...","time":"2022-08-30 15:16:14"}
{"caller":"/main.go:31","level":"info","msg":"config loaded","time":"2022-08-30 15:16:14"}
{"caller":"/main.go:33","level":"info","msg":"database connecting....","time":"2022-08-30 15:16:14"}
{"caller":"/main.go:48","level":"info","msg":"database connected","time":"2022-08-30 15:16:15"}
{"caller":"/main.go:67","level":"info","msg":"api server initializing","time":"2022-08-30 15:16:15"}
{"caller":"/main.go:20","level":"info","msg":"logger initialized","time":"2022-08-30 15:16:29"}
{"caller":"/main.go:24","level":"info","msg":"config loading...","time":"2022-08-30 15:16:29"}
{"caller":"/main.go:31","level":"info","msg":"config loaded","time":"2022-08-30 15:16:29"}
{"caller":"/main.go:33","level":"info","msg":"database connecting....","time":"2022-08-30 15:16:29"}
{"caller":"/main.go:48","level":"info","msg":"database connected","time":"2022-08-30 15:16:30"}
{"caller":"/main.go:67","level":"info","msg":"api server initializing","time":"2022-08-30 15:16:30"}
{"caller":"/main.go:20","level":"info","msg":"logger initialized","time":"2022-08-30 15:16:38"}
{"caller":"/main.go:24","level":"info","msg":"config loading...","time":"2022-08-30 15:16:38"}
{"caller":"/main.go:31","level":"info","msg":"config loaded","time":"2022-08-30 15:16:38"}
{"caller":"/main.go:33","level":"info","msg":"database connecting....","time":"2022-08-30 15:16:38"}
{"caller":"/main.go:48","level":"info","msg":"database connected","time":"2022-08-30 15:16:38"}
{"caller":"/main.go:67","level":"info","msg":"api server initializing","time":"2022-08-30 15:16:38"}
{"caller":"/main.go:20","level":"info","msg":"logger initialized","time":"2022-08-30 15:17:25"}
{"caller":"/main.go:24","level":"info","msg":"config loading...","time":"2022-08-30 15:17:25"}
{"caller":"/main.go:31","level":"info","msg":"config loaded","time":"2022-08-30 15:17:25"}
{"caller":"/main.go:33","level":"info","msg":"database connecting....","time":"2022-08-30 15:17:25"}
{"caller":"/main.go:48","level":"info","msg":"database connected","time":"2022-08-30 15:17:25"}
{"caller":"/main.go:67","level":"info","msg":"api server initializing","time":"2022-08-30 15:17:25"}
{"caller":"/main.go:20","level":"info","msg":"logger initialized","time":"2022-08-30 15:17:37"}
{"caller":"/main.go:24","level":"info","msg":"config loading...","time":"2022-08-30 15:17:37"}
{"caller":"/main.go:31","level":"info","msg":"config loaded","time":"2022-08-30 15:17:37"}
{"caller":"/main.go:33","level":"info","msg":"database connecting....","time":"2022-08-30 15:17:37"}
{"caller":"/main.go:48","level":"info","msg":"database connected","time":"2022-08-30 15:17:37"}
{"caller":"/main.go:67","level":"info","msg":"api server initializing","time":"2022-08-30 15:17:37"}
{"caller":"/main.go:20","level":"info","msg":"logger initialized","time":"2022-08-30 15:19:37"}
{"caller":"/main.go:24","level":"info","msg":"config loading...","time":"2022-08-30 15:19:37"}
{"caller":"/main.go:31","level":"info","msg":"config loaded","time":"2022-08-30 15:19:37"}
{"caller":"/main.go:33","level":"info","msg":"database connecting....","time":"2022-08-30 15:19:37"}
{"caller":"/main.go:48","level":"info","msg":"database connected","time":"2022-08-30 15:19:38"}
{"caller":"/main.go:67","level":"info","msg":"api server initializing","time":"2022-08-30 15:19:38"}
{"caller":"/main.go:20","level":"info","msg":"logger initialized","time":"2022-08-30 15:19:56"}
{"caller":"/main.go:24","level":"info","msg":"config loading...","time":"2022-08-30 15:19:56"}
{"caller":"/main.go:31","level":"info","msg":"config loaded","time":"2022-08-30 15:19:56"}
{"caller":"/main.go:33","level":"info","msg":"database connecting....","time":"2022-08-30 15:19:56"}
{"caller":"/main.go:48","level":"info","msg":"database connected","time":"2022-08-30 15:19:56"}
{"caller":"/main.go:67","level":"info","msg":"api server initializing","time":"2022-08-30 15:19:56"}
{"caller":"/main.go:20","level":"info","msg":"logger initialized","time":"2022-08-30 15:20:41"}
{"caller":"/main.go:24","level":"info","msg":"config loading...","time":"2022-08-30 15:20:41"}
{"caller":"/main.go:31","level":"info","msg":"config loaded","time":"2022-08-30 15:20:41"}
{"caller":"/main.go:33","level":"info","msg":"database connecting....","time":"2022-08-30 15:20:41"}
{"caller":"/main.go:48","level":"info","msg":"database connected","time":"2022-08-30 15:20:41"}
{"caller":"/main.go:67","level":"info","msg":"api server initializing","time":"2022-08-30 15:20:41"}
{"caller":"/main.go:20","level":"info","msg":"logger initialized","time":"2022-08-30 15:22:05"}
{"caller":"/main.go:24","level":"info","msg":"config loading...","time":"2022-08-30 15:22:05"}
{"caller":"/main.go:31","level":"info","msg":"config loaded","time":"2022-08-30 15:22:05"}
{"caller":"/main.go:33","level":"info","msg":"database connecting....","time":"2022-08-30 15:22:05"}
{"caller":"/main.go:48","level":"info","msg":"database connected","time":"2022-08-30 15:22:05"}
{"caller":"/main.go:67","level":"info","msg":"api server initializing","time":"2022-08-30 15:22:05"}
{"caller":"/main.go:20","level":"info","msg":"logger initialized","time":"2022-08-30 15:22:21"}
{"caller":"/main.go:24","level":"info","msg":"config loading...","time":"2022-08-30 15:22:21"}
{"caller":"/main.go:31","level":"info","msg":"config loaded","time":"2022-08-30 15:22:21"}
{"caller":"/main.go:33","level":"info","msg":"database connecting....","time":"2022-08-30 15:22:21"}
{"caller":"/main.go:48","level":"info","msg":"database connected","time":"2022-08-30 15:22:21"}
{"caller":"/main.go:67","level":"info","msg":"api server initializing","time":"2022-08-30 15:22:21"}
{"caller":"/main.go:20","level":"info","msg":"logger initialized","time":"2022-08-30 15:22:29"}
{"caller":"/main.go:24","level":"info","msg":"config loading...","time":"2022-08-30 15:22:29"}
{"caller":"/main.go:31","level":"info","msg":"config loaded","time":"2022-08-30 15:22:29"}
{"caller":"/main.go:33","level":"info","msg":"database connecting....","time":"2022-08-30 15:22:29"}
{"caller":"/main.go:48","level":"info","msg":"database connected","time":"2022-08-30 15:22:30"}
{"caller":"/main.go:67","level":"info","msg":"api server initializing","time":"2022-08-30 15:22:30"}
{"caller":"/main.go:20","level":"info","msg":"logger initialized","time":"2022-08-30 15:22:46"}
{"caller":"/main.go:24","level":"info","msg":"config loading...","time":"2022-08-30 15:22:46"}
{"caller":"/main.go:31","level":"info","msg":"config loaded","time":"2022-08-30 15:22:46"}
{"caller":"/main.go:33","level":"info","msg":"database connecting....","time":"2022-08-30 15:22:46"}
{"caller":"/main.go:48","level":"info","msg":"database connected","time":"2022-08-30 15:22:46"}
{"caller":"/main.go:67","level":"info","msg":"api server initializing","time":"2022-08-30 15:22:46"}
{"caller":"/main.go:20","level":"info","msg":"logger initialized","time":"2022-08-30 15:24:19"}
{"caller":"/main.go:24","level":"info","msg":"config loading...","time":"2022-08-30 15:24:19"}
{"caller":"/main.go:31","level":"info","msg":"config loaded","time":"2022-08-30 15:24:19"}
{"caller":"/main.go:33","level":"info","msg":"database connecting....","time":"2022-08-30 15:24:19"}
{"caller":"/main.go:48","level":"info","msg":"database connected","time":"2022-08-30 15:24:20"}
{"caller":"/main.go:67","level":"info","msg":"api server initializing","time":"2022-08-30 15:24:20"}
{"caller":"/main.go:20","level":"info","msg":"logger initialized","time":"2022-08-30 15:24:37"}
{"caller":"/main.go:24","level":"info","msg":"config loading...","time":"2022-08-30 15:24:37"}
{"caller":"/main.go:31","level":"info","msg":"config loaded","time":"2022-08-30 15:24:37"}
{"caller":"/main.go:33","level":"info","msg":"database connecting....","time":"2022-08-30 15:24:37"}
{"caller":"/main.go:48","level":"info","msg":"database connected","time":"2022-08-30 15:24:37"}
{"caller":"/main.go:67","level":"info","msg":"api server initializing","time":"2022-08-30 15:24:37"}
{"caller":"/main.go:20","level":"info","msg":"logger initialized","time":"2022-08-30 15:24:50"}
{"caller":"/main.go:24","level":"info","msg":"config loading...","time":"2022-08-30 15:24:50"}
{"caller":"/main.go:31","level":"info","msg":"config loaded","time":"2022-08-30 15:24:50"}
{"caller":"/main.go:33","level":"info","msg":"database connecting....","time":"2022-08-30 15:24:50"}
{"caller":"/main.go:48","level":"info","msg":"database connected","time":"2022-08-30 15:24:51"}
{"caller":"/main.go:67","level":"info","msg":"api server initializing","time":"2022-08-30 15:24:51"}
{"caller":"/main.go:20","level":"info","msg":"logger initialized","time":"2022-08-30 15:25:48"}
{"caller":"/main.go:24","level":"info","msg":"config loading...","time":"2022-08-30 15:25:48"}
{"caller":"/main.go:31","level":"info","msg":"config loaded","time":"2022-08-30 15:25:48"}
{"caller":"/main.go:33","level":"info","msg":"database connecting....","time":"2022-08-30 15:25:48"}
{"caller":"/main.go:48","level":"info","msg":"database connected","time":"2022-08-30 15:25:48"}
{"caller":"/main.go:67","level":"info","msg":"api server initializing","time":"2022-08-30 15:25:48"}
{"caller":"/main.go:20","level":"info","msg":"logger initialized","time":"2022-08-30 15:26:11"}
{"caller":"/main.go:24","level":"info","msg":"config loading...","time":"2022-08-30 15:26:11"}
{"caller":"/main.go:31","level":"info","msg":"config loaded","time":"2022-08-30 15:26:11"}
{"caller":"/main.go:33","level":"info","msg":"database connecting....","time":"2022-08-30 15:26:11"}
{"caller":"/main.go:48","level":"info","msg":"database connected","time":"2022-08-30 15:26:12"}
{"caller":"/main.go:67","level":"info","msg":"api server initializing","time":"2022-08-30 15:26:12"}
{"caller":"/main.go:20","level":"info","msg":"logger initialized","time":"2022-08-30 15:26:24"}
{"caller":"/main.go:24","level":"info","msg":"config loading...","time":"2022-08-30 15:26:24"}
{"caller":"/main.go:31","level":"info","msg":"config loaded","time":"2022-08-30 15:26:24"}
{"caller":"/main.go:33","level":"info","msg":"database connecting....","time":"2022-08-30 15:26:24"}
{"caller":"/main.go:48","level":"info","msg":"database connected","time":"2022-08-30 15:26:25"}
{"caller":"/main.go:67","level":"info","msg":"api server initializing","time":"2022-08-30 15:26:25"}
{"caller":"/main.go:20","level":"info","msg":"logger initialized","time":"2022-08-30 15:39:28"}
{"caller":"/main.go:24","level":"info","msg":"config loading...","time":"2022-08-30 15:39:28"}
{"caller":"/main.go:31","level":"info","msg":"config loaded","time":"2022-08-30 15:39:28"}
{"caller":"/main.go:33","level":"info","msg":"database connecting....","time":"2022-08-30 15:39:28"}
{"caller":"/main.go:48","level":"info","msg":"database connected","time":"2022-08-30 15:39:28"}
{"caller":"/main.go:67","level":"info","msg":"api server initializing","time":"2022-08-30 15:39:28"}
{"caller":"/main.go:20","level":"info","msg":"logger initialized","time":"2022-08-30 15:39:55"}
{"caller":"/main.go:24","level":"info","msg":"config loading...","time":"2022-08-30 15:39:55"}
{"caller":"/main.go:31","level":"info","msg":"config loaded","time":"2022-08-30 15:39:55"}
{"caller":"/main.go:33","level":"info","msg":"database connecting....","time":"2022-08-30 15:39:55"}
{"caller":"/main.go:48","level":"info","msg":"database connected","time":"2022-08-30 15:39:56"}
{"caller":"/main.go:67","level":"info","msg":"api server initializing","time":"2022-08-30 15:39:56"}
{"caller":"/main.go:20","level":"info","msg":"logger initialized","time":"2022-08-30 15:41:46"}
{"caller":"/main.go:24","level":"info","msg":"config loading...","time":"2022-08-30 15:41:46"}
{"caller":"/main.go:31","level":"info","msg":"config loaded","time":"2022-08-30 15:41:46"}
{"caller":"/main.go:33","level":"info","msg":"database connecting....","time":"2022-08-30 15:41:46"}
{"caller":"/main.go:48","level":"info","msg":"database connected","time":"2022-08-30 15:41:47"}
{"caller":"/main.go:67","level":"info","msg":"api server initializing","time":"2022-08-30 15:41:47"}
{"caller":"/main.go:20","level":"info","msg":"logger initialized","time":"2022-08-30 15:42:28"}
{"caller":"/main.go:24","level":"info","msg":"config loading...","time":"2022-08-30 15:42:28"}
{"caller":"/main.go:31","level":"info","msg":"config loaded","time":"2022-08-30 15:42:28"}
{"caller":"/main.go:33","level":"info","msg":"database connecting....","time":"2022-08-30 15:42:28"}
{"caller":"/main.go:48","level":"info","msg":"database connected","time":"2022-08-30 15:42:28"}
{"caller":"/main.go:67","level":"info","msg":"api server initializing","time":"2022-08-30 15:42:28"}
{"caller":"/main.go:20","level":"info","msg":"logger initialized","time":"2022-08-30 15:43:05"}
{"caller":"/main.go:24","level":"info","msg":"config loading...","time":"2022-08-30 15:43:05"}
{"caller":"/main.go:31","level":"info","msg":"config loaded","time":"2022-08-30 15:43:05"}
{"caller":"/main.go:33","level":"info","msg":"database connecting....","time":"2022-08-30 15:43:05"}
{"caller":"/main.go:48","level":"info","msg":"database connected","time":"2022-08-30 15:43:06"}
{"caller":"/main.go:67","level":"info","msg":"api server initializing","time":"2022-08-30 15:43:06"}
{"caller":"/main.go:20","level":"info","msg":"logger initialized","time":"2022-08-30 15:45:37"}
{"caller":"/main.go:24","level":"info","msg":"config loading...","time":"2022-08-30 15:45:37"}
{"caller":"/main.go:31","level":"info","msg":"config loaded","time":"2022-08-30 15:45:37"}
{"caller":"/main.go:33","level":"info","msg":"database connecting....","time":"2022-08-30 15:45:37"}
{"caller":"/main.go:48","level":"info","msg":"database connected","time":"2022-08-30 15:45:37"}
{"caller":"/main.go:67","level":"info","msg":"api server initializing","time":"2022-08-30 15:45:37"}
{"caller":"/main.go:20","level":"info","msg":"logger initialized","time":"2022-08-30 15:48:10"}
{"caller":"/main.go:24","level":"info","msg":"config loading...","time":"2022-08-30 15:48:10"}
{"caller":"/main.go:31","level":"info","msg":"config loaded","time":"2022-08-30 15:48:10"}
{"caller":"/main.go:33","level":"info","msg":"database connecting....","time":"2022-08-30 15:48:10"}
{"caller":"/main.go:48","level":"info","msg":"database connected","time":"2022-08-30 15:48:11"}
{"caller":"/main.go:67","level":"info","msg":"api server initializing","time":"2022-08-30 15:48:11"}
{"caller":"/main.go:20","level":"info","msg":"logger initialized","time":"2022-08-30 18:17:19"}
{"caller":"/main.go:24","level":"info","msg":"config loading...","time":"2022-08-30 18:17:19"}
{"caller":"/main.go:31","level":"info","msg":"config loaded","time":"2022-08-30 18:17:19"}
{"caller":"/main.go:33","level":"info","msg":"database connecting....","time":"2022-08-30 18:17:19"}
{"caller":"/main.go:48","level":"info","msg":"database connected","time":"2022-08-30 18:17:19"}
{"caller":"/main.go:66","level":"info","msg":"api server initializing","time":"2022-08-30 18:17:19"}
{"caller":"/main.go:20","level":"info","msg":"logger initialized","time":"2022-08-30 18:18:10"}
{"caller":"/main.go:24","level":"info","msg":"config loading...","time":"2022-08-30 18:18:10"}
{"caller":"/main.go:31","level":"info","msg":"config loaded","time":"2022-08-30 18:18:10"}
{"caller":"/main.go:33","level":"info","msg":"database connecting....","time":"2022-08-30 18:18:10"}
{"caller":"/main.go:48","level":"info","msg":"database connected","time":"2022-08-30 18:18:10"}
{"caller":"/main.go:66","level":"info","msg":"api server initializing","time":"2022-08-30 18:18:10"}
{"caller":"/main.go:20","level":"info","msg":"logger initialized","time":"2022-08-30 18:19:35"}
{"caller":"/main.go:24","level":"info","msg":"config loading...","time":"2022-08-30 18:19:35"}
{"caller":"/main.go:31","level":"info","msg":"config loaded","time":"2022-08-30 18:19:35"}
{"caller":"/main.go:33","level":"info","msg":"database connecting....","time":"2022-08-30 18:19:35"}
{"caller":"/main.go:48","level":"info","msg":"database connected","time":"2022-08-30 18:19:35"}
{"caller":"/main.go:66","level":"info","msg":"api server initializing","time":"2022-08-30 18:19:35"}
{"caller":"/main.go:20","level":"info","msg":"logger initialized","time":"2022-08-30 18:27:38"}
{"caller":"/main.go:24","level":"info","msg":"config loading...","time":"2022-08-30 18:27:38"}
{"caller":"/main.go:31","level":"info","msg":"config loaded","time":"2022-08-30 18:27:38"}
{"caller":"/main.go:33","level":"info","msg":"database connecting....","time":"2022-08-30 18:27:38"}
{"caller":"/main.go:48","level":"info","msg":"database connected","time":"2022-08-30 18:27:38"}
{"caller":"/main.go:66","level":"info","msg":"api server initializing","time":"2022-08-30 18:27:38"}
{"caller":"/main.go:20","level":"info","msg":"logger initialized","time":"2022-08-30 18:27:55"}
{"caller":"/main.go:24","level":"info","msg":"config loading...","time":"2022-08-30 18:27:55"}
{"caller":"/main.go:31","level":"info","msg":"config loaded","time":"2022-08-30 18:27:55"}
{"caller":"/main.go:33","level":"info","msg":"database connecting....","time":"2022-08-30 18:27:55"}
{"caller":"/main.go:48","level":"info","msg":"database connected","time":"2022-08-30 18:27:55"}
{"caller":"/main.go:66","level":"info","msg":"api server initializing","time":"2022-08-30 18:27:55"}
{"caller":"/main.go:20","level":"info","msg":"logger initialized","time":"2022-08-30 18:28:05"}
{"caller":"/main.go:24","level":"info","msg":"config loading...","time":"2022-08-30 18:28:05"}
{"caller":"/main.go:31","level":"info","msg":"config loaded","time":"2022-08-30 18:28:05"}
{"caller":"/main.go:33","level":"info","msg":"database connecting....","time":"2022-08-30 18:28:05"}
{"caller":"/main.go:48","level":"info","msg":"database connected","time":"2022-08-30 18:28:05"}
{"caller":"/main.go:66","level":"info","msg":"api server initializing","time":"2022-08-30 18:28:05"}
{"caller":"/main.go:20","level":"info","msg":"logger initialized","time":"2022-08-30 18:28:53"}
{"caller":"/main.go:24","level":"info","msg":"config loading...","time":"2022-08-30 18:28:53"}
{"caller":"/main.go:31","level":"info","msg":"config loaded","time":"2022-08-30 18:28:53"}
{"caller":"/main.go:33","level":"info","msg":"database connecting....","time":"2022-08-30 18:28:53"}
{"caller":"/main.go:48","level":"info","msg":"database connected","time":"2022-08-30 18:28:53"}
{"caller":"/main.go:66","level":"info","msg":"api server initializing","time":"2022-08-30 18:28:53"}
{"caller":"/main.go:20","level":"info","msg":"logger initialized","time":"2022-08-30 18:30:08"}
{"caller":"/main.go:24","level":"info","msg":"config loading...","time":"2022-08-30 18:30:08"}
{"caller":"/main.go:31","level":"info","msg":"config loaded","time":"2022-08-30 18:30:08"}
{"caller":"/main.go:33","level":"info","msg":"database connecting....","time":"2022-08-30 18:30:08"}
{"caller":"/main.go:48","level":"info","msg":"database connected","time":"2022-08-30 18:30:08"}
{"caller":"/main.go:66","level":"info","msg":"api server initializing","time":"2022-08-30 18:30:08"}
{"caller":"/main.go:20","level":"info","msg":"logger initialized","time":"2022-08-30 18:30:24"}
{"caller":"/main.go:24","level":"info","msg":"config loading...","time":"2022-08-30 18:30:24"}
{"caller":"/main.go:31","level":"info","msg":"config loaded","time":"2022-08-30 18:30:24"}
{"caller":"/main.go:33","level":"info","msg":"database connecting....","time":"2022-08-30 18:30:24"}
{"caller":"/main.go:48","level":"info","msg":"database connected","time":"2022-08-30 18:30:25"}
{"caller":"/main.go:66","level":"info","msg":"api server initializing","time":"2022-08-30 18:30:25"}
{"caller":"/main.go:20","level":"info","msg":"logger initialized","time":"2022-08-30 18:30:35"}
{"caller":"/main.go:24","level":"info","msg":"config loading...","time":"2022-08-30 18:30:35"}
{"caller":"/main.go:31","level":"info","msg":"config loaded","time":"2022-08-30 18:30:35"}
{"caller":"/main.go:33","level":"info","msg":"database connecting....","time":"2022-08-30 18:30:35"}
{"caller":"/main.go:48","level":"info","msg":"database connected","time":"2022-08-30 18:30:35"}
{"caller":"/main.go:66","level":"info","msg":"api server initializing","time":"2022-08-30 18:30:35"}
{"caller":"/main.go:20","level":"info","msg":"logger initialized","time":"2022-08-30 18:30:59"}
{"caller":"/main.go:24","level":"info","msg":"config loading...","time":"2022-08-30 18:30:59"}
{"caller":"/main.go:31","level":"info","msg":"config loaded","time":"2022-08-30 18:30:59"}
{"caller":"/main.go:33","level":"info","msg":"database connecting....","time":"2022-08-30 18:30:59"}
{"caller":"/main.go:48","level":"info","msg":"database connected","time":"2022-08-30 18:30:59"}
{"caller":"/main.go:66","level":"info","msg":"api server initializing","time":"2022-08-30 18:30:59"}
{"caller":"/main.go:20","level":"info","msg":"logger initialized","time":"2022-08-30 18:31:14"}
{"caller":"/main.go:24","level":"info","msg":"config loading...","time":"2022-08-30 18:31:14"}
{"caller":"/main.go:31","level":"info","msg":"config loaded","time":"2022-08-30 18:31:14"}
{"caller":"/main.go:33","level":"info","msg":"database connecting....","time":"2022-08-30 18:31:14"}
{"caller":"/main.go:48","level":"info","msg":"database connected","time":"2022-08-30 18:31:14"}
{"caller":"/main.go:66","level":"info","msg":"api server initializing","time":"2022-08-30 18:31:14"}
{"caller":"/main.go:20","level":"info","msg":"logger initialized","time":"2022-08-30 18:31:23"}
{"caller":"/main.go:24","level":"info","msg":"config loading...","time":"2022-08-30 18:31:23"}
{"caller":"/main.go:31","level":"info","msg":"config loaded","time":"2022-08-30 18:31:23"}
{"caller":"/main.go:33","level":"info","msg":"database connecting....","time":"2022-08-30 18:31:23"}
{"caller":"/main.go:48","level":"info","msg":"database connected","time":"2022-08-30 18:31:23"}
{"caller":"/main.go:66","level":"info","msg":"api server initializing","time":"2022-08-30 18:31:23"}
{"caller":"/main.go:20","level":"info","msg":"logger initialized","time":"2022-08-30 18:31:47"}
{"caller":"/main.go:24","level":"info","msg":"config loading...","time":"2022-08-30 18:31:47"}
{"caller":"/main.go:31","level":"info","msg":"config loaded","time":"2022-08-30 18:31:47"}
{"caller":"/main.go:33","level":"info","msg":"database connecting....","time":"2022-08-30 18:31:47"}
{"caller":"/main.go:48","level":"info","msg":"database connected","time":"2022-08-30 18:31:47"}
{"caller":"/main.go:66","level":"info","msg":"api server initializing","time":"2022-08-30 18:31:47"}
{"caller":"/main.go:20","level":"info","msg":"logger initialized","time":"2022-08-30 18:31:56"}
{"caller":"/main.go:24","level":"info","msg":"config loading...","time":"2022-08-30 18:31:56"}
{"caller":"/main.go:31","level":"info","msg":"config loaded","time":"2022-08-30 18:31:56"}
{"caller":"/main.go:33","level":"info","msg":"database connecting....","time":"2022-08-30 18:31:56"}
{"caller":"/main.go:48","level":"info","msg":"database connected","time":"2022-08-30 18:31:56"}
{"caller":"/main.go:66","level":"info","msg":"api server initializing","time":"2022-08-30 18:31:56"}
{"caller":"/main.go:20","level":"info","msg":"logger initialized","time":"2022-08-30 18:32:03"}
{"caller":"/main.go:24","level":"info","msg":"config loading...","time":"2022-08-30 18:32:03"}
{"caller":"/main.go:31","level":"info","msg":"config loaded","time":"2022-08-30 18:32:03"}
{"caller":"/main.go:33","level":"info","msg":"database connecting....","time":"2022-08-30 18:32:03"}
{"caller":"/main.go:48","level":"info","msg":"database connected","time":"2022-08-30 18:32:04"}
{"caller":"/main.go:66","level":"info","msg":"api server initializing","time":"2022-08-30 18:32:04"}
{"caller":"/main.go:20","level":"info","msg":"logger initialized","time":"2022-08-30 18:33:41"}
{"caller":"/main.go:24","level":"info","msg":"config loading...","time":"2022-08-30 18:33:41"}
{"caller":"/main.go:31","level":"info","msg":"config loaded","time":"2022-08-30 18:33:41"}
{"caller":"/main.go:33","level":"info","msg":"database connecting....","time":"2022-08-30 18:33:41"}
{"caller":"/main.go:48","level":"info","msg":"database connected","time":"2022-08-30 18:33:41"}
{"caller":"/main.go:66","level":"info","msg":"api server initializing","time":"2022-08-30 18:33:41"}
{"caller":"/main.go:20","level":"info","msg":"logger initialized","time":"2022-08-30 18:34:20"}
{"caller":"/main.go:24","level":"info","msg":"config loading...","time":"2022-08-30 18:34:20"}
{"caller":"/main.go:31","level":"info","msg":"config loaded","time":"2022-08-30 18:34:20"}
{"caller":"/main.go:33","level":"info","msg":"database connecting....","time":"2022-08-30 18:34:20"}
{"caller":"/main.go:48","level":"info","msg":"database connected","time":"2022-08-30 18:34:20"}
{"caller":"/main.go:66","level":"info","msg":"api server initializing","time":"2022-08-30 18:34:20"}
{"caller":"/main.go:20","level":"info","msg":"logger initialized","time":"2022-08-30 18:35:10"}
{"caller":"/main.go:24","level":"info","msg":"config loading...","time":"2022-08-30 18:35:10"}
{"caller":"/main.go:31","level":"info","msg":"config loaded","time":"2022-08-30 18:35:10"}
{"caller":"/main.go:33","level":"info","msg":"database connecting....","time":"2022-08-30 18:35:10"}
{"caller":"/main.go:48","level":"info","msg":"database connected","time":"2022-08-30 18:35:10"}
{"caller":"/main.go:66","level":"info","msg":"api server initializing","time":"2022-08-30 18:35:10"}
{"caller":"/main.go:20","level":"info","msg":"logger initialized","time":"2022-08-30 18:36:54"}
{"caller":"/main.go:24","level":"info","msg":"config loading...","time":"2022-08-30 18:36:54"}
{"caller":"/main.go:31","level":"info","msg":"config loaded","time":"2022-08-30 18:36:54"}
{"caller":"/main.go:33","level":"info","msg":"database connecting....","time":"2022-08-30 18:36:54"}
{"caller":"/main.go:48","level":"info","msg":"database connected","time":"2022-08-30 18:36:55"}
{"caller":"/main.go:66","level":"info","msg":"api server initializing","time":"2022-08-30 18:36:55"}
{"caller":"/main.go:20","level":"info","msg":"logger initialized","time":"2022-08-30 18:41:30"}
{"caller":"/main.go:24","level":"info","msg":"config loading...","time":"2022-08-30 18:41:30"}
{"caller":"/main.go:31","level":"info","msg":"config loaded","time":"2022-08-30 18:41:30"}
{"caller":"/main.go:33","level":"info","msg":"database connecting....","time":"2022-08-30 18:41:30"}
{"caller":"/main.go:48","level":"info","msg":"database connected","time":"2022-08-30 18:41:31"}
{"caller":"/main.go:66","level":"info","msg":"api server initializing","time":"2022-08-30 18:41:31"}
{"caller":"/main.go:20","level":"info","msg":"logger initialized","time":"2022-08-30 18:42:08"}
{"caller":"/main.go:24","level":"info","msg":"config loading...","time":"2022-08-30 18:42:08"}
{"caller":"/main.go:31","level":"info","msg":"config loaded","time":"2022-08-30 18:42:08"}
{"caller":"/main.go:33","level":"info","msg":"database connecting....","time":"2022-08-30 18:42:08"}
{"caller":"/main.go:48","level":"info","msg":"database connected","time":"2022-08-30 18:42:08"}
{"caller":"/main.go:66","level":"info","msg":"api server initializing","time":"2022-08-30 18:42:08"}
{"caller":"/main.go:20","level":"info","msg":"logger initialized","time":"2022-08-30 18:43:27"}
{"caller":"/main.go:24","level":"info","msg":"config loading...","time":"2022-08-30 18:43:27"}
{"caller":"/main.go:31","level":"info","msg":"config loaded","time":"2022-08-30 18:43:27"}
{"caller":"/main.go:33","level":"info","msg":"database connecting....","time":"2022-08-30 18:43:27"}
{"caller":"/main.go:48","level":"info","msg":"database connected","time":"2022-08-30 18:43:27"}
{"caller":"/main.go:66","level":"info","msg":"api server initializing","time":"2022-08-30 18:43:27"}
{"caller":"/main.go:20","level":"info","msg":"logger initialized","time":"2022-08-30 18:44:19"}
{"caller":"/main.go:24","level":"info","msg":"config loading...","time":"2022-08-30 18:44:19"}
{"caller":"/main.go:31","level":"info","msg":"config loaded","time":"2022-08-30 18:44:19"}
{"caller":"/main.go:33","level":"info","msg":"database connecting....","time":"2022-08-30 18:44:19"}
{"caller":"/main.go:48","level":"info","msg":"database connected","time":"2022-08-30 18:44:20"}
{"caller":"/main.go:66","level":"info","msg":"api server initializing","time":"2022-08-30 18:44:20"}
{"caller":"/main.go:20","level":"info","msg":"logger initialized","time":"2022-08-30 18:45:24"}
{"caller":"/main.go:24","level":"info","msg":"config loading...","time":"2022-08-30 18:45:24"}
{"caller":"/main.go:31","level":"info","msg":"config loaded","time":"2022-08-30 18:45:24"}
{"caller":"/main.go:33","level":"info","msg":"database connecting....","time":"2022-08-30 18:45:24"}
{"caller":"/main.go:48","level":"info","msg":"database connected","time":"2022-08-30 18:45:25"}
{"caller":"/main.go:66","level":"info","msg":"api server initializing","time":"2022-08-30 18:45:25"}
{"caller":"/main.go:20","level":"info","msg":"logger initialized","time":"2022-08-30 18:45:41"}
{"caller":"/main.go:24","level":"info","msg":"config loading...","time":"2022-08-30 18:45:41"}
{"caller":"/main.go:31","level":"info","msg":"config loaded","time":"2022-08-30 18:45:41"}
{"caller":"/main.go:33","level":"info","msg":"database connecting....","time":"2022-08-30 18:45:41"}
{"caller":"/main.go:48","level":"info","msg":"database connected","time":"2022-08-30 18:45:41"}
{"caller":"/main.go:66","level":"info","msg":"api server initializing","time":"2022-08-30 18:45:41"}
{"caller":"/main.go:20","level":"info","msg":"logger initialized","time":"2022-08-30 18:46:12"}
{"caller":"/main.go:24","level":"info","msg":"config loading...","time":"2022-08-30 18:46:12"}
{"caller":"/main.go:31","level":"info","msg":"config loaded","time":"2022-08-30 18:46:12"}
{"caller":"/main.go:33","level":"info","msg":"database connecting....","time":"2022-08-30 18:46:12"}
{"caller":"/main.go:48","level":"info","msg":"database connected","time":"2022-08-30 18:46:12"}
{"caller":"/main.go:66","level":"info","msg":"api server initializing","time":"2022-08-30 18:46:12"}
{"caller":"/main.go:20","level":"info","msg":"logger initialized","time":"2022-08-30 18:46:27"}
{"caller":"/main.go:24","level":"info","msg":"config loading...","time":"2022-08-30 18:46:27"}
{"caller":"/main.go:31","level":"info","msg":"config loaded","time":"2022-08-30 18:46:27"}
{"caller":"/main.go:33","level":"info","msg":"database connecting....","time":"2022-08-30 18:46:27"}
{"caller":"/main.go:48","level":"info","msg":"database connected","time":"2022-08-30 18:46:28"}
{"caller":"/main.go:66","level":"info","msg":"api server initializing","time":"2022-08-30 18:46:28"}
{"caller":"/main.go:20","level":"info","msg":"logger initialized","time":"2022-08-30 18:47:08"}
{"caller":"/main.go:24","level":"info","msg":"config loading...","time":"2022-08-30 18:47:08"}
{"caller":"/main.go:31","level":"info","msg":"config loaded","time":"2022-08-30 18:47:08"}
{"caller":"/main.go:33","level":"info","msg":"database connecting....","time":"2022-08-30 18:47:08"}
{"caller":"/main.go:48","level":"info","msg":"database connected","time":"2022-08-30 18:47:08"}
{"caller":"/main.go:66","level":"info","msg":"api server initializing","time":"2022-08-30 18:47:08"}
{"caller":"/main.go:20","level":"info","msg":"logger initialized","time":"2022-08-30 18:48:26"}
{"caller":"/main.go:24","level":"info","msg":"config loading...","time":"2022-08-30 18:48:26"}
{"caller":"/main.go:31","level":"info","msg":"config loaded","time":"2022-08-30 18:48:26"}
{"caller":"/main.go:33","level":"info","msg":"database connecting....","time":"2022-08-30 18:48:26"}
{"caller":"/main.go:48","level":"info","msg":"database connected","time":"2022-08-30 18:48:26"}
{"caller":"/main.go:66","level":"info","msg":"api server initializing","time":"2022-08-30 18:48:26"}
{"caller":"/main.go:20","level":"info","msg":"logger initialized","time":"2022-08-30 18:48:38"}
{"caller":"/main.go:24","level":"info","msg":"config loading...","time":"2022-08-30 18:48:38"}
{"caller":"/main.go:31","level":"info","msg":"config loaded","time":"2022-08-30 18:48:38"}
{"caller":"/main.go:33","level":"info","msg":"database connecting....","time":"2022-08-30 18:48:38"}
{"caller":"/main.go:48","level":"info","msg":"database connected","time":"2022-08-30 18:48:39"}
{"caller":"/main.go:66","level":"info","msg":"api server initializing","time":"2022-08-30 18:48:39"}
