{"caller":"/main.go:19","level":"info","msg":"logger initialized","time":"2022-09-16 13:12:12"}
{"caller":"/main.go:23","level":"info","msg":"config loading...","time":"2022-09-16 13:12:12"}
{"caller":"/main.go:30","level":"info","msg":"config loaded","time":"2022-09-16 13:12:12"}
{"caller":"/main.go:32","level":"info","msg":"database connecting....","time":"2022-09-16 13:12:12"}
{"caller":"/main.go:47","level":"info","msg":"database connected","time":"2022-09-16 13:12:12"}
{"caller":"/main.go:50","level":"info","msg":"redis connecting....","time":"2022-09-16 13:12:12"}
{"caller":"/main.go:57","level":"info","msg":"redis connected","time":"2022-09-16 13:12:12"}
{"caller":"/main.go:91","level":"info","msg":"api server initializing","time":"2022-09-16 13:12:12"}
{"caller":"/main.go:19","level":"info","msg":"logger initialized","time":"2022-09-16 13:14:40"}
{"caller":"/main.go:23","level":"info","msg":"config loading...","time":"2022-09-16 13:14:40"}
{"caller":"/main.go:30","level":"info","msg":"config loaded","time":"2022-09-16 13:14:40"}
{"caller":"/main.go:32","level":"info","msg":"database connecting....","time":"2022-09-16 13:14:40"}
{"caller":"/main.go:47","level":"info","msg":"database connected","time":"2022-09-16 13:14:40"}
{"caller":"/main.go:50","level":"info","msg":"redis connecting....","time":"2022-09-16 13:14:40"}
{"caller":"/main.go:57","level":"info","msg":"redis connected","time":"2022-09-16 13:14:41"}
{"caller":"/main.go:91","level":"info","msg":"api server initializing","time":"2022-09-16 13:14:41"}
{"caller":"/main.go:19","level":"info","msg":"logger initialized","time":"2022-09-16 13:21:10"}
{"caller":"/main.go:23","level":"info","msg":"config loading...","time":"2022-09-16 13:21:10"}
{"caller":"/main.go:30","level":"info","msg":"config loaded","time":"2022-09-16 13:21:10"}
{"caller":"/main.go:32","level":"info","msg":"database connecting....","time":"2022-09-16 13:21:10"}
{"caller":"/main.go:47","level":"info","msg":"database connected","time":"2022-09-16 13:21:10"}
{"caller":"/main.go:50","level":"info","msg":"redis connecting....","time":"2022-09-16 13:21:10"}
{"caller":"/main.go:57","level":"info","msg":"redis connected","time":"2022-09-16 13:21:12"}
{"caller":"/main.go:91","level":"info","msg":"api server initializing","time":"2022-09-16 13:21:12"}
{"caller":"/main.go:19","level":"info","msg":"logger initialized","time":"2022-09-16 13:22:22"}
{"caller":"/main.go:23","level":"info","msg":"config loading...","time":"2022-09-16 13:22:22"}
{"caller":"/main.go:30","level":"info","msg":"config loaded","time":"2022-09-16 13:22:22"}
{"caller":"/main.go:32","level":"info","msg":"database connecting....","time":"2022-09-16 13:22:22"}
{"caller":"/main.go:47","level":"info","msg":"database connected","time":"2022-09-16 13:22:23"}
{"caller":"/main.go:50","level":"info","msg":"redis connecting....","time":"2022-09-16 13:22:23"}
{"caller":"/main.go:57","level":"info","msg":"redis connected","time":"2022-09-16 13:22:23"}
{"caller":"/main.go:91","level":"info","msg":"api server initializing","time":"2022-09-16 13:22:23"}
{"caller":"/main.go:19","level":"info","msg":"logger initialized","time":"2022-09-16 13:22:55"}
{"caller":"/main.go:23","level":"info","msg":"config loading...","time":"2022-09-16 13:22:55"}
{"caller":"/main.go:30","level":"info","msg":"config loaded","time":"2022-09-16 13:22:55"}
{"caller":"/main.go:32","level":"info","msg":"database connecting....","time":"2022-09-16 13:22:55"}
{"caller":"/main.go:47","level":"info","msg":"database connected","time":"2022-09-16 13:22:56"}
{"caller":"/main.go:50","level":"info","msg":"redis connecting....","time":"2022-09-16 13:22:56"}
{"caller":"/main.go:57","level":"info","msg":"redis connected","time":"2022-09-16 13:22:56"}
{"caller":"/main.go:91","level":"info","msg":"api server initializing","time":"2022-09-16 13:22:56"}
{"caller":"/main.go:19","level":"info","msg":"logger initialized","time":"2022-09-16 13:23:30"}
{"caller":"/main.go:23","level":"info","msg":"config loading...","time":"2022-09-16 13:23:30"}
{"caller":"/main.go:30","level":"info","msg":"config loaded","time":"2022-09-16 13:23:30"}
{"caller":"/main.go:32","level":"info","msg":"database connecting....","time":"2022-09-16 13:23:30"}
{"caller":"/main.go:47","level":"info","msg":"database connected","time":"2022-09-16 13:23:30"}
{"caller":"/main.go:50","level":"info","msg":"redis connecting....","time":"2022-09-16 13:23:30"}
{"caller":"/main.go:57","level":"info","msg":"redis connected","time":"2022-09-16 13:23:32"}
{"caller":"/main.go:91","level":"info","msg":"api server initializing","time":"2022-09-16 13:23:32"}
{"caller":"/main.go:19","level":"info","msg":"logger initialized","time":"2022-09-16 13:24:12"}
{"caller":"/main.go:23","level":"info","msg":"config loading...","time":"2022-09-16 13:24:12"}
{"caller":"/main.go:30","level":"info","msg":"config loaded","time":"2022-09-16 13:24:12"}
{"caller":"/main.go:32","level":"info","msg":"database connecting....","time":"2022-09-16 13:24:12"}
{"caller":"/main.go:47","level":"info","msg":"database connected","time":"2022-09-16 13:24:13"}
{"caller":"/main.go:50","level":"info","msg":"redis connecting....","time":"2022-09-16 13:24:13"}
{"caller":"/main.go:57","level":"info","msg":"redis connected","time":"2022-09-16 13:24:13"}
{"caller":"/main.go:91","level":"info","msg":"api server initializing","time":"2022-09-16 13:24:13"}
{"caller":"/main.go:19","level":"info","msg":"logger initialized","time":"2022-09-16 13:24:33"}
{"caller":"/main.go:23","level":"info","msg":"config loading...","time":"2022-09-16 13:24:33"}
{"caller":"/main.go:30","level":"info","msg":"config loaded","time":"2022-09-16 13:24:33"}
{"caller":"/main.go:32","level":"info","msg":"database connecting....","time":"2022-09-16 13:24:33"}
{"caller":"/main.go:47","level":"info","msg":"database connected","time":"2022-09-16 13:24:34"}
{"caller":"/main.go:50","level":"info","msg":"redis connecting....","time":"2022-09-16 13:24:34"}
{"caller":"/main.go:57","level":"info","msg":"redis connected","time":"2022-09-16 13:24:34"}
{"caller":"/main.go:91","level":"info","msg":"api server initializing","time":"2022-09-16 13:24:34"}
{"caller":"/main.go:19","level":"info","msg":"logger initialized","time":"2022-09-16 13:24:55"}
{"caller":"/main.go:23","level":"info","msg":"config loading...","time":"2022-09-16 13:24:55"}
{"caller":"/main.go:30","level":"info","msg":"config loaded","time":"2022-09-16 13:24:55"}
{"caller":"/main.go:32","level":"info","msg":"database connecting....","time":"2022-09-16 13:24:55"}
{"caller":"/main.go:47","level":"info","msg":"database connected","time":"2022-09-16 13:24:55"}
{"caller":"/main.go:50","level":"info","msg":"redis connecting....","time":"2022-09-16 13:24:55"}
{"caller":"/main.go:57","level":"info","msg":"redis connected","time":"2022-09-16 13:24:56"}
{"caller":"/main.go:91","level":"info","msg":"api server initializing","time":"2022-09-16 13:24:56"}
{"caller":"/main.go:19","level":"info","msg":"logger initialized","time":"2022-09-16 13:25:24"}
{"caller":"/main.go:23","level":"info","msg":"config loading...","time":"2022-09-16 13:25:24"}
{"caller":"/main.go:30","level":"info","msg":"config loaded","time":"2022-09-16 13:25:24"}
{"caller":"/main.go:32","level":"info","msg":"database connecting....","time":"2022-09-16 13:25:24"}
{"caller":"/main.go:47","level":"info","msg":"database connected","time":"2022-09-16 13:25:24"}
{"caller":"/main.go:50","level":"info","msg":"redis connecting....","time":"2022-09-16 13:25:24"}
{"caller":"/main.go:57","level":"info","msg":"redis connected","time":"2022-09-16 13:25:24"}
{"caller":"/main.go:91","level":"info","msg":"api server initializing","time":"2022-09-16 13:25:24"}
{"caller":"/main.go:19","level":"info","msg":"logger initialized","time":"2022-09-16 13:25:57"}
{"caller":"/main.go:23","level":"info","msg":"config loading...","time":"2022-09-16 13:25:57"}
{"caller":"/main.go:30","level":"info","msg":"config loaded","time":"2022-09-16 13:25:57"}
{"caller":"/main.go:32","level":"info","msg":"database connecting....","time":"2022-09-16 13:25:57"}
{"caller":"/main.go:47","level":"info","msg":"database connected","time":"2022-09-16 13:25:57"}
{"caller":"/main.go:50","level":"info","msg":"redis connecting....","time":"2022-09-16 13:25:57"}
{"caller":"/main.go:57","level":"info","msg":"redis connected","time":"2022-09-16 13:25:58"}
{"caller":"/main.go:91","level":"info","msg":"api server initializing","time":"2022-09-16 13:25:58"}
{"caller":"/main.go:19","level":"info","msg":"logger initialized","time":"2022-09-16 13:26:10"}
{"caller":"/main.go:23","level":"info","msg":"config loading...","time":"2022-09-16 13:26:10"}
{"caller":"/main.go:30","level":"info","msg":"config loaded","time":"2022-09-16 13:26:10"}
{"caller":"/main.go:32","level":"info","msg":"database connecting....","time":"2022-09-16 13:26:10"}
{"caller":"/main.go:47","level":"info","msg":"database connected","time":"2022-09-16 13:26:11"}
{"caller":"/main.go:50","level":"info","msg":"redis connecting....","time":"2022-09-16 13:26:11"}
{"caller":"/main.go:57","level":"info","msg":"redis connected","time":"2022-09-16 13:26:11"}
{"caller":"/main.go:91","level":"info","msg":"api server initializing","time":"2022-09-16 13:26:11"}
{"caller":"/utils/config.go:35","level":"warning","msg":"Config file changed:/Users/rachitkawar/Novostack/indivest/indivest-engine-go/app.env","time":"2022-09-16 13:26:33"}
