{"caller":"/main.go:20","level":"info","msg":"logger initialized","time":"2022-08-30 14:36:11"}
{"caller":"/main.go:24","level":"info","msg":"config loading...","time":"2022-08-30 14:36:11"}
{"caller":"/main.go:31","level":"info","msg":"config loaded","time":"2022-08-30 14:36:11"}
{"caller":"/main.go:33","level":"info","msg":"database connecting....","time":"2022-08-30 14:36:11"}
{"caller":"/db/connector.go:31","level":"error","msg":"failed to connect to `host=localhost user=postgres database=postgres`: dial error (dial tcp [::1]:5432: connect: cannot assign requested address)","time":"2022-08-30 14:36:11"}
{"caller":"/main.go:38","level":"fatal","msg":"failed to connect to `host=localhost user=postgres database=postgres`: dial error (dial tcp [::1]:5432: connect: cannot assign requested address)","time":"2022-08-30 14:36:11"}
{"caller":"/main.go:20","level":"info","msg":"logger initialized","time":"2022-08-30 14:36:12"}
{"caller":"/main.go:24","level":"info","msg":"config loading...","time":"2022-08-30 14:36:12"}
{"caller":"/main.go:31","level":"info","msg":"config loaded","time":"2022-08-30 14:36:12"}
{"caller":"/main.go:33","level":"info","msg":"database connecting....","time":"2022-08-30 14:36:12"}
{"caller":"/db/connector.go:31","level":"error","msg":"failed to connect to `host=localhost user=postgres database=postgres`: dial error (dial tcp [::1]:5432: connect: cannot assign requested address)","time":"2022-08-30 14:36:12"}
{"caller":"/main.go:38","level":"fatal","msg":"failed to connect to `host=localhost user=postgres database=postgres`: dial error (dial tcp [::1]:5432: connect: cannot assign requested address)","time":"2022-08-30 14:36:12"}
{"caller":"/main.go:20","level":"info","msg":"logger initialized","time":"2022-08-30 14:36:12"}
{"caller":"/main.go:24","level":"info","msg":"config loading...","time":"2022-08-30 14:36:12"}
{"caller":"/main.go:31","level":"info","msg":"config loaded","time":"2022-08-30 14:36:12"}
{"caller":"/main.go:33","level":"info","msg":"database connecting....","time":"2022-08-30 14:36:12"}
{"caller":"/db/connector.go:31","level":"error","msg":"failed to connect to `host=localhost user=postgres database=postgres`: dial error (dial tcp [::1]:5432: connect: cannot assign requested address)","time":"2022-08-30 14:36:12"}
{"caller":"/main.go:38","level":"fatal","msg":"failed to connect to `host=localhost user=postgres database=postgres`: dial error (dial tcp [::1]:5432: connect: cannot assign requested address)","time":"2022-08-30 14:36:12"}
{"caller":"/main.go:20","level":"info","msg":"logger initialized","time":"2022-08-30 14:36:13"}
{"caller":"/main.go:24","level":"info","msg":"config loading...","time":"2022-08-30 14:36:13"}
{"caller":"/main.go:31","level":"info","msg":"config loaded","time":"2022-08-30 14:36:13"}
{"caller":"/main.go:33","level":"info","msg":"database connecting....","time":"2022-08-30 14:36:13"}
{"caller":"/db/connector.go:31","level":"error","msg":"failed to connect to `host=localhost user=postgres database=postgres`: dial error (dial tcp [::1]:5432: connect: cannot assign requested address)","time":"2022-08-30 14:36:13"}
{"caller":"/main.go:38","level":"fatal","msg":"failed to connect to `host=localhost user=postgres database=postgres`: dial error (dial tcp [::1]:5432: connect: cannot assign requested address)","time":"2022-08-30 14:36:13"}
{"caller":"/main.go:20","level":"info","msg":"logger initialized","time":"2022-08-30 14:36:14"}
{"caller":"/main.go:24","level":"info","msg":"config loading...","time":"2022-08-30 14:36:14"}
{"caller":"/main.go:31","level":"info","msg":"config loaded","time":"2022-08-30 14:36:14"}
{"caller":"/main.go:33","level":"info","msg":"database connecting....","time":"2022-08-30 14:36:14"}
{"caller":"/db/connector.go:31","level":"error","msg":"failed to connect to `host=localhost user=postgres database=postgres`: dial error (dial tcp [::1]:5432: connect: cannot assign requested address)","time":"2022-08-30 14:36:14"}
{"caller":"/main.go:38","level":"fatal","msg":"failed to connect to `host=localhost user=postgres database=postgres`: dial error (dial tcp [::1]:5432: connect: cannot assign requested address)","time":"2022-08-30 14:36:14"}
{"caller":"/main.go:20","level":"info","msg":"logger initialized","time":"2022-08-30 14:36:16"}
{"caller":"/main.go:24","level":"info","msg":"config loading...","time":"2022-08-30 14:36:16"}
{"caller":"/main.go:31","level":"info","msg":"config loaded","time":"2022-08-30 14:36:16"}
{"caller":"/main.go:33","level":"info","msg":"database connecting....","time":"2022-08-30 14:36:16"}
{"caller":"/db/connector.go:31","level":"error","msg":"failed to connect to `host=localhost user=postgres database=postgres`: dial error (dial tcp [::1]:5432: connect: cannot assign requested address)","time":"2022-08-30 14:36:16"}
{"caller":"/main.go:38","level":"fatal","msg":"failed to connect to `host=localhost user=postgres database=postgres`: dial error (dial tcp [::1]:5432: connect: cannot assign requested address)","time":"2022-08-30 14:36:16"}
{"caller":"/main.go:20","level":"info","msg":"logger initialized","time":"2022-08-30 14:36:19"}
{"caller":"/main.go:24","level":"info","msg":"config loading...","time":"2022-08-30 14:36:19"}
{"caller":"/main.go:31","level":"info","msg":"config loaded","time":"2022-08-30 14:36:19"}
{"caller":"/main.go:33","level":"info","msg":"database connecting....","time":"2022-08-30 14:36:19"}
{"caller":"/db/connector.go:31","level":"error","msg":"failed to connect to `host=localhost user=postgres database=postgres`: dial error (dial tcp [::1]:5432: connect: cannot assign requested address)","time":"2022-08-30 14:36:20"}
{"caller":"/main.go:38","level":"fatal","msg":"failed to connect to `host=localhost user=postgres database=postgres`: dial error (dial tcp [::1]:5432: connect: cannot assign requested address)","time":"2022-08-30 14:36:20"}
{"caller":"/main.go:20","level":"info","msg":"logger initialized","time":"2022-08-30 14:36:26"}
{"caller":"/main.go:24","level":"info","msg":"config loading...","time":"2022-08-30 14:36:26"}
{"caller":"/main.go:31","level":"info","msg":"config loaded","time":"2022-08-30 14:36:26"}
{"caller":"/main.go:33","level":"info","msg":"database connecting....","time":"2022-08-30 14:36:26"}
{"caller":"/db/connector.go:31","level":"error","msg":"failed to connect to `host=localhost user=postgres database=postgres`: dial error (dial tcp [::1]:5432: connect: cannot assign requested address)","time":"2022-08-30 14:36:26"}
{"caller":"/main.go:38","level":"fatal","msg":"failed to connect to `host=localhost user=postgres database=postgres`: dial error (dial tcp [::1]:5432: connect: cannot assign requested address)","time":"2022-08-30 14:36:26"}
{"caller":"/main.go:20","level":"info","msg":"logger initialized","time":"2022-08-30 14:36:53"}
{"caller":"/main.go:24","level":"info","msg":"config loading...","time":"2022-08-30 14:36:53"}
{"caller":"/main.go:31","level":"info","msg":"config loaded","time":"2022-08-30 14:36:53"}
{"caller":"/main.go:33","level":"info","msg":"database connecting....","time":"2022-08-30 14:36:53"}
{"caller":"/main.go:48","level":"info","msg":"database connected","time":"2022-08-30 14:36:54"}
{"caller":"/main.go:66","level":"info","msg":"api server initializing","time":"2022-08-30 14:36:54"}
